{"C:\\Users\\abdal\\Graduation_Project_Backend\\src\\business\\Car\\Car.js":{"path":"C:\\Users\\abdal\\Graduation_Project_Backend\\src\\business\\Car\\Car.js","statementMap":{"0":{"start":{"line":1,"column":17},"end":{"line":1,"column":50}},"1":{"start":{"line":2,"column":22},"end":{"line":2,"column":43}},"2":{"start":{"line":4,"column":0},"end":{"line":44,"column":1}},"3":{"start":{"line":9,"column":33},"end":{"line":9,"column":71}},"4":{"start":{"line":10,"column":8},"end":{"line":11,"column":52}},"5":{"start":{"line":11,"column":12},"end":{"line":11,"column":52}},"6":{"start":{"line":16,"column":30},"end":{"line":16,"column":60}},"7":{"start":{"line":17,"column":8},"end":{"line":17,"column":29}},"8":{"start":{"line":22,"column":30},"end":{"line":22,"column":59}},"9":{"start":{"line":23,"column":8},"end":{"line":23,"column":29}},"10":{"start":{"line":28,"column":30},"end":{"line":28,"column":57}},"11":{"start":{"line":29,"column":8},"end":{"line":29,"column":29}},"12":{"start":{"line":34,"column":30},"end":{"line":34,"column":57}},"13":{"start":{"line":35,"column":8},"end":{"line":35,"column":29}},"14":{"start":{"line":40,"column":30},"end":{"line":40,"column":61}},"15":{"start":{"line":41,"column":8},"end":{"line":41,"column":29}}},"fnMap":{"0":{"name":"(anonymous_0)","decl":{"start":{"line":5,"column":4},"end":{"line":5,"column":5}},"loc":{"start":{"line":5,"column":18},"end":{"line":5,"column":20}},"line":5},"1":{"name":"(anonymous_1)","decl":{"start":{"line":7,"column":4},"end":{"line":7,"column":5}},"loc":{"start":{"line":8,"column":4},"end":{"line":12,"column":5}},"line":8},"2":{"name":"(anonymous_2)","decl":{"start":{"line":14,"column":4},"end":{"line":14,"column":5}},"loc":{"start":{"line":15,"column":4},"end":{"line":18,"column":5}},"line":15},"3":{"name":"(anonymous_3)","decl":{"start":{"line":20,"column":4},"end":{"line":20,"column":5}},"loc":{"start":{"line":21,"column":4},"end":{"line":24,"column":5}},"line":21},"4":{"name":"(anonymous_4)","decl":{"start":{"line":26,"column":4},"end":{"line":26,"column":5}},"loc":{"start":{"line":27,"column":4},"end":{"line":30,"column":5}},"line":27},"5":{"name":"(anonymous_5)","decl":{"start":{"line":32,"column":4},"end":{"line":32,"column":5}},"loc":{"start":{"line":33,"column":4},"end":{"line":36,"column":5}},"line":33},"6":{"name":"(anonymous_6)","decl":{"start":{"line":38,"column":4},"end":{"line":38,"column":5}},"loc":{"start":{"line":39,"column":4},"end":{"line":42,"column":5}},"line":39}},"branchMap":{"0":{"loc":{"start":{"line":10,"column":8},"end":{"line":11,"column":52}},"type":"if","locations":[{"start":{"line":10,"column":8},"end":{"line":11,"column":52}},{"start":{"line":10,"column":8},"end":{"line":11,"column":52}}],"line":10}},"s":{"0":1,"1":1,"2":1,"3":10,"4":10,"5":9,"6":1,"7":1,"8":3,"9":3,"10":4,"11":4,"12":1,"13":1,"14":4,"15":4},"f":{"0":2,"1":10,"2":1,"3":3,"4":4,"5":1,"6":4},"b":{"0":[9,1]},"_coverageSchema":"1a1c01bbd47fc00a2c39e90264f33305004495a9","hash":"bec449b3d2c0f1bf882272b338c63f0d1a662163","contentHash":"0beec8a57bcfeabfc7008bd84b5c9a7c806975f9c8b943bc2ac045538cc687ed"},"C:\\Users\\abdal\\Graduation_Project_Backend\\src\\models\\model\\Car.js":{"path":"C:\\Users\\abdal\\Graduation_Project_Backend\\src\\models\\model\\Car.js","statementMap":{"0":{"start":{"line":1,"column":17},"end":{"line":1,"column":36}},"1":{"start":{"line":2,"column":18},"end":{"line":2,"column":42}},"2":{"start":{"line":4,"column":16},"end":{"line":4,"column":48}},"3":{"start":{"line":6,"column":0},"end":{"line":70,"column":1}},"4":{"start":{"line":11,"column":23},"end":{"line":11,"column":64}},"5":{"start":{"line":12,"column":8},"end":{"line":15,"column":52}},"6":{"start":{"line":13,"column":12},"end":{"line":13,"column":26}},"7":{"start":{"line":15,"column":8},"end":{"line":15,"column":52}},"8":{"start":{"line":19,"column":23},"end":{"line":19,"column":111}},"9":{"start":{"line":21,"column":8},"end":{"line":24,"column":57}},"10":{"start":{"line":22,"column":12},"end":{"line":22,"column":26}},"11":{"start":{"line":24,"column":12},"end":{"line":24,"column":57}},"12":{"start":{"line":30,"column":23},"end":{"line":34,"column":21}},"13":{"start":{"line":36,"column":11},"end":{"line":39,"column":59}},"14":{"start":{"line":37,"column":16},"end":{"line":37,"column":30}},"15":{"start":{"line":39,"column":16},"end":{"line":39,"column":59}},"16":{"start":{"line":45,"column":23},"end":{"line":45,"column":80}},"17":{"start":{"line":46,"column":8},"end":{"line":49,"column":51}},"18":{"start":{"line":47,"column":12},"end":{"line":47,"column":26}},"19":{"start":{"line":49,"column":8},"end":{"line":49,"column":51}},"20":{"start":{"line":54,"column":23},"end":{"line":54,"column":57}},"21":{"start":{"line":55,"column":8},"end":{"line":58,"column":52}},"22":{"start":{"line":56,"column":12},"end":{"line":56,"column":26}},"23":{"start":{"line":58,"column":8},"end":{"line":58,"column":52}},"24":{"start":{"line":63,"column":23},"end":{"line":63,"column":46}},"25":{"start":{"line":64,"column":8},"end":{"line":67,"column":56}},"26":{"start":{"line":65,"column":8},"end":{"line":65,"column":22}},"27":{"start":{"line":67,"column":8},"end":{"line":67,"column":56}}},"fnMap":{"0":{"name":"(anonymous_0)","decl":{"start":{"line":9,"column":4},"end":{"line":9,"column":5}},"loc":{"start":{"line":10,"column":4},"end":{"line":16,"column":5}},"line":10},"1":{"name":"(anonymous_1)","decl":{"start":{"line":17,"column":4},"end":{"line":17,"column":5}},"loc":{"start":{"line":18,"column":4},"end":{"line":25,"column":5}},"line":18},"2":{"name":"(anonymous_2)","decl":{"start":{"line":27,"column":4},"end":{"line":27,"column":5}},"loc":{"start":{"line":28,"column":4},"end":{"line":41,"column":5}},"line":28},"3":{"name":"(anonymous_3)","decl":{"start":{"line":43,"column":4},"end":{"line":43,"column":5}},"loc":{"start":{"line":44,"column":4},"end":{"line":50,"column":5}},"line":44},"4":{"name":"(anonymous_4)","decl":{"start":{"line":52,"column":4},"end":{"line":52,"column":5}},"loc":{"start":{"line":53,"column":4},"end":{"line":59,"column":5}},"line":53},"5":{"name":"(anonymous_5)","decl":{"start":{"line":61,"column":4},"end":{"line":61,"column":5}},"loc":{"start":{"line":62,"column":4},"end":{"line":68,"column":5}},"line":62}},"branchMap":{"0":{"loc":{"start":{"line":12,"column":8},"end":{"line":15,"column":52}},"type":"if","locations":[{"start":{"line":12,"column":8},"end":{"line":15,"column":52}},{"start":{"line":12,"column":8},"end":{"line":15,"column":52}}],"line":12},"1":{"loc":{"start":{"line":21,"column":8},"end":{"line":24,"column":57}},"type":"if","locations":[{"start":{"line":21,"column":8},"end":{"line":24,"column":57}},{"start":{"line":21,"column":8},"end":{"line":24,"column":57}}],"line":21},"2":{"loc":{"start":{"line":36,"column":11},"end":{"line":39,"column":59}},"type":"if","locations":[{"start":{"line":36,"column":11},"end":{"line":39,"column":59}},{"start":{"line":36,"column":11},"end":{"line":39,"column":59}}],"line":36},"3":{"loc":{"start":{"line":46,"column":8},"end":{"line":49,"column":51}},"type":"if","locations":[{"start":{"line":46,"column":8},"end":{"line":49,"column":51}},{"start":{"line":46,"column":8},"end":{"line":49,"column":51}}],"line":46},"4":{"loc":{"start":{"line":55,"column":8},"end":{"line":58,"column":52}},"type":"if","locations":[{"start":{"line":55,"column":8},"end":{"line":58,"column":52}},{"start":{"line":55,"column":8},"end":{"line":58,"column":52}}],"line":55},"5":{"loc":{"start":{"line":64,"column":8},"end":{"line":67,"column":56}},"type":"if","locations":[{"start":{"line":64,"column":8},"end":{"line":67,"column":56}},{"start":{"line":64,"column":8},"end":{"line":67,"column":56}}],"line":64}},"s":{"0":1,"1":1,"2":1,"3":1,"4":1,"5":1,"6":1,"7":0,"8":4,"9":4,"10":4,"11":0,"12":1,"13":1,"14":1,"15":0,"16":4,"17":4,"18":4,"19":0,"20":3,"21":3,"22":3,"23":0,"24":0,"25":0,"26":0,"27":0},"f":{"0":1,"1":4,"2":1,"3":4,"4":3,"5":0},"b":{"0":[1,0],"1":[4,0],"2":[1,0],"3":[4,0],"4":[3,0],"5":[0,0]},"_coverageSchema":"1a1c01bbd47fc00a2c39e90264f33305004495a9","hash":"a977be559d90d071154ef7d4c3a9e61104ed8dac","contentHash":"27cc6d122bc76ffb7475a33ffceb9d27aef8224d55e6c1abe13e72dca99adb15"},"C:\\Users\\abdal\\Graduation_Project_Backend\\src\\models\\schema\\Car.js":{"path":"C:\\Users\\abdal\\Graduation_Project_Backend\\src\\models\\schema\\Car.js","statementMap":{"0":{"start":{"line":1,"column":17},"end":{"line":1,"column":36}},"1":{"start":{"line":3,"column":15},"end":{"line":3,"column":30}},"2":{"start":{"line":5,"column":12},"end":{"line":9,"column":2}},"3":{"start":{"line":11,"column":0},"end":{"line":11,"column":21}}},"fnMap":{},"branchMap":{},"s":{"0":1,"1":1,"2":1,"3":1},"f":{},"b":{},"_coverageSchema":"1a1c01bbd47fc00a2c39e90264f33305004495a9","hash":"6a4cc94e868540b98773cc5db3a9d3c6eefbef20","contentHash":"1b9bf7a6adf15ab8aa571411c94eb62a4d3a27c8b0ed9c19609e82d7b65b3c4e"},"C:\\Users\\abdal\\Graduation_Project_Backend\\src\\business\\Car\\validate.js":{"path":"C:\\Users\\abdal\\Graduation_Project_Backend\\src\\business\\Car\\validate.js","statementMap":{"0":{"start":{"line":1,"column":18},"end":{"line":1,"column":38}},"1":{"start":{"line":3,"column":0},"end":{"line":30,"column":1}},"2":{"start":{"line":8,"column":8},"end":{"line":9,"column":36}},"3":{"start":{"line":9,"column":8},"end":{"line":9,"column":36}},"4":{"start":{"line":10,"column":8},"end":{"line":11,"column":41}},"5":{"start":{"line":11,"column":12},"end":{"line":11,"column":41}},"6":{"start":{"line":13,"column":8},"end":{"line":24,"column":40}},"7":{"start":{"line":15,"column":12},"end":{"line":21,"column":40}},"8":{"start":{"line":17,"column":16},"end":{"line":18,"column":44}},"9":{"start":{"line":18,"column":16},"end":{"line":18,"column":44}},"10":{"start":{"line":21,"column":12},"end":{"line":21,"column":40}},"11":{"start":{"line":24,"column":12},"end":{"line":24,"column":40}},"12":{"start":{"line":27,"column":8},"end":{"line":27,"column":22}}},"fnMap":{"0":{"name":"(anonymous_0)","decl":{"start":{"line":5,"column":3},"end":{"line":5,"column":4}},"loc":{"start":{"line":6,"column":4},"end":{"line":28,"column":5}},"line":6}},"branchMap":{"0":{"loc":{"start":{"line":8,"column":8},"end":{"line":9,"column":36}},"type":"if","locations":[{"start":{"line":8,"column":8},"end":{"line":9,"column":36}},{"start":{"line":8,"column":8},"end":{"line":9,"column":36}}],"line":8},"1":{"loc":{"start":{"line":8,"column":11},"end":{"line":8,"column":95}},"type":"binary-expr","locations":[{"start":{"line":8,"column":11},"end":{"line":8,"column":33}},{"start":{"line":8,"column":37},"end":{"line":8,"column":95}}],"line":8},"2":{"loc":{"start":{"line":10,"column":8},"end":{"line":11,"column":41}},"type":"if","locations":[{"start":{"line":10,"column":8},"end":{"line":11,"column":41}},{"start":{"line":10,"column":8},"end":{"line":11,"column":41}}],"line":10},"3":{"loc":{"start":{"line":10,"column":11},"end":{"line":10,"column":95}},"type":"binary-expr","locations":[{"start":{"line":10,"column":11},"end":{"line":10,"column":34}},{"start":{"line":10,"column":38},"end":{"line":10,"column":95}}],"line":10},"4":{"loc":{"start":{"line":13,"column":8},"end":{"line":24,"column":40}},"type":"if","locations":[{"start":{"line":13,"column":8},"end":{"line":24,"column":40}},{"start":{"line":13,"column":8},"end":{"line":24,"column":40}}],"line":13},"5":{"loc":{"start":{"line":15,"column":12},"end":{"line":21,"column":40}},"type":"if","locations":[{"start":{"line":15,"column":12},"end":{"line":21,"column":40}},{"start":{"line":15,"column":12},"end":{"line":21,"column":40}}],"line":15},"6":{"loc":{"start":{"line":17,"column":16},"end":{"line":18,"column":44}},"type":"if","locations":[{"start":{"line":17,"column":16},"end":{"line":18,"column":44}},{"start":{"line":17,"column":16},"end":{"line":18,"column":44}}],"line":17},"7":{"loc":{"start":{"line":17,"column":19},"end":{"line":17,"column":96}},"type":"binary-expr","locations":[{"start":{"line":17,"column":19},"end":{"line":17,"column":44}},{"start":{"line":17,"column":48},"end":{"line":17,"column":96}}],"line":17}},"s":{"0":1,"1":1,"2":10,"3":3,"4":7,"5":3,"6":4,"7":4,"8":3,"9":2,"10":1,"11":0,"12":1},"f":{"0":10},"b":{"0":[3,7],"1":[10,10],"2":[3,4],"3":[7,7],"4":[4,0],"5":[3,1],"6":[2,1],"7":[3,2]},"_coverageSchema":"1a1c01bbd47fc00a2c39e90264f33305004495a9","hash":"94b3253c7b422a4a134c01f0ef410bc264bef0aa","contentHash":"1e0da32fa338876ac82fa3f165d2dcf87cb5f2509b16b16e0e8d470756fca9ed"},"C:\\Users\\abdal\\Graduation_Project_Backend\\connect.js":{"path":"C:\\Users\\abdal\\Graduation_Project_Backend\\connect.js","statementMap":{"0":{"start":{"line":1,"column":17},"end":{"line":1,"column":36}},"1":{"start":{"line":2,"column":12},"end":{"line":2,"column":97}},"2":{"start":{"line":3,"column":16},"end":{"line":3,"column":105}},"3":{"start":{"line":9,"column":2},"end":{"line":48,"column":5}},"4":{"start":{"line":10,"column":4},"end":{"line":47,"column":5}},"5":{"start":{"line":12,"column":8},"end":{"line":36,"column":65}},"6":{"start":{"line":14,"column":12},"end":{"line":14,"column":46}},"7":{"start":{"line":15,"column":12},"end":{"line":15,"column":49}},"8":{"start":{"line":16,"column":12},"end":{"line":16,"column":47}},"9":{"start":{"line":17,"column":12},"end":{"line":17,"column":52}},"10":{"start":{"line":18,"column":12},"end":{"line":18,"column":52}},"11":{"start":{"line":19,"column":12},"end":{"line":19,"column":52}},"12":{"start":{"line":20,"column":12},"end":{"line":20,"column":53}},"13":{"start":{"line":21,"column":12},"end":{"line":21,"column":51}},"14":{"start":{"line":22,"column":12},"end":{"line":22,"column":55}},"15":{"start":{"line":23,"column":12},"end":{"line":23,"column":48}},"16":{"start":{"line":24,"column":12},"end":{"line":24,"column":51}},"17":{"start":{"line":25,"column":12},"end":{"line":25,"column":49}},"18":{"start":{"line":26,"column":12},"end":{"line":26,"column":49}},"19":{"start":{"line":27,"column":12},"end":{"line":27,"column":51}},"20":{"start":{"line":28,"column":12},"end":{"line":28,"column":56}},"21":{"start":{"line":29,"column":12},"end":{"line":29,"column":49}},"22":{"start":{"line":30,"column":12},"end":{"line":30,"column":48}},"23":{"start":{"line":31,"column":12},"end":{"line":31,"column":53}},"24":{"start":{"line":33,"column":12},"end":{"line":33,"column":40}},"25":{"start":{"line":33,"column":21},"end":{"line":33,"column":40}},"26":{"start":{"line":34,"column":12},"end":{"line":34,"column":22}},"27":{"start":{"line":36,"column":22},"end":{"line":36,"column":63}},"28":{"start":{"line":40,"column":8},"end":{"line":46,"column":59}},"29":{"start":{"line":42,"column":10},"end":{"line":42,"column":40}},"30":{"start":{"line":43,"column":10},"end":{"line":43,"column":38}},"31":{"start":{"line":43,"column":19},"end":{"line":43,"column":38}},"32":{"start":{"line":44,"column":10},"end":{"line":44,"column":20}},"33":{"start":{"line":46,"column":20},"end":{"line":46,"column":57}},"34":{"start":{"line":53,"column":2},"end":{"line":53,"column":31}},"35":{"start":{"line":56,"column":0},"end":{"line":56,"column":36}}},"fnMap":{"0":{"name":"connect","decl":{"start":{"line":8,"column":9},"end":{"line":8,"column":16}},"loc":{"start":{"line":8,"column":19},"end":{"line":49,"column":1}},"line":8},"1":{"name":"(anonymous_1)","decl":{"start":{"line":9,"column":21},"end":{"line":9,"column":22}},"loc":{"start":{"line":9,"column":42},"end":{"line":48,"column":3}},"line":9},"2":{"name":"(anonymous_2)","decl":{"start":{"line":13,"column":14},"end":{"line":13,"column":15}},"loc":{"start":{"line":13,"column":28},"end":{"line":35,"column":9}},"line":13},"3":{"name":"(anonymous_3)","decl":{"start":{"line":36,"column":15},"end":{"line":36,"column":16}},"loc":{"start":{"line":36,"column":22},"end":{"line":36,"column":63}},"line":36},"4":{"name":"(anonymous_4)","decl":{"start":{"line":41,"column":14},"end":{"line":41,"column":15}},"loc":{"start":{"line":41,"column":28},"end":{"line":45,"column":7}},"line":41},"5":{"name":"(anonymous_5)","decl":{"start":{"line":46,"column":13},"end":{"line":46,"column":14}},"loc":{"start":{"line":46,"column":20},"end":{"line":46,"column":57}},"line":46},"6":{"name":"close","decl":{"start":{"line":51,"column":9},"end":{"line":51,"column":14}},"loc":{"start":{"line":52,"column":0},"end":{"line":54,"column":1}},"line":52}},"branchMap":{"0":{"loc":{"start":{"line":10,"column":4},"end":{"line":47,"column":5}},"type":"if","locations":[{"start":{"line":10,"column":4},"end":{"line":47,"column":5}},{"start":{"line":10,"column":4},"end":{"line":47,"column":5}}],"line":10},"1":{"loc":{"start":{"line":33,"column":12},"end":{"line":33,"column":40}},"type":"if","locations":[{"start":{"line":33,"column":12},"end":{"line":33,"column":40}},{"start":{"line":33,"column":12},"end":{"line":33,"column":40}}],"line":33},"2":{"loc":{"start":{"line":43,"column":10},"end":{"line":43,"column":38}},"type":"if","locations":[{"start":{"line":43,"column":10},"end":{"line":43,"column":38}},{"start":{"line":43,"column":10},"end":{"line":43,"column":38}}],"line":43}},"s":{"0":1,"1":1,"2":1,"3":13,"4":13,"5":13,"6":13,"7":13,"8":13,"9":13,"10":13,"11":13,"12":13,"13":13,"14":13,"15":13,"16":13,"17":13,"18":13,"19":13,"20":13,"21":13,"22":13,"23":13,"24":13,"25":0,"26":13,"27":0,"28":0,"29":0,"30":0,"31":0,"32":0,"33":0,"34":0,"35":1},"f":{"0":13,"1":13,"2":13,"3":0,"4":0,"5":0,"6":0},"b":{"0":[13,0],"1":[0,13],"2":[0,0]},"_coverageSchema":"1a1c01bbd47fc00a2c39e90264f33305004495a9","hash":"9051952c7f79996ed75ccdfd9acc85182d73ca03","contentHash":"bc03598ce61be2fad75481881c4c36810109f0422f5ad56338b65c797c2e4aef"},"C:\\Users\\abdal\\Graduation_Project_Backend\\src\\business\\CarOwner\\CarOwner.js":{"path":"C:\\Users\\abdal\\Graduation_Project_Backend\\src\\business\\CarOwner\\CarOwner.js","statementMap":{"0":{"start":{"line":1,"column":22},"end":{"line":1,"column":60}},"1":{"start":{"line":2,"column":0},"end":{"line":117,"column":1}},"2":{"start":{"line":7,"column":30},"end":{"line":10,"column":10}},"3":{"start":{"line":11,"column":8},"end":{"line":11,"column":29}},"4":{"start":{"line":15,"column":30},"end":{"line":18,"column":10}},"5":{"start":{"line":19,"column":8},"end":{"line":19,"column":29}},"6":{"start":{"line":23,"column":30},"end":{"line":26,"column":10}},"7":{"start":{"line":27,"column":8},"end":{"line":27,"column":29}},"8":{"start":{"line":31,"column":23},"end":{"line":31,"column":65}},"9":{"start":{"line":32,"column":8},"end":{"line":32,"column":22}},"10":{"start":{"line":36,"column":23},"end":{"line":36,"column":68}},"11":{"start":{"line":37,"column":8},"end":{"line":37,"column":22}},"12":{"start":{"line":41,"column":23},"end":{"line":43,"column":10}},"13":{"start":{"line":44,"column":8},"end":{"line":44,"column":22}},"14":{"start":{"line":48,"column":23},"end":{"line":50,"column":10}},"15":{"start":{"line":51,"column":8},"end":{"line":51,"column":22}},"16":{"start":{"line":55,"column":23},"end":{"line":57,"column":10}},"17":{"start":{"line":58,"column":8},"end":{"line":58,"column":22}},"18":{"start":{"line":62,"column":23},"end":{"line":62,"column":56}},"19":{"start":{"line":63,"column":8},"end":{"line":63,"column":22}},"20":{"start":{"line":67,"column":30},"end":{"line":70,"column":10}},"21":{"start":{"line":71,"column":8},"end":{"line":71,"column":29}},"22":{"start":{"line":76,"column":23},"end":{"line":79,"column":10}},"23":{"start":{"line":87,"column":8},"end":{"line":87,"column":22}},"24":{"start":{"line":90,"column":23},"end":{"line":92,"column":10}},"25":{"start":{"line":93,"column":8},"end":{"line":93,"column":22}},"26":{"start":{"line":97,"column":23},"end":{"line":100,"column":10}},"27":{"start":{"line":101,"column":8},"end":{"line":101,"column":22}},"28":{"start":{"line":105,"column":23},"end":{"line":107,"column":10}},"29":{"start":{"line":108,"column":8},"end":{"line":108,"column":22}},"30":{"start":{"line":114,"column":30},"end":{"line":114,"column":76}},"31":{"start":{"line":115,"column":8},"end":{"line":115,"column":29}}},"fnMap":{"0":{"name":"(anonymous_0)","decl":{"start":{"line":4,"column":4},"end":{"line":4,"column":5}},"loc":{"start":{"line":4,"column":18},"end":{"line":4,"column":20}},"line":4},"1":{"name":"(anonymous_1)","decl":{"start":{"line":6,"column":4},"end":{"line":6,"column":5}},"loc":{"start":{"line":6,"column":33},"end":{"line":12,"column":5}},"line":6},"2":{"name":"(anonymous_2)","decl":{"start":{"line":14,"column":4},"end":{"line":14,"column":5}},"loc":{"start":{"line":14,"column":38},"end":{"line":20,"column":5}},"line":14},"3":{"name":"(anonymous_3)","decl":{"start":{"line":22,"column":4},"end":{"line":22,"column":5}},"loc":{"start":{"line":22,"column":41},"end":{"line":28,"column":5}},"line":22},"4":{"name":"(anonymous_4)","decl":{"start":{"line":30,"column":4},"end":{"line":30,"column":5}},"loc":{"start":{"line":30,"column":33},"end":{"line":33,"column":5}},"line":30},"5":{"name":"(anonymous_5)","decl":{"start":{"line":35,"column":4},"end":{"line":35,"column":5}},"loc":{"start":{"line":35,"column":36},"end":{"line":38,"column":5}},"line":35},"6":{"name":"(anonymous_6)","decl":{"start":{"line":40,"column":4},"end":{"line":40,"column":5}},"loc":{"start":{"line":40,"column":31},"end":{"line":45,"column":5}},"line":40},"7":{"name":"(anonymous_7)","decl":{"start":{"line":47,"column":4},"end":{"line":47,"column":5}},"loc":{"start":{"line":47,"column":28},"end":{"line":52,"column":5}},"line":47},"8":{"name":"(anonymous_8)","decl":{"start":{"line":54,"column":4},"end":{"line":54,"column":5}},"loc":{"start":{"line":54,"column":32},"end":{"line":59,"column":5}},"line":54},"9":{"name":"(anonymous_9)","decl":{"start":{"line":61,"column":4},"end":{"line":61,"column":5}},"loc":{"start":{"line":61,"column":24},"end":{"line":64,"column":5}},"line":61},"10":{"name":"(anonymous_10)","decl":{"start":{"line":66,"column":4},"end":{"line":66,"column":5}},"loc":{"start":{"line":66,"column":35},"end":{"line":72,"column":5}},"line":66},"11":{"name":"(anonymous_11)","decl":{"start":{"line":74,"column":4},"end":{"line":74,"column":5}},"loc":{"start":{"line":74,"column":37},"end":{"line":88,"column":5}},"line":74},"12":{"name":"(anonymous_12)","decl":{"start":{"line":89,"column":4},"end":{"line":89,"column":5}},"loc":{"start":{"line":89,"column":30},"end":{"line":94,"column":5}},"line":89},"13":{"name":"(anonymous_13)","decl":{"start":{"line":96,"column":4},"end":{"line":96,"column":5}},"loc":{"start":{"line":96,"column":34},"end":{"line":102,"column":5}},"line":96},"14":{"name":"(anonymous_14)","decl":{"start":{"line":104,"column":4},"end":{"line":104,"column":5}},"loc":{"start":{"line":104,"column":22},"end":{"line":109,"column":5}},"line":104},"15":{"name":"(anonymous_15)","decl":{"start":{"line":112,"column":4},"end":{"line":112,"column":5}},"loc":{"start":{"line":113,"column":4},"end":{"line":116,"column":5}},"line":113}},"branchMap":{},"s":{"0":1,"1":1,"2":3,"3":3,"4":1,"5":1,"6":1,"7":1,"8":1,"9":1,"10":0,"11":0,"12":0,"13":0,"14":0,"15":0,"16":3,"17":3,"18":0,"19":0,"20":0,"21":0,"22":0,"23":0,"24":0,"25":0,"26":0,"27":0,"28":0,"29":0,"30":1,"31":1},"f":{"0":2,"1":3,"2":1,"3":1,"4":1,"5":0,"6":0,"7":0,"8":3,"9":0,"10":0,"11":0,"12":0,"13":0,"14":0,"15":1},"b":{},"_coverageSchema":"1a1c01bbd47fc00a2c39e90264f33305004495a9","hash":"939f006c8e02129ee214d851bbc142e1ef9c0bd0","contentHash":"866fdc5fc63d4c849b4f96dfbf544ee53cae43fc41a9d71514b6a80c6142dc8a"},"C:\\Users\\abdal\\Graduation_Project_Backend\\src\\models\\model\\CarOwner.js":{"path":"C:\\Users\\abdal\\Graduation_Project_Backend\\src\\models\\model\\CarOwner.js","statementMap":{"0":{"start":{"line":1,"column":17},"end":{"line":1,"column":36}},"1":{"start":{"line":2,"column":23},"end":{"line":2,"column":52}},"2":{"start":{"line":3,"column":21},"end":{"line":3,"column":63}},"3":{"start":{"line":5,"column":0},"end":{"line":225,"column":2}},"4":{"start":{"line":7,"column":23},"end":{"line":7,"column":50}},"5":{"start":{"line":9,"column":8},"end":{"line":15,"column":9}},"6":{"start":{"line":10,"column":12},"end":{"line":10,"column":26}},"7":{"start":{"line":12,"column":12},"end":{"line":14,"column":14}},"8":{"start":{"line":19,"column":23},"end":{"line":23,"column":10}},"9":{"start":{"line":25,"column":8},"end":{"line":31,"column":9}},"10":{"start":{"line":26,"column":12},"end":{"line":26,"column":26}},"11":{"start":{"line":28,"column":12},"end":{"line":30,"column":14}},"12":{"start":{"line":35,"column":23},"end":{"line":37,"column":10}},"13":{"start":{"line":39,"column":8},"end":{"line":45,"column":9}},"14":{"start":{"line":40,"column":12},"end":{"line":40,"column":26}},"15":{"start":{"line":42,"column":12},"end":{"line":44,"column":14}},"16":{"start":{"line":49,"column":23},"end":{"line":51,"column":10}},"17":{"start":{"line":52,"column":8},"end":{"line":57,"column":14}},"18":{"start":{"line":53,"column":12},"end":{"line":53,"column":26}},"19":{"start":{"line":55,"column":12},"end":{"line":57,"column":14}},"20":{"start":{"line":61,"column":23},"end":{"line":63,"column":10}},"21":{"start":{"line":64,"column":8},"end":{"line":69,"column":14}},"22":{"start":{"line":65,"column":12},"end":{"line":65,"column":26}},"23":{"start":{"line":67,"column":12},"end":{"line":69,"column":14}},"24":{"start":{"line":73,"column":23},"end":{"line":73,"column":51}},"25":{"start":{"line":75,"column":8},"end":{"line":80,"column":14}},"26":{"start":{"line":76,"column":12},"end":{"line":76,"column":26}},"27":{"start":{"line":78,"column":12},"end":{"line":80,"column":14}},"28":{"start":{"line":84,"column":23},"end":{"line":84,"column":122}},"29":{"start":{"line":85,"column":8},"end":{"line":88,"column":67}},"30":{"start":{"line":86,"column":12},"end":{"line":86,"column":26}},"31":{"start":{"line":88,"column":12},"end":{"line":88,"column":67}},"32":{"start":{"line":93,"column":23},"end":{"line":97,"column":9}},"33":{"start":{"line":98,"column":8},"end":{"line":101,"column":71}},"34":{"start":{"line":99,"column":12},"end":{"line":99,"column":26}},"35":{"start":{"line":101,"column":12},"end":{"line":101,"column":71}},"36":{"start":{"line":105,"column":23},"end":{"line":108,"column":9}},"37":{"start":{"line":109,"column":8},"end":{"line":112,"column":75}},"38":{"start":{"line":110,"column":12},"end":{"line":110,"column":26}},"39":{"start":{"line":112,"column":12},"end":{"line":112,"column":75}},"40":{"start":{"line":116,"column":21},"end":{"line":116,"column":25}},"41":{"start":{"line":117,"column":8},"end":{"line":129,"column":11}},"42":{"start":{"line":120,"column":12},"end":{"line":120,"column":50}},"43":{"start":{"line":125,"column":12},"end":{"line":125,"column":34}},"44":{"start":{"line":131,"column":8},"end":{"line":136,"column":14}},"45":{"start":{"line":132,"column":12},"end":{"line":132,"column":26}},"46":{"start":{"line":134,"column":12},"end":{"line":136,"column":14}},"47":{"start":{"line":140,"column":21},"end":{"line":140,"column":25}},"48":{"start":{"line":141,"column":8},"end":{"line":150,"column":11}},"49":{"start":{"line":144,"column":12},"end":{"line":148,"column":13}},"50":{"start":{"line":145,"column":16},"end":{"line":145,"column":46}},"51":{"start":{"line":146,"column":16},"end":{"line":146,"column":49}},"52":{"start":{"line":147,"column":16},"end":{"line":147,"column":51}},"53":{"start":{"line":152,"column":8},"end":{"line":157,"column":14}},"54":{"start":{"line":153,"column":12},"end":{"line":153,"column":26}},"55":{"start":{"line":155,"column":12},"end":{"line":157,"column":14}},"56":{"start":{"line":161,"column":21},"end":{"line":161,"column":25}},"57":{"start":{"line":162,"column":8},"end":{"line":177,"column":15}},"58":{"start":{"line":169,"column":28},"end":{"line":169,"column":64}},"59":{"start":{"line":170,"column":16},"end":{"line":175,"column":17}},"60":{"start":{"line":173,"column":20},"end":{"line":173,"column":51}},"61":{"start":{"line":174,"column":20},"end":{"line":174,"column":43}},"62":{"start":{"line":179,"column":8},"end":{"line":184,"column":14}},"63":{"start":{"line":180,"column":12},"end":{"line":180,"column":26}},"64":{"start":{"line":182,"column":12},"end":{"line":184,"column":14}},"65":{"start":{"line":188,"column":21},"end":{"line":188,"column":25}},"66":{"start":{"line":189,"column":8},"end":{"line":200,"column":11}},"67":{"start":{"line":199,"column":12},"end":{"line":199,"column":55}},"68":{"start":{"line":202,"column":8},"end":{"line":207,"column":14}},"69":{"start":{"line":203,"column":12},"end":{"line":203,"column":26}},"70":{"start":{"line":205,"column":12},"end":{"line":207,"column":14}}},"fnMap":{"0":{"name":"(anonymous_0)","decl":{"start":{"line":6,"column":4},"end":{"line":6,"column":5}},"loc":{"start":{"line":6,"column":26},"end":{"line":16,"column":5}},"line":6},"1":{"name":"(anonymous_1)","decl":{"start":{"line":18,"column":4},"end":{"line":18,"column":5}},"loc":{"start":{"line":18,"column":26},"end":{"line":32,"column":5}},"line":18},"2":{"name":"(anonymous_2)","decl":{"start":{"line":34,"column":4},"end":{"line":34,"column":5}},"loc":{"start":{"line":34,"column":26},"end":{"line":46,"column":5}},"line":34},"3":{"name":"(anonymous_3)","decl":{"start":{"line":48,"column":4},"end":{"line":48,"column":5}},"loc":{"start":{"line":48,"column":23},"end":{"line":58,"column":5}},"line":48},"4":{"name":"(anonymous_4)","decl":{"start":{"line":60,"column":4},"end":{"line":60,"column":5}},"loc":{"start":{"line":60,"column":31},"end":{"line":70,"column":5}},"line":60},"5":{"name":"(anonymous_5)","decl":{"start":{"line":72,"column":4},"end":{"line":72,"column":5}},"loc":{"start":{"line":72,"column":24},"end":{"line":81,"column":5}},"line":72},"6":{"name":"(anonymous_6)","decl":{"start":{"line":83,"column":4},"end":{"line":83,"column":5}},"loc":{"start":{"line":83,"column":28},"end":{"line":89,"column":5}},"line":83},"7":{"name":"(anonymous_7)","decl":{"start":{"line":91,"column":4},"end":{"line":91,"column":5}},"loc":{"start":{"line":92,"column":4},"end":{"line":102,"column":5}},"line":92},"8":{"name":"(anonymous_8)","decl":{"start":{"line":103,"column":4},"end":{"line":103,"column":5}},"loc":{"start":{"line":104,"column":4},"end":{"line":113,"column":5}},"line":104},"9":{"name":"(anonymous_9)","decl":{"start":{"line":115,"column":4},"end":{"line":115,"column":5}},"loc":{"start":{"line":115,"column":26},"end":{"line":137,"column":5}},"line":115},"10":{"name":"(anonymous_10)","decl":{"start":{"line":119,"column":41},"end":{"line":119,"column":42}},"loc":{"start":{"line":119,"column":52},"end":{"line":129,"column":9}},"line":119},"11":{"name":"(anonymous_11)","decl":{"start":{"line":139,"column":4},"end":{"line":139,"column":5}},"loc":{"start":{"line":139,"column":35},"end":{"line":158,"column":5}},"line":139},"12":{"name":"(anonymous_12)","decl":{"start":{"line":143,"column":41},"end":{"line":143,"column":42}},"loc":{"start":{"line":143,"column":52},"end":{"line":150,"column":9}},"line":143},"13":{"name":"(anonymous_13)","decl":{"start":{"line":160,"column":4},"end":{"line":160,"column":5}},"loc":{"start":{"line":160,"column":29},"end":{"line":185,"column":5}},"line":160},"14":{"name":"(anonymous_14)","decl":{"start":{"line":168,"column":18},"end":{"line":168,"column":19}},"loc":{"start":{"line":168,"column":28},"end":{"line":177,"column":13}},"line":168},"15":{"name":"(anonymous_15)","decl":{"start":{"line":187,"column":4},"end":{"line":187,"column":5}},"loc":{"start":{"line":187,"column":26},"end":{"line":208,"column":5}},"line":187},"16":{"name":"(anonymous_16)","decl":{"start":{"line":198,"column":14},"end":{"line":198,"column":15}},"loc":{"start":{"line":198,"column":24},"end":{"line":200,"column":9}},"line":198}},"branchMap":{"0":{"loc":{"start":{"line":9,"column":8},"end":{"line":15,"column":9}},"type":"if","locations":[{"start":{"line":9,"column":8},"end":{"line":15,"column":9}},{"start":{"line":9,"column":8},"end":{"line":15,"column":9}}],"line":9},"1":{"loc":{"start":{"line":25,"column":8},"end":{"line":31,"column":9}},"type":"if","locations":[{"start":{"line":25,"column":8},"end":{"line":31,"column":9}},{"start":{"line":25,"column":8},"end":{"line":31,"column":9}}],"line":25},"2":{"loc":{"start":{"line":39,"column":8},"end":{"line":45,"column":9}},"type":"if","locations":[{"start":{"line":39,"column":8},"end":{"line":45,"column":9}},{"start":{"line":39,"column":8},"end":{"line":45,"column":9}}],"line":39},"3":{"loc":{"start":{"line":52,"column":8},"end":{"line":57,"column":14}},"type":"if","locations":[{"start":{"line":52,"column":8},"end":{"line":57,"column":14}},{"start":{"line":52,"column":8},"end":{"line":57,"column":14}}],"line":52},"4":{"loc":{"start":{"line":64,"column":8},"end":{"line":69,"column":14}},"type":"if","locations":[{"start":{"line":64,"column":8},"end":{"line":69,"column":14}},{"start":{"line":64,"column":8},"end":{"line":69,"column":14}}],"line":64},"5":{"loc":{"start":{"line":75,"column":8},"end":{"line":80,"column":14}},"type":"if","locations":[{"start":{"line":75,"column":8},"end":{"line":80,"column":14}},{"start":{"line":75,"column":8},"end":{"line":80,"column":14}}],"line":75},"6":{"loc":{"start":{"line":85,"column":8},"end":{"line":88,"column":67}},"type":"if","locations":[{"start":{"line":85,"column":8},"end":{"line":88,"column":67}},{"start":{"line":85,"column":8},"end":{"line":88,"column":67}}],"line":85},"7":{"loc":{"start":{"line":98,"column":8},"end":{"line":101,"column":71}},"type":"if","locations":[{"start":{"line":98,"column":8},"end":{"line":101,"column":71}},{"start":{"line":98,"column":8},"end":{"line":101,"column":71}}],"line":98},"8":{"loc":{"start":{"line":109,"column":8},"end":{"line":112,"column":75}},"type":"if","locations":[{"start":{"line":109,"column":8},"end":{"line":112,"column":75}},{"start":{"line":109,"column":8},"end":{"line":112,"column":75}}],"line":109},"9":{"loc":{"start":{"line":131,"column":8},"end":{"line":136,"column":14}},"type":"if","locations":[{"start":{"line":131,"column":8},"end":{"line":136,"column":14}},{"start":{"line":131,"column":8},"end":{"line":136,"column":14}}],"line":131},"10":{"loc":{"start":{"line":144,"column":12},"end":{"line":148,"column":13}},"type":"if","locations":[{"start":{"line":144,"column":12},"end":{"line":148,"column":13}},{"start":{"line":144,"column":12},"end":{"line":148,"column":13}}],"line":144},"11":{"loc":{"start":{"line":152,"column":8},"end":{"line":157,"column":14}},"type":"if","locations":[{"start":{"line":152,"column":8},"end":{"line":157,"column":14}},{"start":{"line":152,"column":8},"end":{"line":157,"column":14}}],"line":152},"12":{"loc":{"start":{"line":170,"column":16},"end":{"line":175,"column":17}},"type":"if","locations":[{"start":{"line":170,"column":16},"end":{"line":175,"column":17}},{"start":{"line":170,"column":16},"end":{"line":175,"column":17}}],"line":170},"13":{"loc":{"start":{"line":179,"column":8},"end":{"line":184,"column":14}},"type":"if","locations":[{"start":{"line":179,"column":8},"end":{"line":184,"column":14}},{"start":{"line":179,"column":8},"end":{"line":184,"column":14}}],"line":179},"14":{"loc":{"start":{"line":202,"column":8},"end":{"line":207,"column":14}},"type":"if","locations":[{"start":{"line":202,"column":8},"end":{"line":207,"column":14}},{"start":{"line":202,"column":8},"end":{"line":207,"column":14}}],"line":202}},"s":{"0":1,"1":1,"2":1,"3":1,"4":1,"5":1,"6":1,"7":0,"8":0,"9":0,"10":0,"11":0,"12":1,"13":1,"14":1,"15":0,"16":0,"17":0,"18":0,"19":0,"20":3,"21":3,"22":3,"23":0,"24":0,"25":0,"26":0,"27":0,"28":3,"29":3,"30":3,"31":0,"32":1,"33":1,"34":1,"35":0,"36":1,"37":1,"38":1,"39":0,"40":0,"41":0,"42":0,"43":0,"44":0,"45":0,"46":0,"47":0,"48":0,"49":0,"50":0,"51":0,"52":0,"53":0,"54":0,"55":0,"56":0,"57":0,"58":0,"59":0,"60":0,"61":0,"62":0,"63":0,"64":0,"65":0,"66":0,"67":0,"68":0,"69":0,"70":0},"f":{"0":1,"1":0,"2":1,"3":0,"4":3,"5":0,"6":3,"7":1,"8":1,"9":0,"10":0,"11":0,"12":0,"13":0,"14":0,"15":0,"16":0},"b":{"0":[1,0],"1":[0,0],"2":[1,0],"3":[0,0],"4":[3,0],"5":[0,0],"6":[3,0],"7":[1,0],"8":[1,0],"9":[0,0],"10":[0,0],"11":[0,0],"12":[0,0],"13":[0,0],"14":[0,0]},"_coverageSchema":"1a1c01bbd47fc00a2c39e90264f33305004495a9","hash":"248127416ad744e6623a7aa25a6782ebd3d403e4","contentHash":"99c7920c3d657351721b14b9b0db77418ac688b9e77bbd2052873f1d6850effc"},"C:\\Users\\abdal\\Graduation_Project_Backend\\src\\models\\schema\\CarOwner.js":{"path":"C:\\Users\\abdal\\Graduation_Project_Backend\\src\\models\\schema\\CarOwner.js","statementMap":{"0":{"start":{"line":1,"column":17},"end":{"line":1,"column":36}},"1":{"start":{"line":3,"column":13},"end":{"line":3,"column":30}},"2":{"start":{"line":4,"column":12},"end":{"line":4,"column":28}},"3":{"start":{"line":5,"column":14},"end":{"line":5,"column":32}},"4":{"start":{"line":6,"column":21},"end":{"line":6,"column":46}},"5":{"start":{"line":9,"column":15},"end":{"line":9,"column":30}},"6":{"start":{"line":11,"column":17},"end":{"line":28,"column":2}},"7":{"start":{"line":30,"column":0},"end":{"line":30,"column":26}}},"fnMap":{},"branchMap":{},"s":{"0":1,"1":1,"2":1,"3":1,"4":1,"5":1,"6":1,"7":1},"f":{},"b":{},"_coverageSchema":"1a1c01bbd47fc00a2c39e90264f33305004495a9","hash":"50fed8fdc6e2420f9c531027624dcae856c8dd7e","contentHash":"71160604b8b4b3c39ccc0d7e0c8bef4a94e693c78787481f1570af3d824186b5"},"C:\\Users\\abdal\\Graduation_Project_Backend\\src\\models\\schema\\User.js":{"path":"C:\\Users\\abdal\\Graduation_Project_Backend\\src\\models\\schema\\User.js","statementMap":{"0":{"start":{"line":1,"column":17},"end":{"line":1,"column":36}},"1":{"start":{"line":3,"column":15},"end":{"line":3,"column":30}},"2":{"start":{"line":5,"column":13},"end":{"line":59,"column":2}},"3":{"start":{"line":62,"column":0},"end":{"line":62,"column":22}}},"fnMap":{},"branchMap":{},"s":{"0":1,"1":1,"2":1,"3":1},"f":{},"b":{},"_coverageSchema":"1a1c01bbd47fc00a2c39e90264f33305004495a9","hash":"2e7713bbc0f323e9aa5650dc93e0d9ea01b35cdc","contentHash":"b412f28c9218fe5925cdc9682507c186ca85084ecf1c32ca0deb0f503ff1bc35"},"C:\\Users\\abdal\\Graduation_Project_Backend\\src\\models\\schema\\Order.js":{"path":"C:\\Users\\abdal\\Graduation_Project_Backend\\src\\models\\schema\\Order.js","statementMap":{"0":{"start":{"line":1,"column":17},"end":{"line":1,"column":36}},"1":{"start":{"line":3,"column":21},"end":{"line":3,"column":46}},"2":{"start":{"line":5,"column":15},"end":{"line":5,"column":30}},"3":{"start":{"line":7,"column":14},"end":{"line":32,"column":2}},"4":{"start":{"line":34,"column":0},"end":{"line":34,"column":23}}},"fnMap":{},"branchMap":{},"s":{"0":1,"1":1,"2":1,"3":1,"4":1},"f":{},"b":{},"_coverageSchema":"1a1c01bbd47fc00a2c39e90264f33305004495a9","hash":"5b53440c2d876db0f6551ada8684890c0559e663","contentHash":"a38344cfd22fe624a492568939a64df024a181bd7f3e1a0a8e0c909a234e665c"},"C:\\Users\\abdal\\Graduation_Project_Backend\\src\\models\\schema\\ShoppingCart.js":{"path":"C:\\Users\\abdal\\Graduation_Project_Backend\\src\\models\\schema\\ShoppingCart.js","statementMap":{"0":{"start":{"line":1,"column":17},"end":{"line":1,"column":36}},"1":{"start":{"line":3,"column":17},"end":{"line":3,"column":38}},"2":{"start":{"line":5,"column":15},"end":{"line":5,"column":30}},"3":{"start":{"line":7,"column":21},"end":{"line":13,"column":2}},"4":{"start":{"line":16,"column":0},"end":{"line":16,"column":30}}},"fnMap":{},"branchMap":{},"s":{"0":1,"1":1,"2":1,"3":1,"4":1},"f":{},"b":{},"_coverageSchema":"1a1c01bbd47fc00a2c39e90264f33305004495a9","hash":"cf869685d7194437e7d8e33e49120b56d6abc57a","contentHash":"3aa1dfe5731d861452c91ef5beee5a99e3f93f5d62eb53ca54a4d55dac204eff"},"C:\\Users\\abdal\\Graduation_Project_Backend\\src\\models\\schema\\CartItem.js":{"path":"C:\\Users\\abdal\\Graduation_Project_Backend\\src\\models\\schema\\CartItem.js","statementMap":{"0":{"start":{"line":1,"column":17},"end":{"line":1,"column":36}},"1":{"start":{"line":3,"column":15},"end":{"line":3,"column":30}},"2":{"start":{"line":5,"column":17},"end":{"line":21,"column":2}},"3":{"start":{"line":23,"column":0},"end":{"line":23,"column":26}}},"fnMap":{},"branchMap":{},"s":{"0":1,"1":1,"2":1,"3":1},"f":{},"b":{},"_coverageSchema":"1a1c01bbd47fc00a2c39e90264f33305004495a9","hash":"39b90226a75348a0608a7d26eb8e4ddec322d5a6","contentHash":"ec796a5b2fc4c71e4429d91485501ceab1b9ad2be803e784474bdfd53dac811e"},"C:\\Users\\abdal\\Graduation_Project_Backend\\src\\business\\Category\\Category.js":{"path":"C:\\Users\\abdal\\Graduation_Project_Backend\\src\\business\\Category\\Category.js","statementMap":{"0":{"start":{"line":1,"column":22},"end":{"line":1,"column":60}},"1":{"start":{"line":2,"column":21},"end":{"line":2,"column":58}},"2":{"start":{"line":3,"column":27},"end":{"line":3,"column":48}},"3":{"start":{"line":5,"column":0},"end":{"line":91,"column":1}},"4":{"start":{"line":11,"column":30},"end":{"line":11,"column":75}},"5":{"start":{"line":12,"column":8},"end":{"line":12,"column":29}},"6":{"start":{"line":17,"column":33},"end":{"line":17,"column":86}},"7":{"start":{"line":18,"column":8},"end":{"line":19,"column":52}},"8":{"start":{"line":19,"column":12},"end":{"line":19,"column":52}},"9":{"start":{"line":24,"column":30},"end":{"line":24,"column":72}},"10":{"start":{"line":25,"column":8},"end":{"line":25,"column":29}},"11":{"start":{"line":38,"column":30},"end":{"line":38,"column":72}},"12":{"start":{"line":39,"column":8},"end":{"line":39,"column":29}},"13":{"start":{"line":44,"column":30},"end":{"line":44,"column":76}},"14":{"start":{"line":45,"column":8},"end":{"line":45,"column":29}},"15":{"start":{"line":50,"column":30},"end":{"line":50,"column":88}},"16":{"start":{"line":51,"column":8},"end":{"line":51,"column":29}},"17":{"start":{"line":56,"column":30},"end":{"line":56,"column":78}},"18":{"start":{"line":57,"column":8},"end":{"line":57,"column":29}},"19":{"start":{"line":62,"column":30},"end":{"line":62,"column":91}},"20":{"start":{"line":63,"column":8},"end":{"line":63,"column":29}},"21":{"start":{"line":68,"column":30},"end":{"line":68,"column":94}},"22":{"start":{"line":69,"column":8},"end":{"line":69,"column":29}},"23":{"start":{"line":74,"column":30},"end":{"line":74,"column":83}},"24":{"start":{"line":75,"column":8},"end":{"line":75,"column":29}},"25":{"start":{"line":80,"column":30},"end":{"line":80,"column":114}},"26":{"start":{"line":81,"column":8},"end":{"line":81,"column":29}},"27":{"start":{"line":86,"column":23},"end":{"line":88,"column":10}},"28":{"start":{"line":89,"column":8},"end":{"line":89,"column":22}}},"fnMap":{"0":{"name":"(anonymous_0)","decl":{"start":{"line":7,"column":4},"end":{"line":7,"column":5}},"loc":{"start":{"line":7,"column":18},"end":{"line":7,"column":20}},"line":7},"1":{"name":"(anonymous_1)","decl":{"start":{"line":9,"column":4},"end":{"line":9,"column":5}},"loc":{"start":{"line":10,"column":4},"end":{"line":13,"column":5}},"line":10},"2":{"name":"(anonymous_2)","decl":{"start":{"line":15,"column":4},"end":{"line":15,"column":5}},"loc":{"start":{"line":16,"column":4},"end":{"line":20,"column":5}},"line":16},"3":{"name":"(anonymous_3)","decl":{"start":{"line":22,"column":4},"end":{"line":22,"column":5}},"loc":{"start":{"line":23,"column":4},"end":{"line":26,"column":5}},"line":23},"4":{"name":"(anonymous_4)","decl":{"start":{"line":36,"column":4},"end":{"line":36,"column":5}},"loc":{"start":{"line":37,"column":4},"end":{"line":40,"column":5}},"line":37},"5":{"name":"(anonymous_5)","decl":{"start":{"line":42,"column":4},"end":{"line":42,"column":5}},"loc":{"start":{"line":43,"column":4},"end":{"line":46,"column":5}},"line":43},"6":{"name":"(anonymous_6)","decl":{"start":{"line":48,"column":4},"end":{"line":48,"column":5}},"loc":{"start":{"line":49,"column":4},"end":{"line":52,"column":5}},"line":49},"7":{"name":"(anonymous_7)","decl":{"start":{"line":54,"column":4},"end":{"line":54,"column":5}},"loc":{"start":{"line":55,"column":4},"end":{"line":58,"column":5}},"line":55},"8":{"name":"(anonymous_8)","decl":{"start":{"line":60,"column":4},"end":{"line":60,"column":5}},"loc":{"start":{"line":61,"column":4},"end":{"line":64,"column":5}},"line":61},"9":{"name":"(anonymous_9)","decl":{"start":{"line":66,"column":4},"end":{"line":66,"column":5}},"loc":{"start":{"line":67,"column":4},"end":{"line":70,"column":5}},"line":67},"10":{"name":"(anonymous_10)","decl":{"start":{"line":72,"column":4},"end":{"line":72,"column":5}},"loc":{"start":{"line":73,"column":4},"end":{"line":76,"column":5}},"line":73},"11":{"name":"(anonymous_11)","decl":{"start":{"line":78,"column":4},"end":{"line":78,"column":5}},"loc":{"start":{"line":79,"column":4},"end":{"line":82,"column":5}},"line":79},"12":{"name":"(anonymous_12)","decl":{"start":{"line":85,"column":5},"end":{"line":85,"column":6}},"loc":{"start":{"line":85,"column":34},"end":{"line":90,"column":5}},"line":85}},"branchMap":{"0":{"loc":{"start":{"line":18,"column":8},"end":{"line":19,"column":52}},"type":"if","locations":[{"start":{"line":18,"column":8},"end":{"line":19,"column":52}},{"start":{"line":18,"column":8},"end":{"line":19,"column":52}}],"line":18}},"s":{"0":1,"1":1,"2":1,"3":1,"4":2,"5":2,"6":4,"7":4,"8":3,"9":5,"10":5,"11":1,"12":1,"13":3,"14":3,"15":1,"16":1,"17":5,"18":5,"19":1,"20":1,"21":1,"22":1,"23":1,"24":1,"25":1,"26":1,"27":0,"28":0},"f":{"0":2,"1":2,"2":4,"3":5,"4":1,"5":3,"6":1,"7":5,"8":1,"9":1,"10":1,"11":1,"12":0},"b":{"0":[3,1]},"_coverageSchema":"1a1c01bbd47fc00a2c39e90264f33305004495a9","hash":"999e6d8acb80f09c231b3ff8593f8d37a1d19d7f","contentHash":"47a835e984d0a00d745a989e911eb9af811aecf2b519b1f9a697aa7200d77125"},"C:\\Users\\abdal\\Graduation_Project_Backend\\src\\models\\model\\Category.js":{"path":"C:\\Users\\abdal\\Graduation_Project_Backend\\src\\models\\model\\Category.js","statementMap":{"0":{"start":{"line":1,"column":17},"end":{"line":1,"column":36}},"1":{"start":{"line":2,"column":23},"end":{"line":2,"column":52}},"2":{"start":{"line":3,"column":0},"end":{"line":3,"column":43}},"3":{"start":{"line":5,"column":22},"end":{"line":5,"column":64}},"4":{"start":{"line":8,"column":0},"end":{"line":178,"column":1}},"5":{"start":{"line":12,"column":23},"end":{"line":12,"column":75}},"6":{"start":{"line":13,"column":8},"end":{"line":18,"column":14}},"7":{"start":{"line":14,"column":12},"end":{"line":14,"column":26}},"8":{"start":{"line":16,"column":12},"end":{"line":18,"column":14}},"9":{"start":{"line":21,"column":8},"end":{"line":21,"column":37}},"10":{"start":{"line":22,"column":8},"end":{"line":25,"column":10}},"11":{"start":{"line":26,"column":23},"end":{"line":26,"column":50}},"12":{"start":{"line":27,"column":8},"end":{"line":32,"column":14}},"13":{"start":{"line":28,"column":12},"end":{"line":28,"column":26}},"14":{"start":{"line":30,"column":12},"end":{"line":32,"column":14}},"15":{"start":{"line":35,"column":8},"end":{"line":41,"column":9}},"16":{"start":{"line":36,"column":12},"end":{"line":36,"column":41}},"17":{"start":{"line":37,"column":12},"end":{"line":40,"column":14}},"18":{"start":{"line":42,"column":23},"end":{"line":48,"column":9}},"19":{"start":{"line":49,"column":8},"end":{"line":52,"column":63}},"20":{"start":{"line":50,"column":12},"end":{"line":50,"column":26}},"21":{"start":{"line":52,"column":12},"end":{"line":52,"column":63}},"22":{"start":{"line":56,"column":23},"end":{"line":56,"column":73}},"23":{"start":{"line":57,"column":8},"end":{"line":62,"column":14}},"24":{"start":{"line":58,"column":12},"end":{"line":58,"column":26}},"25":{"start":{"line":60,"column":12},"end":{"line":62,"column":14}},"26":{"start":{"line":65,"column":23},"end":{"line":69,"column":10}},"27":{"start":{"line":70,"column":8},"end":{"line":75,"column":14}},"28":{"start":{"line":71,"column":12},"end":{"line":71,"column":26}},"29":{"start":{"line":73,"column":12},"end":{"line":75,"column":14}},"30":{"start":{"line":78,"column":23},"end":{"line":80,"column":10}},"31":{"start":{"line":81,"column":8},"end":{"line":86,"column":14}},"32":{"start":{"line":82,"column":12},"end":{"line":82,"column":26}},"33":{"start":{"line":84,"column":12},"end":{"line":86,"column":14}},"34":{"start":{"line":89,"column":23},"end":{"line":97,"column":10}},"35":{"start":{"line":98,"column":8},"end":{"line":103,"column":14}},"36":{"start":{"line":99,"column":12},"end":{"line":99,"column":26}},"37":{"start":{"line":101,"column":12},"end":{"line":103,"column":14}},"38":{"start":{"line":107,"column":23},"end":{"line":115,"column":12}},"39":{"start":{"line":116,"column":8},"end":{"line":121,"column":14}},"40":{"start":{"line":117,"column":12},"end":{"line":117,"column":26}},"41":{"start":{"line":119,"column":12},"end":{"line":121,"column":14}},"42":{"start":{"line":124,"column":23},"end":{"line":126,"column":10}},"43":{"start":{"line":127,"column":8},"end":{"line":132,"column":14}},"44":{"start":{"line":128,"column":12},"end":{"line":128,"column":26}},"45":{"start":{"line":130,"column":12},"end":{"line":132,"column":14}},"46":{"start":{"line":135,"column":23},"end":{"line":137,"column":10}},"47":{"start":{"line":138,"column":8},"end":{"line":143,"column":14}},"48":{"start":{"line":139,"column":12},"end":{"line":139,"column":26}},"49":{"start":{"line":141,"column":12},"end":{"line":143,"column":14}},"50":{"start":{"line":147,"column":23},"end":{"line":153,"column":10}},"51":{"start":{"line":154,"column":8},"end":{"line":159,"column":14}},"52":{"start":{"line":155,"column":12},"end":{"line":155,"column":26}},"53":{"start":{"line":157,"column":12},"end":{"line":159,"column":14}},"54":{"start":{"line":164,"column":23},"end":{"line":169,"column":10}},"55":{"start":{"line":171,"column":8},"end":{"line":176,"column":14}},"56":{"start":{"line":172,"column":12},"end":{"line":172,"column":26}},"57":{"start":{"line":174,"column":12},"end":{"line":176,"column":14}}},"fnMap":{"0":{"name":"(anonymous_0)","decl":{"start":{"line":10,"column":4},"end":{"line":10,"column":5}},"loc":{"start":{"line":11,"column":4},"end":{"line":19,"column":5}},"line":11},"1":{"name":"(anonymous_1)","decl":{"start":{"line":20,"column":4},"end":{"line":20,"column":5}},"loc":{"start":{"line":20,"column":26},"end":{"line":33,"column":5}},"line":20},"2":{"name":"(anonymous_2)","decl":{"start":{"line":34,"column":4},"end":{"line":34,"column":5}},"loc":{"start":{"line":34,"column":26},"end":{"line":53,"column":5}},"line":34},"3":{"name":"(anonymous_3)","decl":{"start":{"line":55,"column":4},"end":{"line":55,"column":5}},"loc":{"start":{"line":55,"column":26},"end":{"line":63,"column":5}},"line":55},"4":{"name":"(anonymous_4)","decl":{"start":{"line":64,"column":4},"end":{"line":64,"column":5}},"loc":{"start":{"line":64,"column":38},"end":{"line":76,"column":5}},"line":64},"5":{"name":"(anonymous_5)","decl":{"start":{"line":77,"column":4},"end":{"line":77,"column":5}},"loc":{"start":{"line":77,"column":27},"end":{"line":87,"column":5}},"line":77},"6":{"name":"(anonymous_6)","decl":{"start":{"line":88,"column":4},"end":{"line":88,"column":5}},"loc":{"start":{"line":88,"column":22},"end":{"line":104,"column":5}},"line":88},"7":{"name":"(anonymous_7)","decl":{"start":{"line":105,"column":4},"end":{"line":105,"column":5}},"loc":{"start":{"line":105,"column":37},"end":{"line":122,"column":5}},"line":105},"8":{"name":"(anonymous_8)","decl":{"start":{"line":123,"column":4},"end":{"line":123,"column":5}},"loc":{"start":{"line":123,"column":28},"end":{"line":133,"column":5}},"line":123},"9":{"name":"(anonymous_9)","decl":{"start":{"line":134,"column":4},"end":{"line":134,"column":5}},"loc":{"start":{"line":134,"column":30},"end":{"line":144,"column":5}},"line":134},"10":{"name":"(anonymous_10)","decl":{"start":{"line":146,"column":4},"end":{"line":146,"column":5}},"loc":{"start":{"line":146,"column":41},"end":{"line":160,"column":5}},"line":146},"11":{"name":"(anonymous_11)","decl":{"start":{"line":163,"column":4},"end":{"line":163,"column":5}},"loc":{"start":{"line":163,"column":28},"end":{"line":177,"column":5}},"line":163}},"branchMap":{"0":{"loc":{"start":{"line":13,"column":8},"end":{"line":18,"column":14}},"type":"if","locations":[{"start":{"line":13,"column":8},"end":{"line":18,"column":14}},{"start":{"line":13,"column":8},"end":{"line":18,"column":14}}],"line":13},"1":{"loc":{"start":{"line":27,"column":8},"end":{"line":32,"column":14}},"type":"if","locations":[{"start":{"line":27,"column":8},"end":{"line":32,"column":14}},{"start":{"line":27,"column":8},"end":{"line":32,"column":14}}],"line":27},"2":{"loc":{"start":{"line":35,"column":8},"end":{"line":41,"column":9}},"type":"if","locations":[{"start":{"line":35,"column":8},"end":{"line":41,"column":9}},{"start":{"line":35,"column":8},"end":{"line":41,"column":9}}],"line":35},"3":{"loc":{"start":{"line":49,"column":8},"end":{"line":52,"column":63}},"type":"if","locations":[{"start":{"line":49,"column":8},"end":{"line":52,"column":63}},{"start":{"line":49,"column":8},"end":{"line":52,"column":63}}],"line":49},"4":{"loc":{"start":{"line":57,"column":8},"end":{"line":62,"column":14}},"type":"if","locations":[{"start":{"line":57,"column":8},"end":{"line":62,"column":14}},{"start":{"line":57,"column":8},"end":{"line":62,"column":14}}],"line":57},"5":{"loc":{"start":{"line":70,"column":8},"end":{"line":75,"column":14}},"type":"if","locations":[{"start":{"line":70,"column":8},"end":{"line":75,"column":14}},{"start":{"line":70,"column":8},"end":{"line":75,"column":14}}],"line":70},"6":{"loc":{"start":{"line":81,"column":8},"end":{"line":86,"column":14}},"type":"if","locations":[{"start":{"line":81,"column":8},"end":{"line":86,"column":14}},{"start":{"line":81,"column":8},"end":{"line":86,"column":14}}],"line":81},"7":{"loc":{"start":{"line":98,"column":8},"end":{"line":103,"column":14}},"type":"if","locations":[{"start":{"line":98,"column":8},"end":{"line":103,"column":14}},{"start":{"line":98,"column":8},"end":{"line":103,"column":14}}],"line":98},"8":{"loc":{"start":{"line":116,"column":8},"end":{"line":121,"column":14}},"type":"if","locations":[{"start":{"line":116,"column":8},"end":{"line":121,"column":14}},{"start":{"line":116,"column":8},"end":{"line":121,"column":14}}],"line":116},"9":{"loc":{"start":{"line":127,"column":8},"end":{"line":132,"column":14}},"type":"if","locations":[{"start":{"line":127,"column":8},"end":{"line":132,"column":14}},{"start":{"line":127,"column":8},"end":{"line":132,"column":14}}],"line":127},"10":{"loc":{"start":{"line":138,"column":8},"end":{"line":143,"column":14}},"type":"if","locations":[{"start":{"line":138,"column":8},"end":{"line":143,"column":14}},{"start":{"line":138,"column":8},"end":{"line":143,"column":14}}],"line":138},"11":{"loc":{"start":{"line":154,"column":8},"end":{"line":159,"column":14}},"type":"if","locations":[{"start":{"line":154,"column":8},"end":{"line":159,"column":14}},{"start":{"line":154,"column":8},"end":{"line":159,"column":14}}],"line":154},"12":{"loc":{"start":{"line":171,"column":8},"end":{"line":176,"column":14}},"type":"if","locations":[{"start":{"line":171,"column":8},"end":{"line":176,"column":14}},{"start":{"line":171,"column":8},"end":{"line":176,"column":14}}],"line":171}},"s":{"0":1,"1":1,"2":1,"3":1,"4":1,"5":2,"6":2,"7":2,"8":0,"9":5,"10":5,"11":5,"12":5,"13":5,"14":0,"15":1,"16":1,"17":1,"18":1,"19":1,"20":1,"21":0,"22":3,"23":3,"24":3,"25":0,"26":1,"27":1,"28":1,"29":0,"30":0,"31":0,"32":0,"33":0,"34":1,"35":1,"36":1,"37":0,"38":1,"39":1,"40":1,"41":0,"42":5,"43":5,"44":5,"45":0,"46":1,"47":1,"48":1,"49":0,"50":1,"51":1,"52":1,"53":0,"54":0,"55":0,"56":0,"57":0},"f":{"0":2,"1":5,"2":1,"3":3,"4":1,"5":0,"6":1,"7":1,"8":5,"9":1,"10":1,"11":0},"b":{"0":[2,0],"1":[5,0],"2":[1,0],"3":[1,0],"4":[3,0],"5":[1,0],"6":[0,0],"7":[1,0],"8":[1,0],"9":[5,0],"10":[1,0],"11":[1,0],"12":[0,0]},"_coverageSchema":"1a1c01bbd47fc00a2c39e90264f33305004495a9","hash":"d2749983813d42c7ea26259aa370d5e075e6904d","contentHash":"111ce0c7068d1609684478aecc477bdb967c942a34a89f1fba088f877320dfca"},"C:\\Users\\abdal\\Graduation_Project_Backend\\src\\models\\schema\\Category.js":{"path":"C:\\Users\\abdal\\Graduation_Project_Backend\\src\\models\\schema\\Category.js","statementMap":{"0":{"start":{"line":1,"column":16},"end":{"line":1,"column":36}},"1":{"start":{"line":2,"column":17},"end":{"line":2,"column":36}},"2":{"start":{"line":4,"column":15},"end":{"line":4,"column":30}},"3":{"start":{"line":6,"column":17},"end":{"line":18,"column":2}},"4":{"start":{"line":20,"column":0},"end":{"line":20,"column":26}}},"fnMap":{},"branchMap":{},"s":{"0":1,"1":1,"2":1,"3":1,"4":1},"f":{},"b":{},"_coverageSchema":"1a1c01bbd47fc00a2c39e90264f33305004495a9","hash":"af906447186fe86d4abd0d3905e47bdf5951a014","contentHash":"1a14855aa54cf00f4ef6ed781d687be25f8cd9ffbd337f05edf6a3764014a986"},"C:\\Users\\abdal\\Graduation_Project_Backend\\src\\models\\schema\\Product.js":{"path":"C:\\Users\\abdal\\Graduation_Project_Backend\\src\\models\\schema\\Product.js","statementMap":{"0":{"start":{"line":1,"column":14},"end":{"line":1,"column":32}},"1":{"start":{"line":2,"column":17},"end":{"line":2,"column":36}},"2":{"start":{"line":4,"column":15},"end":{"line":4,"column":30}},"3":{"start":{"line":6,"column":16},"end":{"line":28,"column":2}},"4":{"start":{"line":30,"column":0},"end":{"line":30,"column":25}}},"fnMap":{},"branchMap":{},"s":{"0":1,"1":1,"2":1,"3":1,"4":1},"f":{},"b":{},"_coverageSchema":"1a1c01bbd47fc00a2c39e90264f33305004495a9","hash":"fed30fdb2c5627a1dddea6bbbb7f384420faa1d1","contentHash":"fba8718f23847ec7aee45cbb3bd36f030bb95e4cf767a0e6216429feb649b0ee"},"C:\\Users\\abdal\\Graduation_Project_Backend\\src\\models\\schema\\Offer.js":{"path":"C:\\Users\\abdal\\Graduation_Project_Backend\\src\\models\\schema\\Offer.js","statementMap":{"0":{"start":{"line":1,"column":17},"end":{"line":1,"column":36}},"1":{"start":{"line":3,"column":15},"end":{"line":3,"column":30}},"2":{"start":{"line":5,"column":14},"end":{"line":10,"column":2}},"3":{"start":{"line":12,"column":0},"end":{"line":12,"column":23}}},"fnMap":{},"branchMap":{},"s":{"0":1,"1":1,"2":1,"3":1},"f":{},"b":{},"_coverageSchema":"1a1c01bbd47fc00a2c39e90264f33305004495a9","hash":"16d821fb313028dc8be6f6cc07bce867c444c97b","contentHash":"e04bd7165dc14cbf46fec16c72c8f2f9743d15b01dbff5f75a1f4764dab5651a"},"C:\\Users\\abdal\\Graduation_Project_Backend\\src\\models\\model\\Product.js":{"path":"C:\\Users\\abdal\\Graduation_Project_Backend\\src\\models\\model\\Product.js","statementMap":{"0":{"start":{"line":1,"column":17},"end":{"line":1,"column":36}},"1":{"start":{"line":2,"column":0},"end":{"line":2,"column":45}},"2":{"start":{"line":3,"column":15},"end":{"line":3,"column":32}},"3":{"start":{"line":6,"column":21},"end":{"line":6,"column":61}},"4":{"start":{"line":8,"column":0},"end":{"line":13,"column":2}},"5":{"start":{"line":10,"column":15},"end":{"line":10,"column":25}},"6":{"start":{"line":11,"column":4},"end":{"line":11,"column":40}},"7":{"start":{"line":12,"column":4},"end":{"line":12,"column":16}},"8":{"start":{"line":15,"column":0},"end":{"line":27,"column":2}},"9":{"start":{"line":18,"column":4},"end":{"line":25,"column":25}},"10":{"start":{"line":19,"column":8},"end":{"line":19,"column":46}},"11":{"start":{"line":20,"column":9},"end":{"line":25,"column":25}},"12":{"start":{"line":21,"column":8},"end":{"line":21,"column":22}},"13":{"start":{"line":22,"column":9},"end":{"line":25,"column":25}},"14":{"start":{"line":23,"column":8},"end":{"line":23,"column":27}},"15":{"start":{"line":24,"column":9},"end":{"line":25,"column":25}},"16":{"start":{"line":25,"column":8},"end":{"line":25,"column":25}},"17":{"start":{"line":26,"column":4},"end":{"line":26,"column":16}},"18":{"start":{"line":29,"column":0},"end":{"line":402,"column":1}},"19":{"start":{"line":33,"column":23},"end":{"line":33,"column":72}},"20":{"start":{"line":34,"column":8},"end":{"line":39,"column":14}},"21":{"start":{"line":35,"column":12},"end":{"line":35,"column":26}},"22":{"start":{"line":37,"column":12},"end":{"line":39,"column":14}},"23":{"start":{"line":44,"column":8},"end":{"line":44,"column":37}},"24":{"start":{"line":45,"column":8},"end":{"line":48,"column":10}},"25":{"start":{"line":49,"column":23},"end":{"line":49,"column":49}},"26":{"start":{"line":50,"column":8},"end":{"line":53,"column":61}},"27":{"start":{"line":51,"column":12},"end":{"line":51,"column":26}},"28":{"start":{"line":53,"column":12},"end":{"line":53,"column":61}},"29":{"start":{"line":58,"column":8},"end":{"line":58,"column":37}},"30":{"start":{"line":59,"column":8},"end":{"line":59,"column":37}},"31":{"start":{"line":60,"column":23},"end":{"line":64,"column":17}},"32":{"start":{"line":65,"column":8},"end":{"line":68,"column":59}},"33":{"start":{"line":66,"column":12},"end":{"line":66,"column":26}},"34":{"start":{"line":68,"column":12},"end":{"line":68,"column":59}},"35":{"start":{"line":73,"column":23},"end":{"line":73,"column":69}},"36":{"start":{"line":74,"column":8},"end":{"line":77,"column":61}},"37":{"start":{"line":75,"column":12},"end":{"line":75,"column":26}},"38":{"start":{"line":77,"column":12},"end":{"line":77,"column":61}},"39":{"start":{"line":82,"column":23},"end":{"line":82,"column":66}},"40":{"start":{"line":83,"column":8},"end":{"line":86,"column":62}},"41":{"start":{"line":84,"column":12},"end":{"line":84,"column":26}},"42":{"start":{"line":86,"column":12},"end":{"line":86,"column":62}},"43":{"start":{"line":91,"column":23},"end":{"line":91,"column":86}},"44":{"start":{"line":92,"column":8},"end":{"line":95,"column":82}},"45":{"start":{"line":93,"column":12},"end":{"line":93,"column":26}},"46":{"start":{"line":95,"column":12},"end":{"line":95,"column":82}},"47":{"start":{"line":100,"column":23},"end":{"line":100,"column":67}},"48":{"start":{"line":101,"column":8},"end":{"line":104,"column":73}},"49":{"start":{"line":102,"column":12},"end":{"line":102,"column":26}},"50":{"start":{"line":104,"column":12},"end":{"line":104,"column":73}},"51":{"start":{"line":108,"column":25},"end":{"line":108,"column":39}},"52":{"start":{"line":109,"column":26},"end":{"line":109,"column":41}},"53":{"start":{"line":110,"column":22},"end":{"line":110,"column":33}},"54":{"start":{"line":111,"column":21},"end":{"line":111,"column":31}},"55":{"start":{"line":112,"column":21},"end":{"line":112,"column":47}},"56":{"start":{"line":115,"column":8},"end":{"line":133,"column":73}},"57":{"start":{"line":116,"column":12},"end":{"line":118,"column":73}},"58":{"start":{"line":119,"column":13},"end":{"line":133,"column":73}},"59":{"start":{"line":120,"column":12},"end":{"line":123,"column":73}},"60":{"start":{"line":124,"column":13},"end":{"line":133,"column":73}},"61":{"start":{"line":125,"column":12},"end":{"line":128,"column":73}},"62":{"start":{"line":129,"column":13},"end":{"line":133,"column":73}},"63":{"start":{"line":130,"column":12},"end":{"line":133,"column":73}},"64":{"start":{"line":135,"column":8},"end":{"line":138,"column":83}},"65":{"start":{"line":136,"column":12},"end":{"line":136,"column":26}},"66":{"start":{"line":138,"column":12},"end":{"line":138,"column":83}},"67":{"start":{"line":143,"column":23},"end":{"line":146,"column":53}},"68":{"start":{"line":148,"column":8},"end":{"line":151,"column":71}},"69":{"start":{"line":149,"column":12},"end":{"line":149,"column":26}},"70":{"start":{"line":151,"column":12},"end":{"line":151,"column":71}},"71":{"start":{"line":156,"column":23},"end":{"line":159,"column":53}},"72":{"start":{"line":161,"column":8},"end":{"line":164,"column":73}},"73":{"start":{"line":162,"column":12},"end":{"line":162,"column":26}},"74":{"start":{"line":164,"column":12},"end":{"line":164,"column":73}},"75":{"start":{"line":169,"column":23},"end":{"line":171,"column":53}},"76":{"start":{"line":173,"column":8},"end":{"line":178,"column":14}},"77":{"start":{"line":174,"column":12},"end":{"line":174,"column":26}},"78":{"start":{"line":176,"column":12},"end":{"line":178,"column":14}},"79":{"start":{"line":182,"column":23},"end":{"line":184,"column":53}},"80":{"start":{"line":186,"column":8},"end":{"line":191,"column":14}},"81":{"start":{"line":187,"column":12},"end":{"line":187,"column":26}},"82":{"start":{"line":189,"column":12},"end":{"line":191,"column":14}},"83":{"start":{"line":194,"column":23},"end":{"line":200,"column":10}},"84":{"start":{"line":202,"column":8},"end":{"line":207,"column":14}},"85":{"start":{"line":203,"column":12},"end":{"line":203,"column":26}},"86":{"start":{"line":205,"column":12},"end":{"line":207,"column":14}},"87":{"start":{"line":210,"column":23},"end":{"line":218,"column":10}},"88":{"start":{"line":220,"column":8},"end":{"line":225,"column":14}},"89":{"start":{"line":221,"column":12},"end":{"line":221,"column":26}},"90":{"start":{"line":223,"column":12},"end":{"line":225,"column":14}},"91":{"start":{"line":228,"column":8},"end":{"line":228,"column":27}},"92":{"start":{"line":229,"column":23},"end":{"line":236,"column":10}},"93":{"start":{"line":238,"column":8},"end":{"line":241,"column":63}},"94":{"start":{"line":239,"column":12},"end":{"line":239,"column":26}},"95":{"start":{"line":241,"column":12},"end":{"line":241,"column":63}},"96":{"start":{"line":246,"column":25},"end":{"line":246,"column":39}},"97":{"start":{"line":247,"column":26},"end":{"line":247,"column":41}},"98":{"start":{"line":248,"column":22},"end":{"line":248,"column":33}},"99":{"start":{"line":249,"column":21},"end":{"line":249,"column":31}},"100":{"start":{"line":250,"column":21},"end":{"line":250,"column":47}},"101":{"start":{"line":253,"column":8},"end":{"line":275,"column":79}},"102":{"start":{"line":254,"column":12},"end":{"line":257,"column":79}},"103":{"start":{"line":258,"column":13},"end":{"line":275,"column":79}},"104":{"start":{"line":259,"column":12},"end":{"line":263,"column":79}},"105":{"start":{"line":264,"column":13},"end":{"line":275,"column":79}},"106":{"start":{"line":265,"column":12},"end":{"line":269,"column":79}},"107":{"start":{"line":270,"column":13},"end":{"line":275,"column":79}},"108":{"start":{"line":271,"column":12},"end":{"line":275,"column":79}},"109":{"start":{"line":277,"column":8},"end":{"line":280,"column":61}},"110":{"start":{"line":278,"column":12},"end":{"line":278,"column":26}},"111":{"start":{"line":280,"column":12},"end":{"line":280,"column":61}},"112":{"start":{"line":285,"column":25},"end":{"line":285,"column":39}},"113":{"start":{"line":286,"column":26},"end":{"line":286,"column":41}},"114":{"start":{"line":287,"column":22},"end":{"line":287,"column":33}},"115":{"start":{"line":288,"column":21},"end":{"line":288,"column":31}},"116":{"start":{"line":289,"column":21},"end":{"line":289,"column":31}},"117":{"start":{"line":290,"column":21},"end":{"line":290,"column":47}},"118":{"start":{"line":293,"column":8},"end":{"line":316,"column":79}},"119":{"start":{"line":294,"column":12},"end":{"line":297,"column":79}},"120":{"start":{"line":298,"column":13},"end":{"line":316,"column":79}},"121":{"start":{"line":300,"column":12},"end":{"line":304,"column":79}},"122":{"start":{"line":305,"column":13},"end":{"line":316,"column":79}},"123":{"start":{"line":306,"column":12},"end":{"line":310,"column":79}},"124":{"start":{"line":311,"column":13},"end":{"line":316,"column":79}},"125":{"start":{"line":312,"column":12},"end":{"line":316,"column":79}},"126":{"start":{"line":318,"column":8},"end":{"line":321,"column":70}},"127":{"start":{"line":319,"column":12},"end":{"line":319,"column":26}},"128":{"start":{"line":321,"column":12},"end":{"line":321,"column":70}},"129":{"start":{"line":326,"column":8},"end":{"line":326,"column":42}},"130":{"start":{"line":327,"column":22},"end":{"line":327,"column":98}},"131":{"start":{"line":328,"column":8},"end":{"line":328,"column":21}},"132":{"start":{"line":333,"column":8},"end":{"line":333,"column":42}},"133":{"start":{"line":334,"column":22},"end":{"line":334,"column":104}},"134":{"start":{"line":335,"column":8},"end":{"line":335,"column":21}},"135":{"start":{"line":338,"column":22},"end":{"line":342,"column":10}},"136":{"start":{"line":343,"column":8},"end":{"line":343,"column":21}},"137":{"start":{"line":346,"column":22},"end":{"line":351,"column":10}},"138":{"start":{"line":352,"column":8},"end":{"line":352,"column":21}},"139":{"start":{"line":357,"column":23},"end":{"line":373,"column":29}},"140":{"start":{"line":375,"column":8},"end":{"line":380,"column":14}},"141":{"start":{"line":376,"column":12},"end":{"line":376,"column":26}},"142":{"start":{"line":378,"column":12},"end":{"line":380,"column":14}},"143":{"start":{"line":384,"column":23},"end":{"line":387,"column":26}},"144":{"start":{"line":388,"column":8},"end":{"line":393,"column":14}},"145":{"start":{"line":389,"column":12},"end":{"line":389,"column":26}},"146":{"start":{"line":391,"column":12},"end":{"line":393,"column":14}},"147":{"start":{"line":398,"column":8},"end":{"line":398,"column":42}},"148":{"start":{"line":399,"column":22},"end":{"line":399,"column":75}},"149":{"start":{"line":400,"column":8},"end":{"line":400,"column":21}}},"fnMap":{"0":{"name":"(anonymous_0)","decl":{"start":{"line":8,"column":10},"end":{"line":8,"column":11}},"loc":{"start":{"line":9,"column":0},"end":{"line":13,"column":1}},"line":9},"1":{"name":"(anonymous_1)","decl":{"start":{"line":15,"column":17},"end":{"line":15,"column":18}},"loc":{"start":{"line":16,"column":0},"end":{"line":27,"column":1}},"line":16},"2":{"name":"(anonymous_2)","decl":{"start":{"line":31,"column":4},"end":{"line":31,"column":5}},"loc":{"start":{"line":32,"column":4},"end":{"line":40,"column":5}},"line":32},"3":{"name":"(anonymous_3)","decl":{"start":{"line":42,"column":4},"end":{"line":42,"column":5}},"loc":{"start":{"line":42,"column":25},"end":{"line":54,"column":5}},"line":42},"4":{"name":"(anonymous_4)","decl":{"start":{"line":56,"column":4},"end":{"line":56,"column":5}},"loc":{"start":{"line":57,"column":4},"end":{"line":69,"column":5}},"line":57},"5":{"name":"(anonymous_5)","decl":{"start":{"line":71,"column":4},"end":{"line":71,"column":5}},"loc":{"start":{"line":72,"column":4},"end":{"line":78,"column":5}},"line":72},"6":{"name":"(anonymous_6)","decl":{"start":{"line":80,"column":4},"end":{"line":80,"column":5}},"loc":{"start":{"line":81,"column":4},"end":{"line":87,"column":5}},"line":81},"7":{"name":"(anonymous_7)","decl":{"start":{"line":89,"column":4},"end":{"line":89,"column":5}},"loc":{"start":{"line":90,"column":4},"end":{"line":96,"column":5}},"line":90},"8":{"name":"(anonymous_8)","decl":{"start":{"line":98,"column":4},"end":{"line":98,"column":5}},"loc":{"start":{"line":99,"column":4},"end":{"line":105,"column":5}},"line":99},"9":{"name":"(anonymous_9)","decl":{"start":{"line":106,"column":4},"end":{"line":106,"column":5}},"loc":{"start":{"line":107,"column":4},"end":{"line":139,"column":5}},"line":107},"10":{"name":"(anonymous_10)","decl":{"start":{"line":141,"column":4},"end":{"line":141,"column":5}},"loc":{"start":{"line":142,"column":4},"end":{"line":152,"column":5}},"line":142},"11":{"name":"(anonymous_11)","decl":{"start":{"line":154,"column":4},"end":{"line":154,"column":5}},"loc":{"start":{"line":155,"column":4},"end":{"line":165,"column":5}},"line":155},"12":{"name":"(anonymous_12)","decl":{"start":{"line":167,"column":4},"end":{"line":167,"column":5}},"loc":{"start":{"line":168,"column":4},"end":{"line":179,"column":5}},"line":168},"13":{"name":"(anonymous_13)","decl":{"start":{"line":180,"column":4},"end":{"line":180,"column":5}},"loc":{"start":{"line":181,"column":4},"end":{"line":192,"column":5}},"line":181},"14":{"name":"(anonymous_14)","decl":{"start":{"line":193,"column":4},"end":{"line":193,"column":5}},"loc":{"start":{"line":193,"column":20},"end":{"line":208,"column":5}},"line":193},"15":{"name":"(anonymous_15)","decl":{"start":{"line":209,"column":4},"end":{"line":209,"column":5}},"loc":{"start":{"line":209,"column":23},"end":{"line":226,"column":5}},"line":209},"16":{"name":"(anonymous_16)","decl":{"start":{"line":227,"column":4},"end":{"line":227,"column":5}},"loc":{"start":{"line":227,"column":20},"end":{"line":242,"column":5}},"line":227},"17":{"name":"(anonymous_17)","decl":{"start":{"line":244,"column":4},"end":{"line":244,"column":5}},"loc":{"start":{"line":245,"column":4},"end":{"line":281,"column":5}},"line":245},"18":{"name":"(anonymous_18)","decl":{"start":{"line":283,"column":4},"end":{"line":283,"column":5}},"loc":{"start":{"line":284,"column":4},"end":{"line":322,"column":5}},"line":284},"19":{"name":"(anonymous_19)","decl":{"start":{"line":324,"column":4},"end":{"line":324,"column":5}},"loc":{"start":{"line":325,"column":4},"end":{"line":329,"column":5}},"line":325},"20":{"name":"(anonymous_20)","decl":{"start":{"line":331,"column":4},"end":{"line":331,"column":5}},"loc":{"start":{"line":332,"column":4},"end":{"line":336,"column":5}},"line":332},"21":{"name":"(anonymous_21)","decl":{"start":{"line":337,"column":4},"end":{"line":337,"column":5}},"loc":{"start":{"line":337,"column":25},"end":{"line":344,"column":5}},"line":337},"22":{"name":"(anonymous_22)","decl":{"start":{"line":345,"column":4},"end":{"line":345,"column":5}},"loc":{"start":{"line":345,"column":32},"end":{"line":353,"column":5}},"line":345},"23":{"name":"(anonymous_23)","decl":{"start":{"line":356,"column":4},"end":{"line":356,"column":5}},"loc":{"start":{"line":356,"column":26},"end":{"line":381,"column":5}},"line":356},"24":{"name":"(anonymous_24)","decl":{"start":{"line":383,"column":4},"end":{"line":383,"column":5}},"loc":{"start":{"line":383,"column":34},"end":{"line":394,"column":5}},"line":383},"25":{"name":"(anonymous_25)","decl":{"start":{"line":396,"column":4},"end":{"line":396,"column":5}},"loc":{"start":{"line":397,"column":4},"end":{"line":401,"column":5}},"line":397}},"branchMap":{"0":{"loc":{"start":{"line":18,"column":4},"end":{"line":25,"column":25}},"type":"if","locations":[{"start":{"line":18,"column":4},"end":{"line":25,"column":25}},{"start":{"line":18,"column":4},"end":{"line":25,"column":25}}],"line":18},"1":{"loc":{"start":{"line":20,"column":9},"end":{"line":25,"column":25}},"type":"if","locations":[{"start":{"line":20,"column":9},"end":{"line":25,"column":25}},{"start":{"line":20,"column":9},"end":{"line":25,"column":25}}],"line":20},"2":{"loc":{"start":{"line":22,"column":9},"end":{"line":25,"column":25}},"type":"if","locations":[{"start":{"line":22,"column":9},"end":{"line":25,"column":25}},{"start":{"line":22,"column":9},"end":{"line":25,"column":25}}],"line":22},"3":{"loc":{"start":{"line":24,"column":9},"end":{"line":25,"column":25}},"type":"if","locations":[{"start":{"line":24,"column":9},"end":{"line":25,"column":25}},{"start":{"line":24,"column":9},"end":{"line":25,"column":25}}],"line":24},"4":{"loc":{"start":{"line":34,"column":8},"end":{"line":39,"column":14}},"type":"if","locations":[{"start":{"line":34,"column":8},"end":{"line":39,"column":14}},{"start":{"line":34,"column":8},"end":{"line":39,"column":14}}],"line":34},"5":{"loc":{"start":{"line":50,"column":8},"end":{"line":53,"column":61}},"type":"if","locations":[{"start":{"line":50,"column":8},"end":{"line":53,"column":61}},{"start":{"line":50,"column":8},"end":{"line":53,"column":61}}],"line":50},"6":{"loc":{"start":{"line":65,"column":8},"end":{"line":68,"column":59}},"type":"if","locations":[{"start":{"line":65,"column":8},"end":{"line":68,"column":59}},{"start":{"line":65,"column":8},"end":{"line":68,"column":59}}],"line":65},"7":{"loc":{"start":{"line":74,"column":8},"end":{"line":77,"column":61}},"type":"if","locations":[{"start":{"line":74,"column":8},"end":{"line":77,"column":61}},{"start":{"line":74,"column":8},"end":{"line":77,"column":61}}],"line":74},"8":{"loc":{"start":{"line":83,"column":8},"end":{"line":86,"column":62}},"type":"if","locations":[{"start":{"line":83,"column":8},"end":{"line":86,"column":62}},{"start":{"line":83,"column":8},"end":{"line":86,"column":62}}],"line":83},"9":{"loc":{"start":{"line":92,"column":8},"end":{"line":95,"column":82}},"type":"if","locations":[{"start":{"line":92,"column":8},"end":{"line":95,"column":82}},{"start":{"line":92,"column":8},"end":{"line":95,"column":82}}],"line":92},"10":{"loc":{"start":{"line":101,"column":8},"end":{"line":104,"column":73}},"type":"if","locations":[{"start":{"line":101,"column":8},"end":{"line":104,"column":73}},{"start":{"line":101,"column":8},"end":{"line":104,"column":73}}],"line":101},"11":{"loc":{"start":{"line":115,"column":8},"end":{"line":133,"column":73}},"type":"if","locations":[{"start":{"line":115,"column":8},"end":{"line":133,"column":73}},{"start":{"line":115,"column":8},"end":{"line":133,"column":73}}],"line":115},"12":{"loc":{"start":{"line":115,"column":11},"end":{"line":115,"column":42}},"type":"binary-expr","locations":[{"start":{"line":115,"column":11},"end":{"line":115,"column":24}},{"start":{"line":115,"column":28},"end":{"line":115,"column":42}}],"line":115},"13":{"loc":{"start":{"line":119,"column":13},"end":{"line":133,"column":73}},"type":"if","locations":[{"start":{"line":119,"column":13},"end":{"line":133,"column":73}},{"start":{"line":119,"column":13},"end":{"line":133,"column":73}}],"line":119},"14":{"loc":{"start":{"line":119,"column":17},"end":{"line":119,"column":48}},"type":"binary-expr","locations":[{"start":{"line":119,"column":17},"end":{"line":119,"column":30}},{"start":{"line":119,"column":34},"end":{"line":119,"column":48}}],"line":119},"15":{"loc":{"start":{"line":124,"column":13},"end":{"line":133,"column":73}},"type":"if","locations":[{"start":{"line":124,"column":13},"end":{"line":133,"column":73}},{"start":{"line":124,"column":13},"end":{"line":133,"column":73}}],"line":124},"16":{"loc":{"start":{"line":124,"column":17},"end":{"line":124,"column":48}},"type":"binary-expr","locations":[{"start":{"line":124,"column":17},"end":{"line":124,"column":30}},{"start":{"line":124,"column":34},"end":{"line":124,"column":48}}],"line":124},"17":{"loc":{"start":{"line":129,"column":13},"end":{"line":133,"column":73}},"type":"if","locations":[{"start":{"line":129,"column":13},"end":{"line":133,"column":73}},{"start":{"line":129,"column":13},"end":{"line":133,"column":73}}],"line":129},"18":{"loc":{"start":{"line":129,"column":17},"end":{"line":129,"column":48}},"type":"binary-expr","locations":[{"start":{"line":129,"column":17},"end":{"line":129,"column":30}},{"start":{"line":129,"column":34},"end":{"line":129,"column":48}}],"line":129},"19":{"loc":{"start":{"line":135,"column":8},"end":{"line":138,"column":83}},"type":"if","locations":[{"start":{"line":135,"column":8},"end":{"line":138,"column":83}},{"start":{"line":135,"column":8},"end":{"line":138,"column":83}}],"line":135},"20":{"loc":{"start":{"line":148,"column":8},"end":{"line":151,"column":71}},"type":"if","locations":[{"start":{"line":148,"column":8},"end":{"line":151,"column":71}},{"start":{"line":148,"column":8},"end":{"line":151,"column":71}}],"line":148},"21":{"loc":{"start":{"line":161,"column":8},"end":{"line":164,"column":73}},"type":"if","locations":[{"start":{"line":161,"column":8},"end":{"line":164,"column":73}},{"start":{"line":161,"column":8},"end":{"line":164,"column":73}}],"line":161},"22":{"loc":{"start":{"line":173,"column":8},"end":{"line":178,"column":14}},"type":"if","locations":[{"start":{"line":173,"column":8},"end":{"line":178,"column":14}},{"start":{"line":173,"column":8},"end":{"line":178,"column":14}}],"line":173},"23":{"loc":{"start":{"line":186,"column":8},"end":{"line":191,"column":14}},"type":"if","locations":[{"start":{"line":186,"column":8},"end":{"line":191,"column":14}},{"start":{"line":186,"column":8},"end":{"line":191,"column":14}}],"line":186},"24":{"loc":{"start":{"line":202,"column":8},"end":{"line":207,"column":14}},"type":"if","locations":[{"start":{"line":202,"column":8},"end":{"line":207,"column":14}},{"start":{"line":202,"column":8},"end":{"line":207,"column":14}}],"line":202},"25":{"loc":{"start":{"line":220,"column":8},"end":{"line":225,"column":14}},"type":"if","locations":[{"start":{"line":220,"column":8},"end":{"line":225,"column":14}},{"start":{"line":220,"column":8},"end":{"line":225,"column":14}}],"line":220},"26":{"loc":{"start":{"line":238,"column":8},"end":{"line":241,"column":63}},"type":"if","locations":[{"start":{"line":238,"column":8},"end":{"line":241,"column":63}},{"start":{"line":238,"column":8},"end":{"line":241,"column":63}}],"line":238},"27":{"loc":{"start":{"line":253,"
[...]
line":11,"column":26}},"8":{"start":{"line":13,"column":12},"end":{"line":15,"column":14}},"9":{"start":{"line":19,"column":23},"end":{"line":23,"column":10}},"10":{"start":{"line":24,"column":8},"end":{"line":29,"column":14}},"11":{"start":{"line":25,"column":12},"end":{"line":25,"column":26}},"12":{"start":{"line":27,"column":12},"end":{"line":29,"column":14}},"13":{"start":{"line":33,"column":23},"end":{"line":35,"column":10}},"14":{"start":{"line":36,"column":8},"end":{"line":41,"column":14}},"15":{"start":{"line":37,"column":12},"end":{"line":37,"column":26}},"16":{"start":{"line":39,"column":12},"end":{"line":41,"column":14}},"17":{"start":{"line":45,"column":23},"end":{"line":47,"column":10}},"18":{"start":{"line":48,"column":8},"end":{"line":53,"column":14}},"19":{"start":{"line":49,"column":12},"end":{"line":49,"column":26}},"20":{"start":{"line":51,"column":12},"end":{"line":53,"column":14}},"21":{"start":{"line":57,"column":23},"end":{"line":57,"column":43}},"22":{"start":{"line":58,"column":8},"end":{"line":63,"column":14}},"23":{"start":{"line":59,"column":12},"end":{"line":59,"column":26}},"24":{"start":{"line":61,"column":12},"end":{"line":63,"column":14}},"25":{"start":{"line":67,"column":21},"end":{"line":67,"column":25}},"26":{"start":{"line":68,"column":8},"end":{"line":81,"column":11}},"27":{"start":{"line":71,"column":12},"end":{"line":71,"column":55}},"28":{"start":{"line":72,"column":12},"end":{"line":72,"column":35}},"29":{"start":{"line":73,"column":12},"end":{"line":80,"column":15}},"30":{"start":{"line":74,"column":16},"end":{"line":79,"column":19}},"31":{"start":{"line":75,"column":20},"end":{"line":77,"column":21}},"32":{"start":{"line":76,"column":24},"end":{"line":76,"column":47}},"33":{"start":{"line":78,"column":20},"end":{"line":78,"column":79}},"34":{"start":{"line":83,"column":8},"end":{"line":88,"column":14}},"35":{"start":{"line":84,"column":12},"end":{"line":84,"column":26}},"36":{"start":{"line":86,"column":12},"end":{"line":88,"column":14}},"37":{"start":{"line":92,"column":21},"end":{"line":92,"column":25}},"38":{"start":{"line":93,"column":8},"end":{"line":98,"column":11}},"39":{"start":{"line":96,"column":12},"end":{"line":96,"column":57}},"40":{"start":{"line":97,"column":12},"end":{"line":97,"column":35}},"41":{"start":{"line":100,"column":8},"end":{"line":105,"column":14}},"42":{"start":{"line":101,"column":12},"end":{"line":101,"column":26}},"43":{"start":{"line":103,"column":12},"end":{"line":105,"column":14}},"44":{"start":{"line":109,"column":23},"end":{"line":120,"column":10}},"45":{"start":{"line":122,"column":8},"end":{"line":127,"column":14}},"46":{"start":{"line":123,"column":12},"end":{"line":123,"column":26}},"47":{"start":{"line":125,"column":12},"end":{"line":127,"column":14}}},"fnMap":{"0":{"name":"(anonymous_0)","decl":{"start":{"line":8,"column":4},"end":{"line":8,"column":5}},"loc":{"start":{"line":8,"column":24},"end":{"line":16,"column":5}},"line":8},"1":{"name":"(anonymous_1)","decl":{"start":{"line":18,"column":4},"end":{"line":18,"column":5}},"loc":{"start":{"line":18,"column":24},"end":{"line":30,"column":5}},"line":18},"2":{"name":"(anonymous_2)","decl":{"start":{"line":32,"column":4},"end":{"line":32,"column":5}},"loc":{"start":{"line":32,"column":24},"end":{"line":42,"column":5}},"line":32},"3":{"name":"(anonymous_3)","decl":{"start":{"line":44,"column":4},"end":{"line":44,"column":5}},"loc":{"start":{"line":44,"column":21},"end":{"line":54,"column":5}},"line":44},"4":{"name":"(anonymous_4)","decl":{"start":{"line":56,"column":4},"end":{"line":56,"column":5}},"loc":{"start":{"line":56,"column":20},"end":{"line":64,"column":5}},"line":56},"5":{"name":"(anonymous_5)","decl":{"start":{"line":66,"column":4},"end":{"line":66,"column":5}},"loc":{"start":{"line":66,"column":26},"end":{"line":89,"column":5}},"line":66},"6":{"name":"(anonymous_6)","decl":{"start":{"line":70,"column":16},"end":{"line":70,"column":17}},"loc":{"start":{"line":70,"column":32},"end":{"line":81,"column":9}},"line":70},"7":{"name":"(anonymous_7)","decl":{"start":{"line":73,"column":49},"end":{"line":73,"column":50}},"loc":{"start":{"line":73,"column":75},"end":{"line":80,"column":13}},"line":73},"8":{"name":"(anonymous_8)","decl":{"start":{"line":74,"column":81},"end":{"line":74,"column":82}},"loc":{"start":{"line":74,"column":98},"end":{"line":79,"column":17}},"line":74},"9":{"name":"(anonymous_9)","decl":{"start":{"line":91,"column":4},"end":{"line":91,"column":5}},"loc":{"start":{"line":91,"column":32},"end":{"line":106,"column":5}},"line":91},"10":{"name":"(anonymous_10)","decl":{"start":{"line":95,"column":16},"end":{"line":95,"column":17}},"loc":{"start":{"line":95,"column":26},"end":{"line":98,"column":9}},"line":95},"11":{"name":"(anonymous_11)","decl":{"start":{"line":108,"column":4},"end":{"line":108,"column":5}},"loc":{"start":{"line":108,"column":23},"end":{"line":128,"column":5}},"line":108}},"branchMap":{"0":{"loc":{"start":{"line":10,"column":8},"end":{"line":15,"column":14}},"type":"if","locations":[{"start":{"line":10,"column":8},"end":{"line":15,"column":14}},{"start":{"line":10,"column":8},"end":{"line":15,"column":14}}],"line":10},"1":{"loc":{"start":{"line":24,"column":8},"end":{"line":29,"column":14}},"type":"if","locations":[{"start":{"line":24,"column":8},"end":{"line":29,"column":14}},{"start":{"line":24,"column":8},"end":{"line":29,"column":14}}],"line":24},"2":{"loc":{"start":{"line":36,"column":8},"end":{"line":41,"column":14}},"type":"if","locations":[{"start":{"line":36,"column":8},"end":{"line":41,"column":14}},{"start":{"line":36,"column":8},"end":{"line":41,"column":14}}],"line":36},"3":{"loc":{"start":{"line":48,"column":8},"end":{"line":53,"column":14}},"type":"if","locations":[{"start":{"line":48,"column":8},"end":{"line":53,"column":14}},{"start":{"line":48,"column":8},"end":{"line":53,"column":14}}],"line":48},"4":{"loc":{"start":{"line":58,"column":8},"end":{"line":63,"column":14}},"type":"if","locations":[{"start":{"line":58,"column":8},"end":{"line":63,"column":14}},{"start":{"line":58,"column":8},"end":{"line":63,"column":14}}],"line":58},"5":{"loc":{"start":{"line":75,"column":20},"end":{"line":77,"column":21}},"type":"if","locations":[{"start":{"line":75,"column":20},"end":{"line":77,"column":21}},{"start":{"line":75,"column":20},"end":{"line":77,"column":21}}],"line":75},"6":{"loc":{"start":{"line":83,"column":8},"end":{"line":88,"column":14}},"type":"if","locations":[{"start":{"line":83,"column":8},"end":{"line":88,"column":14}},{"start":{"line":83,"column":8},"end":{"line":88,"column":14}}],"line":83},"7":{"loc":{"start":{"line":100,"column":8},"end":{"line":105,"column":14}},"type":"if","locations":[{"start":{"line":100,"column":8},"end":{"line":105,"column":14}},{"start":{"line":100,"column":8},"end":{"line":105,"column":14}}],"line":100},"8":{"loc":{"start":{"line":122,"column":8},"end":{"line":127,"column":14}},"type":"if","locations":[{"start":{"line":122,"column":8},"end":{"line":127,"column":14}},{"start":{"line":122,"column":8},"end":{"line":127,"column":14}}],"line":122}},"s":{"0":1,"1":1,"2":1,"3":1,"4":1,"5":0,"6":0,"7":0,"8":0,"9":0,"10":0,"11":0,"12":0,"13":0,"14":0,"15":0,"16":0,"17":0,"18":0,"19":0,"20":0,"21":0,"22":0,"23":0,"24":0,"25":0,"26":0,"27":0,"28":0,"29":0,"30":0,"31":0,"32":0,"33":0,"34":0,"35":0,"36":0,"37":0,"38":0,"39":0,"40":0,"41":0,"42":0,"43":0,"44":0,"45":0,"46":0,"47":0},"f":{"0":0,"1":0,"2":0,"3":0,"4":0,"5":0,"6":0,"7":0,"8":0,"9":0,"10":0,"11":0},"b":{"0":[0,0],"1":[0,0],"2":[0,0],"3":[0,0],"4":[0,0],"5":[0,0],"6":[0,0],"7":[0,0],"8":[0,0]},"_coverageSchema":"1a1c01bbd47fc00a2c39e90264f33305004495a9","hash":"e322329e5b6286e456ddc00db498cfd4325b09b6","contentHash":"eeecda716eb8ad4cfd89c97446b50c0a5005e74350403d0bbbfb6d8c62415c75"},"C:\\Users\\abdal\\Graduation_Project_Backend\\src\\models\\schema\\Report.js":{"path":"C:\\Users\\abdal\\Graduation_Project_Backend\\src\\models\\schema\\Report.js","statementMap":{"0":{"start":{"line":1,"column":17},"end":{"line":1,"column":36}},"1":{"start":{"line":3,"column":15},"end":{"line":3,"column":30}},"2":{"start":{"line":5,"column":15},"end":{"line":15,"column":2}},"3":{"start":{"line":17,"column":0},"end":{"line":17,"column":24}}},"fnMap":{},"branchMap":{},"s":{"0":1,"1":1,"2":1,"3":1},"f":{},"b":{},"_coverageSchema":"1a1c01bbd47fc00a2c39e90264f33305004495a9","hash":"2c4df5691adbd44d68c25484e8a2c5f66c71030f","contentHash":"60c25a4e9348ab9135d31756ba18f8d08f62b9f6db5e51cd63705112cb81ced8"},"C:\\Users\\abdal\\Graduation_Project_Backend\\src\\business\\Permissions\\Permissions.js":{"path":"C:\\Users\\abdal\\Graduation_Project_Backend\\src\\business\\Permissions\\Permissions.js","statementMap":{"0":{"start":{"line":1,"column":25},"end":{"line":1,"column":66}},"1":{"start":{"line":3,"column":0},"end":{"line":34,"column":1}},"2":{"start":{"line":6,"column":23},"end":{"line":8,"column":10}},"3":{"start":{"line":9,"column":8},"end":{"line":9,"column":22}},"4":{"start":{"line":13,"column":23},"end":{"line":15,"column":10}},"5":{"start":{"line":16,"column":8},"end":{"line":16,"column":22}},"6":{"start":{"line":20,"column":23},"end":{"line":23,"column":10}},"7":{"start":{"line":24,"column":8},"end":{"line":24,"column":22}},"8":{"start":{"line":28,"column":23},"end":{"line":31,"column":10}},"9":{"start":{"line":32,"column":8},"end":{"line":32,"column":22}}},"fnMap":{"0":{"name":"(anonymous_0)","decl":{"start":{"line":5,"column":4},"end":{"line":5,"column":5}},"loc":{"start":{"line":5,"column":28},"end":{"line":10,"column":5}},"line":5},"1":{"name":"(anonymous_1)","decl":{"start":{"line":12,"column":4},"end":{"line":12,"column":5}},"loc":{"start":{"line":12,"column":26},"end":{"line":17,"column":5}},"line":12},"2":{"name":"(anonymous_2)","decl":{"start":{"line":19,"column":4},"end":{"line":19,"column":5}},"loc":{"start":{"line":19,"column":36},"end":{"line":25,"column":5}},"line":19},"3":{"name":"(anonymous_3)","decl":{"start":{"line":27,"column":4},"end":{"line":27,"column":5}},"loc":{"start":{"line":27,"column":39},"end":{"line":33,"column":5}},"line":27}},"branchMap":{},"s":{"0":1,"1":1,"2":0,"3":0,"4":0,"5":0,"6":0,"7":0,"8":0,"9":0},"f":{"0":0,"1":0,"2":0,"3":0},"b":{},"_coverageSchema":"1a1c01bbd47fc00a2c39e90264f33305004495a9","hash":"7939c0274fd9136ffe2a77aa29730802a15f6e76","contentHash":"778276d5f6506d87cb21621bbf4acbddb5f721bebd7e321baaced087fbdd9385"},"C:\\Users\\abdal\\Graduation_Project_Backend\\src\\models\\model\\Permissions.js":{"path":"C:\\Users\\abdal\\Graduation_Project_Backend\\src\\models\\model\\Permissions.js","statementMap":{"0":{"start":{"line":1,"column":17},"end":{"line":1,"column":36}},"1":{"start":{"line":2,"column":26},"end":{"line":2,"column":58}},"2":{"start":{"line":4,"column":25},"end":{"line":4,"column":73}},"3":{"start":{"line":6,"column":0},"end":{"line":62,"column":1}},"4":{"start":{"line":9,"column":23},"end":{"line":9,"column":53}},"5":{"start":{"line":10,"column":8},"end":{"line":14,"column":9}},"6":{"start":{"line":11,"column":12},"end":{"line":11,"column":26}},"7":{"start":{"line":13,"column":12},"end":{"line":13,"column":48}},"8":{"start":{"line":18,"column":23},"end":{"line":20,"column":10}},"9":{"start":{"line":22,"column":8},"end":{"line":26,"column":9}},"10":{"start":{"line":23,"column":12},"end":{"line":23,"column":26}},"11":{"start":{"line":25,"column":12},"end":{"line":25,"column":46}},"12":{"start":{"line":30,"column":23},"end":{"line":38,"column":10}},"13":{"start":{"line":39,"column":8},"end":{"line":43,"column":9}},"14":{"start":{"line":40,"column":12},"end":{"line":40,"column":26}},"15":{"start":{"line":42,"column":12},"end":{"line":42,"column":44}},"16":{"start":{"line":47,"column":23},"end":{"line":55,"column":10}},"17":{"start":{"line":56,"column":8},"end":{"line":60,"column":9}},"18":{"start":{"line":57,"column":12},"end":{"line":57,"column":26}},"19":{"start":{"line":59,"column":12},"end":{"line":59,"column":47}}},"fnMap":{"0":{"name":"(anonymous_0)","decl":{"start":{"line":8,"column":4},"end":{"line":8,"column":5}},"loc":{"start":{"line":8,"column":29},"end":{"line":15,"column":5}},"line":8},"1":{"name":"(anonymous_1)","decl":{"start":{"line":17,"column":4},"end":{"line":17,"column":5}},"loc":{"start":{"line":17,"column":27},"end":{"line":27,"column":5}},"line":17},"2":{"name":"(anonymous_2)","decl":{"start":{"line":29,"column":4},"end":{"line":29,"column":5}},"loc":{"start":{"line":29,"column":25},"end":{"line":44,"column":5}},"line":29},"3":{"name":"(anonymous_3)","decl":{"start":{"line":46,"column":4},"end":{"line":46,"column":5}},"loc":{"start":{"line":46,"column":28},"end":{"line":61,"column":5}},"line":46}},"branchMap":{"0":{"loc":{"start":{"line":10,"column":8},"end":{"line":14,"column":9}},"type":"if","locations":[{"start":{"line":10,"column":8},"end":{"line":14,"column":9}},{"start":{"line":10,"column":8},"end":{"line":14,"column":9}}],"line":10},"1":{"loc":{"start":{"line":22,"column":8},"end":{"line":26,"column":9}},"type":"if","locations":[{"start":{"line":22,"column":8},"end":{"line":26,"column":9}},{"start":{"line":22,"column":8},"end":{"line":26,"column":9}}],"line":22},"2":{"loc":{"start":{"line":39,"column":8},"end":{"line":43,"column":9}},"type":"if","locations":[{"start":{"line":39,"column":8},"end":{"line":43,"column":9}},{"start":{"line":39,"column":8},"end":{"line":43,"column":9}}],"line":39},"3":{"loc":{"start":{"line":56,"column":8},"end":{"line":60,"column":9}},"type":"if","locations":[{"start":{"line":56,"column":8},"end":{"line":60,"column":9}},{"start":{"line":56,"column":8},"end":{"line":60,"column":9}}],"line":56}},"s":{"0":1,"1":1,"2":1,"3":1,"4":0,"5":0,"6":0,"7":0,"8":0,"9":0,"10":0,"11":0,"12":0,"13":0,"14":0,"15":0,"16":0,"17":0,"18":0,"19":0},"f":{"0":0,"1":0,"2":0,"3":0},"b":{"0":[0,0],"1":[0,0],"2":[0,0],"3":[0,0]},"_coverageSchema":"1a1c01bbd47fc00a2c39e90264f33305004495a9","hash":"9f478ee0b52540e674e18ba6dd6fff1ce61fffad","contentHash":"960f60399887fba910267ae32b9da1a349cc9da3c9bc35a82a2b971523abbc6d"},"C:\\Users\\abdal\\Graduation_Project_Backend\\src\\models\\schema\\Permissions.js":{"path":"C:\\Users\\abdal\\Graduation_Project_Backend\\src\\models\\schema\\Permissions.js","statementMap":{"0":{"start":{"line":1,"column":17},"end":{"line":1,"column":36}},"1":{"start":{"line":3,"column":15},"end":{"line":3,"column":30}},"2":{"start":{"line":5,"column":20},"end":{"line":16,"column":2}},"3":{"start":{"line":18,"column":0},"end":{"line":18,"column":29}}},"fnMap":{},"branchMap":{},"s":{"0":1,"1":1,"2":1,"3":1},"f":{},"b":{},"_coverageSchema":"1a1c01bbd47fc00a2c39e90264f33305004495a9","hash":"9f3a8e6870987c3d4a550e4de8bbc05842bac391","contentHash":"f212d0fbae18abbe0464aefa7f2d9aa388192235cb5f8265f1ecf736f44f5876"},"C:\\Users\\abdal\\Graduation_Project_Backend\\src\\models\\model\\Admin.js":{"path":"C:\\Users\\abdal\\Graduation_Project_Backend\\src\\models\\model\\Admin.js","statementMap":{"0":{"start":{"line":1,"column":17},"end":{"line":1,"column":36}},"1":{"start":{"line":2,"column":20},"end":{"line":2,"column":46}},"2":{"start":{"line":3,"column":18},"end":{"line":3,"column":54}},"3":{"start":{"line":5,"column":0},"end":{"line":68,"column":2}},"4":{"start":{"line":7,"column":23},"end":{"line":7,"column":47}},"5":{"start":{"line":9,"column":8},"end":{"line":15,"column":9}},"6":{"start":{"line":10,"column":12},"end":{"line":10,"column":26}},"7":{"start":{"line":12,"column":12},"end":{"line":14,"column":14}},"8":{"start":{"line":19,"column":23},"end":{"line":21,"column":49}},"9":{"start":{"line":23,"column":8},"end":{"line":29,"column":9}},"10":{"start":{"line":24,"column":12},"end":{"line":24,"column":26}},"11":{"start":{"line":26,"column":12},"end":{"line":28,"column":14}},"12":{"start":{"line":33,"column":23},"end":{"line":35,"column":10}},"13":{"start":{"line":37,"column":8},"end":{"line":43,"column":9}},"14":{"start":{"line":38,"column":12},"end":{"line":38,"column":26}},"15":{"start":{"line":40,"column":12},"end":{"line":42,"column":14}},"16":{"start":{"line":47,"column":23},"end":{"line":49,"column":10}},"17":{"start":{"line":50,"column":8},"end":{"line":55,"column":14}},"18":{"start":{"line":51,"column":12},"end":{"line":51,"column":26}},"19":{"start":{"line":53,"column":12},"end":{"line":55,"column":14}},"20":{"start":{"line":59,"column":23},"end":{"line":59,"column":48}},"21":{"start":{"line":61,"column":8},"end":{"line":66,"column":14}},"22":{"start":{"line":62,"column":12},"end":{"line":62,"column":26}},"23":{"start":{"line":64,"column":12},"end":{"line":66,"column":14}}},"fnMap":{"0":{"name":"(anonymous_0)","decl":{"start":{"line":6,"column":4},"end":{"line":6,"column":5}},"loc":{"start":{"line":6,"column":23},"end":{"line":16,"column":5}},"line":6},"1":{"name":"(anonymous_1)","decl":{"start":{"line":18,"column":4},"end":{"line":18,"column":5}},"loc":{"start":{"line":18,"column":23},"end":{"line":30,"column":5}},"line":18},"2":{"name":"(anonymous_2)","decl":{"start":{"line":32,"column":4},"end":{"line":32,"column":5}},"loc":{"start":{"line":32,"column":23},"end":{"line":44,"column":5}},"line":32},"3":{"name":"(anonymous_3)","decl":{"start":{"line":46,"column":4},"end":{"line":46,"column":5}},"loc":{"start":{"line":46,"column":20},"end":{"line":56,"column":5}},"line":46},"4":{"name":"(anonymous_4)","decl":{"start":{"line":58,"column":4},"end":{"line":58,"column":5}},"loc":{"start":{"line":58,"column":21},"end":{"line":67,"column":5}},"line":58}},"branchMap":{"0":{"loc":{"start":{"line":9,"column":8},"end":{"line":15,"column":9}},"type":"if","locations":[{"start":{"line":9,"column":8},"end":{"line":15,"column":9}},{"start":{"line":9,"column":8},"end":{"line":15,"column":9}}],"line":9},"1":{"loc":{"start":{"line":23,"column":8},"end":{"line":29,"column":9}},"type":"if","locations":[{"start":{"line":23,"column":8},"end":{"line":29,"column":9}},{"start":{"line":23,"column":8},"end":{"line":29,"column":9}}],"line":23},"2":{"loc":{"start":{"line":37,"column":8},"end":{"line":43,"column":9}},"type":"if","locations":[{"start":{"line":37,"column":8},"end":{"line":43,"column":9}},{"start":{"line":37,"column":8},"end":{"line":43,"column":9}}],"line":37},"3":{"loc":{"start":{"line":50,"column":8},"end":{"line":55,"column":14}},"type":"if","locations":[{"start":{"line":50,"column":8},"end":{"line":55,"column":14}},{"start":{"line":50,"column":8},"end":{"line":55,"column":14}}],"line":50},"4":{"loc":{"start":{"line":61,"column":8},"end":{"line":66,"column":14}},"type":"if","locations":[{"start":{"line":61,"column":8},"end":{"line":66,"column":14}},{"start":{"line":61,"column":8},"end":{"line":66,"column":14}}],"line":61}},"s":{"0":1,"1":1,"2":1,"3":1,"4":0,"5":0,"6":0,"7":0,"8":0,"9":0,"10":0,"11":0,"12":0,"13":0,"14":0,"15":0,"16":0,"17":0,"18":0,"19":0,"20":0,"21":0,"22":0,"23":0},"f":{"0":0,"1":0,"2":0,"3":0,"4":0},"b":{"0":[0,0],"1":[0,0],"2":[0,0],"3":[0,0],"4":[0,0]},"_coverageSchema":"1a1c01bbd47fc00a2c39e90264f33305004495a9","hash":"3a5f34c54f74de784bd357f08059f4eb3bd350d9","contentHash":"573bed9f3a06f4de7757bf07cea5546fbd18a976c74eb6a71c75e64537768eda"},"C:\\Users\\abdal\\Graduation_Project_Backend\\src\\models\\schema\\Admin.js":{"path":"C:\\Users\\abdal\\Graduation_Project_Backend\\src\\models\\schema\\Admin.js","statementMap":{"0":{"start":{"line":1,"column":17},"end":{"line":1,"column":36}},"1":{"start":{"line":2,"column":17},"end":{"line":2,"column":38}},"2":{"start":{"line":3,"column":20},"end":{"line":3,"column":44}},"3":{"start":{"line":5,"column":13},"end":{"line":5,"column":30}},"4":{"start":{"line":7,"column":15},"end":{"line":7,"column":30}},"5":{"start":{"line":9,"column":14},"end":{"line":26,"column":2}},"6":{"start":{"line":28,"column":0},"end":{"line":28,"column":23}}},"fnMap":{},"branchMap":{},"s":{"0":1,"1":1,"2":1,"3":1,"4":1,"5":1,"6":1},"f":{},"b":{},"_coverageSchema":"1a1c01bbd47fc00a2c39e90264f33305004495a9","hash":"b1f9c90f0526ea59977f4d42e190fb693f12a4d5","contentHash":"e106aaf93fc3ff6980248da25de593551e1bf7edb29fc9e2e13ca7dd31d6c87d"}}