{"C:\\Users\\abdal\\Graduation_Project_Backend\\src\\business\\Car\\Car.js":{"path":"C:\\Users\\abdal\\Graduation_Project_Backend\\src\\business\\Car\\Car.js","statementMap":{"0":{"start":{"line":1,"column":17},"end":{"line":1,"column":50}},"1":{"start":{"line":2,"column":22},"end":{"line":2,"column":43}},"2":{"start":{"line":4,"column":0},"end":{"line":44,"column":1}},"3":{"start":{"line":9,"column":33},"end":{"line":9,"column":71}},"4":{"start":{"line":10,"column":8},"end":{"line":11,"column":52}},"5":{"start":{"line":11,"column":12},"end":{"line":11,"column":52}},"6":{"start":{"line":16,"column":30},"end":{"line":16,"column":60}},"7":{"start":{"line":17,"column":8},"end":{"line":17,"column":29}},"8":{"start":{"line":22,"column":30},"end":{"line":22,"column":59}},"9":{"start":{"line":23,"column":8},"end":{"line":23,"column":29}},"10":{"start":{"line":28,"column":30},"end":{"line":28,"column":57}},"11":{"start":{"line":29,"column":8},"end":{"line":29,"column":29}},"12":{"start":{"line":34,"column":30},"end":{"line":34,"column":57}},"13":{"start":{"line":35,"column":8},"end":{"line":35,"column":29}},"14":{"start":{"line":40,"column":30},"end":{"line":40,"column":61}},"15":{"start":{"line":41,"column":8},"end":{"line":41,"column":29}}},"fnMap":{"0":{"name":"(anonymous_0)","decl":{"start":{"line":5,"column":4},"end":{"line":5,"column":5}},"loc":{"start":{"line":5,"column":18},"end":{"line":5,"column":20}},"line":5},"1":{"name":"(anonymous_1)","decl":{"start":{"line":7,"column":4},"end":{"line":7,"column":5}},"loc":{"start":{"line":8,"column":4},"end":{"line":12,"column":5}},"line":8},"2":{"name":"(anonymous_2)","decl":{"start":{"line":14,"column":4},"end":{"line":14,"column":5}},"loc":{"start":{"line":15,"column":4},"end":{"line":18,"column":5}},"line":15},"3":{"name":"(anonymous_3)","decl":{"start":{"line":20,"column":4},"end":{"line":20,"column":5}},"loc":{"start":{"line":21,"column":4},"end":{"line":24,"column":5}},"line":21},"4":{"name":"(anonymous_4)","decl":{"start":{"line":26,"column":4},"end":{"line":26,"column":5}},"loc":{"start":{"line":27,"column":4},"end":{"line":30,"column":5}},"line":27},"5":{"name":"(anonymous_5)","decl":{"start":{"line":32,"column":4},"end":{"line":32,"column":5}},"loc":{"start":{"line":33,"column":4},"end":{"line":36,"column":5}},"line":33},"6":{"name":"(anonymous_6)","decl":{"start":{"line":38,"column":4},"end":{"line":38,"column":5}},"loc":{"start":{"line":39,"column":4},"end":{"line":42,"column":5}},"line":39}},"branchMap":{"0":{"loc":{"start":{"line":10,"column":8},"end":{"line":11,"column":52}},"type":"if","locations":[{"start":{"line":10,"column":8},"end":{"line":11,"column":52}},{"start":{"line":10,"column":8},"end":{"line":11,"column":52}}],"line":10}},"s":{"0":1,"1":1,"2":1,"3":10,"4":10,"5":9,"6":1,"7":1,"8":3,"9":3,"10":4,"11":4,"12":1,"13":1,"14":4,"15":4},"f":{"0":1,"1":10,"2":1,"3":3,"4":4,"5":1,"6":4},"b":{"0":[9,1]},"_coverageSchema":"1a1c01bbd47fc00a2c39e90264f33305004495a9","hash":"bec449b3d2c0f1bf882272b338c63f0d1a662163","contentHash":"0beec8a57bcfeabfc7008bd84b5c9a7c806975f9c8b943bc2ac045538cc687ed"},"C:\\Users\\abdal\\Graduation_Project_Backend\\src\\models\\model\\Car.js":{"path":"C:\\Users\\abdal\\Graduation_Project_Backend\\src\\models\\model\\Car.js","statementMap":{"0":{"start":{"line":1,"column":17},"end":{"line":1,"column":36}},"1":{"start":{"line":2,"column":18},"end":{"line":2,"column":42}},"2":{"start":{"line":4,"column":16},"end":{"line":4,"column":48}},"3":{"start":{"line":6,"column":0},"end":{"line":70,"column":1}},"4":{"start":{"line":11,"column":23},"end":{"line":11,"column":64}},"5":{"start":{"line":12,"column":8},"end":{"line":15,"column":52}},"6":{"start":{"line":13,"column":12},"end":{"line":13,"column":26}},"7":{"start":{"line":15,"column":8},"end":{"line":15,"column":52}},"8":{"start":{"line":19,"column":23},"end":{"line":19,"column":111}},"9":{"start":{"line":21,"column":8},"end":{"line":24,"column":57}},"10":{"start":{"line":22,"column":12},"end":{"line":22,"column":26}},"11":{"start":{"line":24,"column":12},"end":{"line":24,"column":57}},"12":{"start":{"line":30,"column":23},"end":{"line":34,"column":21}},"13":{"start":{"line":36,"column":11},"end":{"line":39,"column":59}},"14":{"start":{"line":37,"column":16},"end":{"line":37,"column":30}},"15":{"start":{"line":39,"column":16},"end":{"line":39,"column":59}},"16":{"start":{"line":45,"column":23},"end":{"line":45,"column":80}},"17":{"start":{"line":46,"column":8},"end":{"line":49,"column":51}},"18":{"start":{"line":47,"column":12},"end":{"line":47,"column":26}},"19":{"start":{"line":49,"column":8},"end":{"line":49,"column":51}},"20":{"start":{"line":54,"column":23},"end":{"line":54,"column":57}},"21":{"start":{"line":55,"column":8},"end":{"line":58,"column":52}},"22":{"start":{"line":56,"column":12},"end":{"line":56,"column":26}},"23":{"start":{"line":58,"column":8},"end":{"line":58,"column":52}},"24":{"start":{"line":63,"column":23},"end":{"line":63,"column":46}},"25":{"start":{"line":64,"column":8},"end":{"line":67,"column":56}},"26":{"start":{"line":65,"column":8},"end":{"line":65,"column":22}},"27":{"start":{"line":67,"column":8},"end":{"line":67,"column":56}}},"fnMap":{"0":{"name":"(anonymous_0)","decl":{"start":{"line":9,"column":4},"end":{"line":9,"column":5}},"loc":{"start":{"line":10,"column":4},"end":{"line":16,"column":5}},"line":10},"1":{"name":"(anonymous_1)","decl":{"start":{"line":17,"column":4},"end":{"line":17,"column":5}},"loc":{"start":{"line":18,"column":4},"end":{"line":25,"column":5}},"line":18},"2":{"name":"(anonymous_2)","decl":{"start":{"line":27,"column":4},"end":{"line":27,"column":5}},"loc":{"start":{"line":28,"column":4},"end":{"line":41,"column":5}},"line":28},"3":{"name":"(anonymous_3)","decl":{"start":{"line":43,"column":4},"end":{"line":43,"column":5}},"loc":{"start":{"line":44,"column":4},"end":{"line":50,"column":5}},"line":44},"4":{"name":"(anonymous_4)","decl":{"start":{"line":52,"column":4},"end":{"line":52,"column":5}},"loc":{"start":{"line":53,"column":4},"end":{"line":59,"column":5}},"line":53},"5":{"name":"(anonymous_5)","decl":{"start":{"line":61,"column":4},"end":{"line":61,"column":5}},"loc":{"start":{"line":62,"column":4},"end":{"line":68,"column":5}},"line":62}},"branchMap":{"0":{"loc":{"start":{"line":12,"column":8},"end":{"line":15,"column":52}},"type":"if","locations":[{"start":{"line":12,"column":8},"end":{"line":15,"column":52}},{"start":{"line":12,"column":8},"end":{"line":15,"column":52}}],"line":12},"1":{"loc":{"start":{"line":21,"column":8},"end":{"line":24,"column":57}},"type":"if","locations":[{"start":{"line":21,"column":8},"end":{"line":24,"column":57}},{"start":{"line":21,"column":8},"end":{"line":24,"column":57}}],"line":21},"2":{"loc":{"start":{"line":36,"column":11},"end":{"line":39,"column":59}},"type":"if","locations":[{"start":{"line":36,"column":11},"end":{"line":39,"column":59}},{"start":{"line":36,"column":11},"end":{"line":39,"column":59}}],"line":36},"3":{"loc":{"start":{"line":46,"column":8},"end":{"line":49,"column":51}},"type":"if","locations":[{"start":{"line":46,"column":8},"end":{"line":49,"column":51}},{"start":{"line":46,"column":8},"end":{"line":49,"column":51}}],"line":46},"4":{"loc":{"start":{"line":55,"column":8},"end":{"line":58,"column":52}},"type":"if","locations":[{"start":{"line":55,"column":8},"end":{"line":58,"column":52}},{"start":{"line":55,"column":8},"end":{"line":58,"column":52}}],"line":55},"5":{"loc":{"start":{"line":64,"column":8},"end":{"line":67,"column":56}},"type":"if","locations":[{"start":{"line":64,"column":8},"end":{"line":67,"column":56}},{"start":{"line":64,"column":8},"end":{"line":67,"column":56}}],"line":64}},"s":{"0":1,"1":1,"2":1,"3":1,"4":1,"5":1,"6":1,"7":0,"8":4,"9":4,"10":4,"11":0,"12":1,"13":1,"14":1,"15":0,"16":4,"17":4,"18":4,"19":0,"20":3,"21":3,"22":3,"23":0,"24":0,"25":0,"26":0,"27":0},"f":{"0":1,"1":4,"2":1,"3":4,"4":3,"5":0},"b":{"0":[1,0],"1":[4,0],"2":[1,0],"3":[4,0],"4":[3,0],"5":[0,0]},"_coverageSchema":"1a1c01bbd47fc00a2c39e90264f33305004495a9","hash":"a977be559d90d071154ef7d4c3a9e61104ed8dac","contentHash":"27cc6d122bc76ffb7475a33ffceb9d27aef8224d55e6c1abe13e72dca99adb15"},"C:\\Users\\abdal\\Graduation_Project_Backend\\src\\models\\schema\\Car.js":{"path":"C:\\Users\\abdal\\Graduation_Project_Backend\\src\\models\\schema\\Car.js","statementMap":{"0":{"start":{"line":1,"column":17},"end":{"line":1,"column":36}},"1":{"start":{"line":3,"column":15},"end":{"line":3,"column":30}},"2":{"start":{"line":5,"column":12},"end":{"line":9,"column":2}},"3":{"start":{"line":11,"column":0},"end":{"line":11,"column":21}}},"fnMap":{},"branchMap":{},"s":{"0":1,"1":1,"2":1,"3":1},"f":{},"b":{},"_coverageSchema":"1a1c01bbd47fc00a2c39e90264f33305004495a9","hash":"6a4cc94e868540b98773cc5db3a9d3c6eefbef20","contentHash":"1b9bf7a6adf15ab8aa571411c94eb62a4d3a27c8b0ed9c19609e82d7b65b3c4e"},"C:\\Users\\abdal\\Graduation_Project_Backend\\src\\business\\Car\\validate.js":{"path":"C:\\Users\\abdal\\Graduation_Project_Backend\\src\\business\\Car\\validate.js","statementMap":{"0":{"start":{"line":1,"column":18},"end":{"line":1,"column":38}},"1":{"start":{"line":3,"column":0},"end":{"line":23,"column":1}},"2":{"start":{"line":7,"column":8},"end":{"line":8,"column":40}},"3":{"start":{"line":8,"column":12},"end":{"line":8,"column":40}},"4":{"start":{"line":9,"column":8},"end":{"line":10,"column":41}},"5":{"start":{"line":10,"column":12},"end":{"line":10,"column":41}},"6":{"start":{"line":12,"column":8},"end":{"line":18,"column":40}},"7":{"start":{"line":14,"column":12},"end":{"line":15,"column":44}},"8":{"start":{"line":15,"column":16},"end":{"line":15,"column":44}},"9":{"start":{"line":18,"column":12},"end":{"line":18,"column":40}},"10":{"start":{"line":20,"column":8},"end":{"line":20,"column":22}}},"fnMap":{"0":{"name":"(anonymous_0)","decl":{"start":{"line":5,"column":3},"end":{"line":5,"column":4}},"loc":{"start":{"line":6,"column":4},"end":{"line":21,"column":5}},"line":6}},"branchMap":{"0":{"loc":{"start":{"line":7,"column":8},"end":{"line":8,"column":40}},"type":"if","locations":[{"start":{"line":7,"column":8},"end":{"line":8,"column":40}},{"start":{"line":7,"column":8},"end":{"line":8,"column":40}}],"line":7},"1":{"loc":{"start":{"line":9,"column":8},"end":{"line":10,"column":41}},"type":"if","locations":[{"start":{"line":9,"column":8},"end":{"line":10,"column":41}},{"start":{"line":9,"column":8},"end":{"line":10,"column":41}}],"line":9},"2":{"loc":{"start":{"line":12,"column":8},"end":{"line":18,"column":40}},"type":"if","locations":[{"start":{"line":12,"column":8},"end":{"line":18,"column":40}},{"start":{"line":12,"column":8},"end":{"line":18,"column":40}}],"line":12},"3":{"loc":{"start":{"line":14,"column":12},"end":{"line":15,"column":44}},"type":"if","locations":[{"start":{"line":14,"column":12},"end":{"line":15,"column":44}},{"start":{"line":14,"column":12},"end":{"line":15,"column":44}}],"line":14},"4":{"loc":{"start":{"line":14,"column":15},"end":{"line":14,"column":92}},"type":"binary-expr","locations":[{"start":{"line":14,"column":15},"end":{"line":14,"column":40}},{"start":{"line":14,"column":44},"end":{"line":14,"column":92}}],"line":14}},"s":{"0":1,"1":1,"2":10,"3":3,"4":7,"5":3,"6":4,"7":3,"8":2,"9":1,"10":1},"f":{"0":10},"b":{"0":[3,7],"1":[3,4],"2":[3,1],"3":[2,1],"4":[3,2]},"_coverageSchema":"1a1c01bbd47fc00a2c39e90264f33305004495a9","hash":"9ff1c0e08fed61e6dd09309f78ce9d54c097b496","contentHash":"e746a2d57010328cf352df4fb51ee9761b527fcf069baa6751669d7c0c6a0a3b"},"C:\\Users\\abdal\\Graduation_Project_Backend\\connect.js":{"path":"C:\\Users\\abdal\\Graduation_Project_Backend\\connect.js","statementMap":{"0":{"start":{"line":1,"column":17},"end":{"line":1,"column":36}},"1":{"start":{"line":2,"column":12},"end":{"line":2,"column":97}},"2":{"start":{"line":3,"column":16},"end":{"line":3,"column":105}},"3":{"start":{"line":8,"column":2},"end":{"line":47,"column":5}},"4":{"start":{"line":9,"column":4},"end":{"line":46,"column":5}},"5":{"start":{"line":11,"column":8},"end":{"line":35,"column":65}},"6":{"start":{"line":13,"column":12},"end":{"line":13,"column":46}},"7":{"start":{"line":14,"column":12},"end":{"line":14,"column":49}},"8":{"start":{"line":15,"column":12},"end":{"line":15,"column":47}},"9":{"start":{"line":16,"column":12},"end":{"line":16,"column":52}},"10":{"start":{"line":17,"column":12},"end":{"line":17,"column":52}},"11":{"start":{"line":18,"column":12},"end":{"line":18,"column":52}},"12":{"start":{"line":19,"column":12},"end":{"line":19,"column":53}},"13":{"start":{"line":20,"column":12},"end":{"line":20,"column":51}},"14":{"start":{"line":21,"column":12},"end":{"line":21,"column":55}},"15":{"start":{"line":22,"column":12},"end":{"line":22,"column":48}},"16":{"start":{"line":23,"column":12},"end":{"line":23,"column":51}},"17":{"start":{"line":24,"column":12},"end":{"line":24,"column":49}},"18":{"start":{"line":25,"column":12},"end":{"line":25,"column":49}},"19":{"start":{"line":26,"column":12},"end":{"line":26,"column":51}},"20":{"start":{"line":27,"column":12},"end":{"line":27,"column":56}},"21":{"start":{"line":28,"column":12},"end":{"line":28,"column":49}},"22":{"start":{"line":29,"column":12},"end":{"line":29,"column":48}},"23":{"start":{"line":30,"column":12},"end":{"line":30,"column":53}},"24":{"start":{"line":32,"column":12},"end":{"line":32,"column":40}},"25":{"start":{"line":32,"column":21},"end":{"line":32,"column":40}},"26":{"start":{"line":33,"column":12},"end":{"line":33,"column":22}},"27":{"start":{"line":35,"column":22},"end":{"line":35,"column":63}},"28":{"start":{"line":39,"column":8},"end":{"line":45,"column":59}},"29":{"start":{"line":41,"column":10},"end":{"line":41,"column":40}},"30":{"start":{"line":42,"column":10},"end":{"line":42,"column":38}},"31":{"start":{"line":42,"column":19},"end":{"line":42,"column":38}},"32":{"start":{"line":43,"column":10},"end":{"line":43,"column":20}},"33":{"start":{"line":45,"column":20},"end":{"line":45,"column":57}},"34":{"start":{"line":52,"column":2},"end":{"line":52,"column":31}},"35":{"start":{"line":55,"column":0},"end":{"line":55,"column":36}}},"fnMap":{"0":{"name":"connect","decl":{"start":{"line":7,"column":9},"end":{"line":7,"column":16}},"loc":{"start":{"line":7,"column":19},"end":{"line":48,"column":1}},"line":7},"1":{"name":"(anonymous_1)","decl":{"start":{"line":8,"column":21},"end":{"line":8,"column":22}},"loc":{"start":{"line":8,"column":42},"end":{"line":47,"column":3}},"line":8},"2":{"name":"(anonymous_2)","decl":{"start":{"line":12,"column":14},"end":{"line":12,"column":15}},"loc":{"start":{"line":12,"column":28},"end":{"line":34,"column":9}},"line":12},"3":{"name":"(anonymous_3)","decl":{"start":{"line":35,"column":15},"end":{"line":35,"column":16}},"loc":{"start":{"line":35,"column":22},"end":{"line":35,"column":63}},"line":35},"4":{"name":"(anonymous_4)","decl":{"start":{"line":40,"column":14},"end":{"line":40,"column":15}},"loc":{"start":{"line":40,"column":28},"end":{"line":44,"column":7}},"line":40},"5":{"name":"(anonymous_5)","decl":{"start":{"line":45,"column":13},"end":{"line":45,"column":14}},"loc":{"start":{"line":45,"column":20},"end":{"line":45,"column":57}},"line":45},"6":{"name":"close","decl":{"start":{"line":50,"column":9},"end":{"line":50,"column":14}},"loc":{"start":{"line":51,"column":0},"end":{"line":53,"column":1}},"line":51}},"branchMap":{"0":{"loc":{"start":{"line":9,"column":4},"end":{"line":46,"column":5}},"type":"if","locations":[{"start":{"line":9,"column":4},"end":{"line":46,"column":5}},{"start":{"line":9,"column":4},"end":{"line":46,"column":5}}],"line":9},"1":{"loc":{"start":{"line":32,"column":12},"end":{"line":32,"column":40}},"type":"if","locations":[{"start":{"line":32,"column":12},"end":{"line":32,"column":40}},{"start":{"line":32,"column":12},"end":{"line":32,"column":40}}],"line":32},"2":{"loc":{"start":{"line":42,"column":10},"end":{"line":42,"column":38}},"type":"if","locations":[{"start":{"line":42,"column":10},"end":{"line":42,"column":38}},{"start":{"line":42,"column":10},"end":{"line":42,"column":38}}],"line":42}},"s":{"0":1,"1":1,"2":1,"3":7,"4":7,"5":7,"6":7,"7":7,"8":7,"9":7,"10":7,"11":7,"12":7,"13":7,"14":7,"15":7,"16":7,"17":7,"18":7,"19":7,"20":7,"21":7,"22":7,"23":7,"24":7,"25":0,"26":7,"27":0,"28":0,"29":0,"30":0,"31":0,"32":0,"33":0,"34":0,"35":1},"f":{"0":7,"1":7,"2":7,"3":0,"4":0,"5":0,"6":0},"b":{"0":[7,0],"1":[0,7],"2":[0,0]},"_coverageSchema":"1a1c01bbd47fc00a2c39e90264f33305004495a9","hash":"9721a5cd02f6e8e295e17810ff05c9239f054c45","contentHash":"c55b59a7aaee1538177277a3df32948c9d8492cff3dd1424afe1b98afd175700"},"C:\\Users\\abdal\\Graduation_Project_Backend\\src\\business\\CarOwner\\CarOwner.js":{"path":"C:\\Users\\abdal\\Graduation_Project_Backend\\src\\business\\CarOwner\\CarOwner.js","statementMap":{"0":{"start":{"line":1,"column":22},"end":{"line":1,"column":60}},"1":{"start":{"line":3,"column":0},"end":{"line":42,"column":1}},"2":{"start":{"line":8,"column":30},"end":{"line":8,"column":72}},"3":{"start":{"line":9,"column":8},"end":{"line":9,"column":29}},"4":{"start":{"line":14,"column":30},"end":{"line":14,"column":78}},"5":{"start":{"line":15,"column":8},"end":{"line":15,"column":29}},"6":{"start":{"line":20,"column":30},"end":{"line":20,"column":85}},"7":{"start":{"line":21,"column":8},"end":{"line":21,"column":29}},"8":{"start":{"line":26,"column":30},"end":{"line":26,"column":90}},"9":{"start":{"line":27,"column":8},"end":{"line":27,"column":29}},"10":{"start":{"line":32,"column":30},"end":{"line":32,"column":91}},"11":{"start":{"line":33,"column":8},"end":{"line":33,"column":29}},"12":{"start":{"line":39,"column":30},"end":{"line":39,"column":76}},"13":{"start":{"line":40,"column":8},"end":{"line":40,"column":29}}},"fnMap":{"0":{"name":"(anonymous_0)","decl":{"start":{"line":4,"column":4},"end":{"line":4,"column":5}},"loc":{"start":{"line":4,"column":18},"end":{"line":4,"column":20}},"line":4},"1":{"name":"(anonymous_1)","decl":{"start":{"line":6,"column":4},"end":{"line":6,"column":5}},"loc":{"start":{"line":7,"column":4},"end":{"line":10,"column":5}},"line":7},"2":{"name":"(anonymous_2)","decl":{"start":{"line":12,"column":4},"end":{"line":12,"column":5}},"loc":{"start":{"line":13,"column":4},"end":{"line":16,"column":5}},"line":13},"3":{"name":"(anonymous_3)","decl":{"start":{"line":18,"column":4},"end":{"line":18,"column":5}},"loc":{"start":{"line":19,"column":4},"end":{"line":22,"column":5}},"line":19},"4":{"name":"(anonymous_4)","decl":{"start":{"line":24,"column":4},"end":{"line":24,"column":5}},"loc":{"start":{"line":25,"column":4},"end":{"line":28,"column":5}},"line":25},"5":{"name":"(anonymous_5)","decl":{"start":{"line":30,"column":4},"end":{"line":30,"column":5}},"loc":{"start":{"line":31,"column":4},"end":{"line":34,"column":5}},"line":31},"6":{"name":"(anonymous_6)","decl":{"start":{"line":37,"column":4},"end":{"line":37,"column":5}},"loc":{"start":{"line":38,"column":4},"end":{"line":41,"column":5}},"line":38}},"branchMap":{},"s":{"0":1,"1":1,"2":1,"3":1,"4":3,"5":3,"6":3,"7":3,"8":1,"9":1,"10":1,"11":1,"12":1,"13":1},"f":{"0":1,"1":1,"2":3,"3":3,"4":1,"5":1,"6":1},"b":{},"_coverageSchema":"1a1c01bbd47fc00a2c39e90264f33305004495a9","hash":"d385ff9757e25a9a32c3d5c4455ab4509299eebf","contentHash":"c73c45826164e42c7bffedbc47a250af9effa99304fb52a57ae792d8adfd63ac"},"C:\\Users\\abdal\\Graduation_Project_Backend\\src\\models\\model\\CarOwner.js":{"path":"C:\\Users\\abdal\\Graduation_Project_Backend\\src\\models\\model\\CarOwner.js","statementMap":{"0":{"start":{"line":1,"column":17},"end":{"line":1,"column":36}},"1":{"start":{"line":2,"column":23},"end":{"line":2,"column":52}},"2":{"start":{"line":3,"column":21},"end":{"line":3,"column":63}},"3":{"start":{"line":5,"column":0},"end":{"line":112,"column":2}},"4":{"start":{"line":7,"column":23},"end":{"line":7,"column":50}},"5":{"start":{"line":9,"column":8},"end":{"line":15,"column":9}},"6":{"start":{"line":10,"column":12},"end":{"line":10,"column":26}},"7":{"start":{"line":12,"column":12},"end":{"line":14,"column":14}},"8":{"start":{"line":19,"column":23},"end":{"line":21,"column":20}},"9":{"start":{"line":23,"column":8},"end":{"line":29,"column":9}},"10":{"start":{"line":24,"column":12},"end":{"line":24,"column":26}},"11":{"start":{"line":26,"column":12},"end":{"line":28,"column":14}},"12":{"start":{"line":33,"column":23},"end":{"line":35,"column":10}},"13":{"start":{"line":37,"column":8},"end":{"line":43,"column":9}},"14":{"start":{"line":38,"column":12},"end":{"line":38,"column":26}},"15":{"start":{"line":40,"column":12},"end":{"line":42,"column":14}},"16":{"start":{"line":47,"column":23},"end":{"line":49,"column":10}},"17":{"start":{"line":50,"column":8},"end":{"line":55,"column":14}},"18":{"start":{"line":51,"column":12},"end":{"line":51,"column":26}},"19":{"start":{"line":53,"column":12},"end":{"line":55,"column":14}},"20":{"start":{"line":59,"column":23},"end":{"line":61,"column":10}},"21":{"start":{"line":62,"column":8},"end":{"line":67,"column":14}},"22":{"start":{"line":63,"column":12},"end":{"line":63,"column":26}},"23":{"start":{"line":65,"column":12},"end":{"line":67,"column":14}},"24":{"start":{"line":71,"column":23},"end":{"line":71,"column":51}},"25":{"start":{"line":73,"column":8},"end":{"line":78,"column":14}},"26":{"start":{"line":74,"column":12},"end":{"line":74,"column":26}},"27":{"start":{"line":76,"column":12},"end":{"line":78,"column":14}},"28":{"start":{"line":82,"column":23},"end":{"line":82,"column":122}},"29":{"start":{"line":83,"column":8},"end":{"line":86,"column":67}},"30":{"start":{"line":84,"column":12},"end":{"line":84,"column":26}},"31":{"start":{"line":86,"column":12},"end":{"line":86,"column":67}},"32":{"start":{"line":91,"column":23},"end":{"line":95,"column":9}},"33":{"start":{"line":96,"column":8},"end":{"line":99,"column":71}},"34":{"start":{"line":97,"column":12},"end":{"line":97,"column":26}},"35":{"start":{"line":99,"column":12},"end":{"line":99,"column":71}},"36":{"start":{"line":103,"column":23},"end":{"line":106,"column":9}},"37":{"start":{"line":107,"column":8},"end":{"line":110,"column":75}},"38":{"start":{"line":108,"column":12},"end":{"line":108,"column":26}},"39":{"start":{"line":110,"column":12},"end":{"line":110,"column":75}}},"fnMap":{"0":{"name":"(anonymous_0)","decl":{"start":{"line":6,"column":4},"end":{"line":6,"column":5}},"loc":{"start":{"line":6,"column":26},"end":{"line":16,"column":5}},"line":6},"1":{"name":"(anonymous_1)","decl":{"start":{"line":18,"column":4},"end":{"line":18,"column":5}},"loc":{"start":{"line":18,"column":26},"end":{"line":30,"column":5}},"line":18},"2":{"name":"(anonymous_2)","decl":{"start":{"line":32,"column":4},"end":{"line":32,"column":5}},"loc":{"start":{"line":32,"column":26},"end":{"line":44,"column":5}},"line":32},"3":{"name":"(anonymous_3)","decl":{"start":{"line":46,"column":4},"end":{"line":46,"column":5}},"loc":{"start":{"line":46,"column":23},"end":{"line":56,"column":5}},"line":46},"4":{"name":"(anonymous_4)","decl":{"start":{"line":58,"column":4},"end":{"line":58,"column":5}},"loc":{"start":{"line":58,"column":31},"end":{"line":68,"column":5}},"line":58},"5":{"name":"(anonymous_5)","decl":{"start":{"line":70,"column":4},"end":{"line":70,"column":5}},"loc":{"start":{"line":70,"column":24},"end":{"line":79,"column":5}},"line":70},"6":{"name":"(anonymous_6)","decl":{"start":{"line":81,"column":4},"end":{"line":81,"column":5}},"loc":{"start":{"line":81,"column":28},"end":{"line":87,"column":5}},"line":81},"7":{"name":"(anonymous_7)","decl":{"start":{"line":89,"column":4},"end":{"line":89,"column":5}},"loc":{"start":{"line":90,"column":4},"end":{"line":100,"column":5}},"line":90},"8":{"name":"(anonymous_8)","decl":{"start":{"line":101,"column":4},"end":{"line":101,"column":5}},"loc":{"start":{"line":102,"column":4},"end":{"line":111,"column":5}},"line":102}},"branchMap":{"0":{"loc":{"start":{"line":9,"column":8},"end":{"line":15,"column":9}},"type":"if","locations":[{"start":{"line":9,"column":8},"end":{"line":15,"column":9}},{"start":{"line":9,"column":8},"end":{"line":15,"column":9}}],"line":9},"1":{"loc":{"start":{"line":23,"column":8},"end":{"line":29,"column":9}},"type":"if","locations":[{"start":{"line":23,"column":8},"end":{"line":29,"column":9}},{"start":{"line":23,"column":8},"end":{"line":29,"column":9}}],"line":23},"2":{"loc":{"start":{"line":37,"column":8},"end":{"line":43,"column":9}},"type":"if","locations":[{"start":{"line":37,"column":8},"end":{"line":43,"column":9}},{"start":{"line":37,"column":8},"end":{"line":43,"column":9}}],"line":37},"3":{"loc":{"start":{"line":50,"column":8},"end":{"line":55,"column":14}},"type":"if","locations":[{"start":{"line":50,"column":8},"end":{"line":55,"column":14}},{"start":{"line":50,"column":8},"end":{"line":55,"column":14}}],"line":50},"4":{"loc":{"start":{"line":62,"column":8},"end":{"line":67,"column":14}},"type":"if","locations":[{"start":{"line":62,"column":8},"end":{"line":67,"column":14}},{"start":{"line":62,"column":8},"end":{"line":67,"column":14}}],"line":62},"5":{"loc":{"start":{"line":73,"column":8},"end":{"line":78,"column":14}},"type":"if","locations":[{"start":{"line":73,"column":8},"end":{"line":78,"column":14}},{"start":{"line":73,"column":8},"end":{"line":78,"column":14}}],"line":73},"6":{"loc":{"start":{"line":83,"column":8},"end":{"line":86,"column":67}},"type":"if","locations":[{"start":{"line":83,"column":8},"end":{"line":86,"column":67}},{"start":{"line":83,"column":8},"end":{"line":86,"column":67}}],"line":83},"7":{"loc":{"start":{"line":96,"column":8},"end":{"line":99,"column":71}},"type":"if","locations":[{"start":{"line":96,"column":8},"end":{"line":99,"column":71}},{"start":{"line":96,"column":8},"end":{"line":99,"column":71}}],"line":96},"8":{"loc":{"start":{"line":107,"column":8},"end":{"line":110,"column":75}},"type":"if","locations":[{"start":{"line":107,"column":8},"end":{"line":110,"column":75}},{"start":{"line":107,"column":8},"end":{"line":110,"column":75}}],"line":107}},"s":{"0":1,"1":1,"2":1,"3":1,"4":1,"5":1,"6":1,"7":0,"8":0,"9":0,"10":0,"11":0,"12":1,"13":1,"14":1,"15":0,"16":0,"17":0,"18":0,"19":0,"20":3,"21":3,"22":3,"23":0,"24":0,"25":0,"26":0,"27":0,"28":3,"29":3,"30":3,"31":0,"32":1,"33":1,"34":1,"35":0,"36":1,"37":1,"38":1,"39":0},"f":{"0":1,"1":0,"2":1,"3":0,"4":3,"5":0,"6":3,"7":1,"8":1},"b":{"0":[1,0],"1":[0,0],"2":[1,0],"3":[0,0],"4":[3,0],"5":[0,0],"6":[3,0],"7":[1,0],"8":[1,0]},"_coverageSchema":"1a1c01bbd47fc00a2c39e90264f33305004495a9","hash":"f3d76186cac4dacf1e2b203bb3ee691c8de10d6e","contentHash":"771bf83d574164e723fd2b38a33ecc287e3489fa6ed8123a49d3f65fd7fca05d"},"C:\\Users\\abdal\\Graduation_Project_Backend\\src\\models\\schema\\CarOwner.js":{"path":"C:\\Users\\abdal\\Graduation_Project_Backend\\src\\models\\schema\\CarOwner.js","statementMap":{"0":{"start":{"line":1,"column":17},"end":{"line":1,"column":36}},"1":{"start":{"line":3,"column":13},"end":{"line":3,"column":30}},"2":{"start":{"line":4,"column":12},"end":{"line":4,"column":28}},"3":{"start":{"line":5,"column":14},"end":{"line":5,"column":32}},"4":{"start":{"line":6,"column":21},"end":{"line":6,"column":46}},"5":{"start":{"line":9,"column":15},"end":{"line":9,"column":30}},"6":{"start":{"line":11,"column":17},"end":{"line":28,"column":2}},"7":{"start":{"line":30,"column":0},"end":{"line":30,"column":26}}},"fnMap":{},"branchMap":{},"s":{"0":1,"1":1,"2":1,"3":1,"4":1,"5":1,"6":1,"7":1},"f":{},"b":{},"_coverageSchema":"1a1c01bbd47fc00a2c39e90264f33305004495a9","hash":"50fed8fdc6e2420f9c531027624dcae856c8dd7e","contentHash":"71160604b8b4b3c39ccc0d7e0c8bef4a94e693c78787481f1570af3d824186b5"},"C:\\Users\\abdal\\Graduation_Project_Backend\\src\\models\\schema\\User.js":{"path":"C:\\Users\\abdal\\Graduation_Project_Backend\\src\\models\\schema\\User.js","statementMap":{"0":{"start":{"line":1,"column":17},"end":{"line":1,"column":36}},"1":{"start":{"line":3,"column":15},"end":{"line":3,"column":30}},"2":{"start":{"line":5,"column":13},"end":{"line":58,"column":2}},"3":{"start":{"line":61,"column":0},"end":{"line":61,"column":22}}},"fnMap":{},"branchMap":{},"s":{"0":1,"1":1,"2":1,"3":1},"f":{},"b":{},"_coverageSchema":"1a1c01bbd47fc00a2c39e90264f33305004495a9","hash":"f2ea231f06d6b9708cec266307eb21700b6fae9f","contentHash":"ac55b0aed890fd1b56a116adfdf67d96089d96edc043460cf081881a311af74d"},"C:\\Users\\abdal\\Graduation_Project_Backend\\src\\models\\schema\\Order.js":{"path":"C:\\Users\\abdal\\Graduation_Project_Backend\\src\\models\\schema\\Order.js","statementMap":{"0":{"start":{"line":1,"column":17},"end":{"line":1,"column":36}},"1":{"start":{"line":3,"column":21},"end":{"line":3,"column":46}},"2":{"start":{"line":5,"column":15},"end":{"line":5,"column":30}},"3":{"start":{"line":7,"column":14},"end":{"line":22,"column":2}},"4":{"start":{"line":24,"column":0},"end":{"line":24,"column":23}}},"fnMap":{},"branchMap":{},"s":{"0":1,"1":1,"2":1,"3":1,"4":1},"f":{},"b":{},"_coverageSchema":"1a1c01bbd47fc00a2c39e90264f33305004495a9","hash":"810c42513eae801886936873ff87f0978f2567b5","contentHash":"5afdbf64855d4a8c55124d42414b18e54fe643c6552b51d00470db3b5827b86c"},"C:\\Users\\abdal\\Graduation_Project_Backend\\src\\models\\schema\\ShoppingCart.js":{"path":"C:\\Users\\abdal\\Graduation_Project_Backend\\src\\models\\schema\\ShoppingCart.js","statementMap":{"0":{"start":{"line":1,"column":17},"end":{"line":1,"column":36}},"1":{"start":{"line":3,"column":17},"end":{"line":3,"column":38}},"2":{"start":{"line":5,"column":15},"end":{"line":5,"column":30}},"3":{"start":{"line":7,"column":21},"end":{"line":13,"column":2}},"4":{"start":{"line":16,"column":0},"end":{"line":16,"column":30}}},"fnMap":{},"branchMap":{},"s":{"0":1,"1":1,"2":1,"3":1,"4":1},"f":{},"b":{},"_coverageSchema":"1a1c01bbd47fc00a2c39e90264f33305004495a9","hash":"cf869685d7194437e7d8e33e49120b56d6abc57a","contentHash":"3aa1dfe5731d861452c91ef5beee5a99e3f93f5d62eb53ca54a4d55dac204eff"},"C:\\Users\\abdal\\Graduation_Project_Backend\\src\\models\\schema\\CartItem.js":{"path":"C:\\Users\\abdal\\Graduation_Project_Backend\\src\\models\\schema\\CartItem.js","statementMap":{"0":{"start":{"line":1,"column":17},"end":{"line":1,"column":36}},"1":{"start":{"line":3,"column":15},"end":{"line":3,"column":30}},"2":{"start":{"line":5,"column":17},"end":{"line":13,"column":2}},"3":{"start":{"line":15,"column":0},"end":{"line":15,"column":26}}},"fnMap":{},"branchMap":{},"s":{"0":1,"1":1,"2":1,"3":1},"f":{},"b":{},"_coverageSchema":"1a1c01bbd47fc00a2c39e90264f33305004495a9","hash":"e72faef19217281aee5e514011208efe3c1c5449","contentHash":"03902f065c889dd87e1e2bcf16cb8128bee0cc4d5a8cad0abaf5cb5a2278ab09"},"C:\\Users\\abdal\\Graduation_Project_Backend\\src\\business\\Category\\Category.js":{"path":"C:\\Users\\abdal\\Graduation_Project_Backend\\src\\business\\Category\\Category.js","statementMap":{"0":{"start":{"line":1,"column":22},"end":{"line":1,"column":60}},"1":{"start":{"line":2,"column":21},"end":{"line":2,"column":58}},"2":{"start":{"line":3,"column":27},"end":{"line":3,"column":48}},"3":{"start":{"line":5,"column":0},"end":{"line":82,"column":1}},"4":{"start":{"line":11,"column":30},"end":{"line":11,"column":75}},"5":{"start":{"line":12,"column":8},"end":{"line":12,"column":29}},"6":{"start":{"line":17,"column":33},"end":{"line":17,"column":86}},"7":{"start":{"line":18,"column":8},"end":{"line":19,"column":52}},"8":{"start":{"line":19,"column":12},"end":{"line":19,"column":52}},"9":{"start":{"line":24,"column":30},"end":{"line":24,"column":72}},"10":{"start":{"line":25,"column":8},"end":{"line":25,"column":29}},"11":{"start":{"line":30,"column":30},"end":{"line":30,"column":150}},"12":{"start":{"line":31,"column":8},"end":{"line":31,"column":29}},"13":{"start":{"line":36,"column":30},"end":{"line":36,"column":72}},"14":{"start":{"line":37,"column":8},"end":{"line":37,"column":29}},"15":{"start":{"line":42,"column":30},"end":{"line":42,"column":76}},"16":{"start":{"line":43,"column":8},"end":{"line":43,"column":29}},"17":{"start":{"line":48,"column":30},"end":{"line":48,"column":88}},"18":{"start":{"line":49,"column":8},"end":{"line":49,"column":29}},"19":{"start":{"line":54,"column":30},"end":{"line":54,"column":78}},"20":{"start":{"line":55,"column":8},"end":{"line":55,"column":29}},"21":{"start":{"line":60,"column":30},"end":{"line":60,"column":91}},"22":{"start":{"line":61,"column":8},"end":{"line":61,"column":29}},"23":{"start":{"line":66,"column":30},"end":{"line":66,"column":94}},"24":{"start":{"line":67,"column":8},"end":{"line":67,"column":29}},"25":{"start":{"line":72,"column":30},"end":{"line":72,"column":83}},"26":{"start":{"line":73,"column":8},"end":{"line":73,"column":29}},"27":{"start":{"line":78,"column":30},"end":{"line":78,"column":114}},"28":{"start":{"line":79,"column":8},"end":{"line":79,"column":29}}},"fnMap":{"0":{"name":"(anonymous_0)","decl":{"start":{"line":7,"column":4},"end":{"line":7,"column":5}},"loc":{"start":{"line":7,"column":18},"end":{"line":7,"column":20}},"line":7},"1":{"name":"(anonymous_1)","decl":{"start":{"line":9,"column":4},"end":{"line":9,"column":5}},"loc":{"start":{"line":10,"column":4},"end":{"line":13,"column":5}},"line":10},"2":{"name":"(anonymous_2)","decl":{"start":{"line":15,"column":4},"end":{"line":15,"column":5}},"loc":{"start":{"line":16,"column":4},"end":{"line":20,"column":5}},"line":16},"3":{"name":"(anonymous_3)","decl":{"start":{"line":22,"column":4},"end":{"line":22,"column":5}},"loc":{"start":{"line":23,"column":4},"end":{"line":26,"column":5}},"line":23},"4":{"name":"(anonymous_4)","decl":{"start":{"line":28,"column":4},"end":{"line":28,"column":5}},"loc":{"start":{"line":29,"column":4},"end":{"line":32,"column":5}},"line":29},"5":{"name":"(anonymous_5)","decl":{"start":{"line":34,"column":4},"end":{"line":34,"column":5}},"loc":{"start":{"line":35,"column":4},"end":{"line":38,"column":5}},"line":35},"6":{"name":"(anonymous_6)","decl":{"start":{"line":40,"column":4},"end":{"line":40,"column":5}},"loc":{"start":{"line":41,"column":4},"end":{"line":44,"column":5}},"line":41},"7":{"name":"(anonymous_7)","decl":{"start":{"line":46,"column":4},"end":{"line":46,"column":5}},"loc":{"start":{"line":47,"column":4},"end":{"line":50,"column":5}},"line":47},"8":{"name":"(anonymous_8)","decl":{"start":{"line":52,"column":4},"end":{"line":52,"column":5}},"loc":{"start":{"line":53,"column":4},"end":{"line":56,"column":5}},"line":53},"9":{"name":"(anonymous_9)","decl":{"start":{"line":58,"column":4},"end":{"line":58,"column":5}},"loc":{"start":{"line":59,"column":4},"end":{"line":62,"column":5}},"line":59},"10":{"name":"(anonymous_10)","decl":{"start":{"line":64,"column":4},"end":{"line":64,"column":5}},"loc":{"start":{"line":65,"column":4},"end":{"line":68,"column":5}},"line":65},"11":{"name":"(anonymous_11)","decl":{"start":{"line":70,"column":4},"end":{"line":70,"column":5}},"loc":{"start":{"line":71,"column":4},"end":{"line":74,"column":5}},"line":71},"12":{"name":"(anonymous_12)","decl":{"start":{"line":76,"column":4},"end":{"line":76,"column":5}},"loc":{"start":{"line":77,"column":4},"end":{"line":80,"column":5}},"line":77}},"branchMap":{"0":{"loc":{"start":{"line":18,"column":8},"end":{"line":19,"column":52}},"type":"if","locations":[{"start":{"line":18,"column":8},"end":{"line":19,"column":52}},{"start":{"line":18,"column":8},"end":{"line":19,"column":52}}],"line":18}},"s":{"0":1,"1":1,"2":1,"3":1,"4":2,"5":2,"6":4,"7":4,"8":3,"9":5,"10":5,"11":2,"12":2,"13":1,"14":1,"15":3,"16":3,"17":1,"18":1,"19":5,"20":5,"21":1,"22":1,"23":1,"24":1,"25":1,"26":1,"27":1,"28":1},"f":{"0":1,"1":2,"2":4,"3":5,"4":2,"5":1,"6":3,"7":1,"8":5,"9":1,"10":1,"11":1,"12":1},"b":{"0":[3,1]},"_coverageSchema":"1a1c01bbd47fc00a2c39e90264f33305004495a9","hash":"6631096798b8014f49a2b586943f778ce5c2493b","contentHash":"cc09af0819cf39f18b3f636cfe92e5266b65a86536d57c046cbab486c7777d6e"},"C:\\Users\\abdal\\Graduation_Project_Backend\\src\\models\\model\\Category.js":{"path":"C:\\Users\\abdal\\Graduation_Project_Backend\\src\\models\\model\\Category.js","statementMap":{"0":{"start":{"line":1,"column":17},"end":{"line":1,"column":36}},"1":{"start":{"line":2,"column":23},"end":{"line":2,"column":52}},"2":{"start":{"line":3,"column":0},"end":{"line":3,"column":43}},"3":{"start":{"line":5,"column":22},"end":{"line":5,"column":64}},"4":{"start":{"line":8,"column":0},"end":{"line":114,"column":1}},"5":{"start":{"line":12,"column":23},"end":{"line":12,"column":75}},"6":{"start":{"line":13,"column":8},"end":{"line":16,"column":70}},"7":{"start":{"line":14,"column":12},"end":{"line":14,"column":26}},"8":{"start":{"line":16,"column":12},"end":{"line":16,"column":70}},"9":{"start":{"line":20,"column":8},"end":{"line":20,"column":37}},"10":{"start":{"line":21,"column":8},"end":{"line":21,"column":37}},"11":{"start":{"line":22,"column":23},"end":{"line":22,"column":50}},"12":{"start":{"line":23,"column":8},"end":{"line":26,"column":65}},"13":{"start":{"line":24,"column":12},"end":{"line":24,"column":26}},"14":{"start":{"line":26,"column":12},"end":{"line":26,"column":65}},"15":{"start":{"line":30,"column":8},"end":{"line":30,"column":37}},"16":{"start":{"line":31,"column":8},"end":{"line":31,"column":37}},"17":{"start":{"line":32,"column":23},"end":{"line":36,"column":9}},"18":{"start":{"line":37,"column":8},"end":{"line":40,"column":63}},"19":{"start":{"line":38,"column":12},"end":{"line":38,"column":26}},"20":{"start":{"line":40,"column":12},"end":{"line":40,"column":63}},"21":{"start":{"line":44,"column":23},"end":{"line":44,"column":73}},"22":{"start":{"line":45,"column":8},"end":{"line":48,"column":65}},"23":{"start":{"line":46,"column":12},"end":{"line":46,"column":26}},"24":{"start":{"line":48,"column":12},"end":{"line":48,"column":65}},"25":{"start":{"line":53,"column":23},"end":{"line":53,"column":80}},"26":{"start":{"line":54,"column":8},"end":{"line":57,"column":80}},"27":{"start":{"line":55,"column":12},"end":{"line":55,"column":26}},"28":{"start":{"line":57,"column":12},"end":{"line":57,"column":80}},"29":{"start":{"line":61,"column":23},"end":{"line":61,"column":65}},"30":{"start":{"line":62,"column":8},"end":{"line":65,"column":76}},"31":{"start":{"line":63,"column":12},"end":{"line":63,"column":26}},"32":{"start":{"line":65,"column":12},"end":{"line":65,"column":76}},"33":{"start":{"line":68,"column":23},"end":{"line":72,"column":9}},"34":{"start":{"line":73,"column":8},"end":{"line":76,"column":78}},"35":{"start":{"line":74,"column":12},"end":{"line":74,"column":26}},"36":{"start":{"line":76,"column":12},"end":{"line":76,"column":78}},"37":{"start":{"line":80,"column":23},"end":{"line":83,"column":9}},"38":{"start":{"line":84,"column":8},"end":{"line":87,"column":78}},"39":{"start":{"line":85,"column":12},"end":{"line":85,"column":26}},"40":{"start":{"line":87,"column":12},"end":{"line":87,"column":78}},"41":{"start":{"line":91,"column":23},"end":{"line":91,"column":65}},"42":{"start":{"line":92,"column":8},"end":{"line":95,"column":82}},"43":{"start":{"line":93,"column":12},"end":{"line":93,"column":26}},"44":{"start":{"line":95,"column":12},"end":{"line":95,"column":82}},"45":{"start":{"line":99,"column":23},"end":{"line":99,"column":66}},"46":{"start":{"line":100,"column":8},"end":{"line":103,"column":84}},"47":{"start":{"line":101,"column":12},"end":{"line":101,"column":26}},"48":{"start":{"line":103,"column":12},"end":{"line":103,"column":84}},"49":{"start":{"line":108,"column":23},"end":{"line":108,"column":83}},"50":{"start":{"line":109,"column":8},"end":{"line":112,"column":89}},"51":{"start":{"line":110,"column":12},"end":{"line":110,"column":26}},"52":{"start":{"line":112,"column":12},"end":{"line":112,"column":89}}},"fnMap":{"0":{"name":"(anonymous_0)","decl":{"start":{"line":10,"column":4},"end":{"line":10,"column":5}},"loc":{"start":{"line":11,"column":4},"end":{"line":17,"column":5}},"line":11},"1":{"name":"(anonymous_1)","decl":{"start":{"line":19,"column":4},"end":{"line":19,"column":5}},"loc":{"start":{"line":19,"column":26},"end":{"line":27,"column":5}},"line":19},"2":{"name":"(anonymous_2)","decl":{"start":{"line":29,"column":4},"end":{"line":29,"column":5}},"loc":{"start":{"line":29,"column":26},"end":{"line":41,"column":5}},"line":29},"3":{"name":"(anonymous_3)","decl":{"start":{"line":43,"column":4},"end":{"line":43,"column":5}},"loc":{"start":{"line":43,"column":26},"end":{"line":49,"column":5}},"line":43},"4":{"name":"(anonymous_4)","decl":{"start":{"line":51,"column":4},"end":{"line":51,"column":5}},"loc":{"start":{"line":52,"column":4},"end":{"line":58,"column":5}},"line":52},"5":{"name":"(anonymous_5)","decl":{"start":{"line":60,"column":4},"end":{"line":60,"column":5}},"loc":{"start":{"line":60,"column":27},"end":{"line":66,"column":5}},"line":60},"6":{"name":"(anonymous_6)","decl":{"start":{"line":67,"column":4},"end":{"line":67,"column":5}},"loc":{"start":{"line":67,"column":22},"end":{"line":77,"column":5}},"line":67},"7":{"name":"(anonymous_7)","decl":{"start":{"line":78,"column":4},"end":{"line":78,"column":5}},"loc":{"start":{"line":78,"column":37},"end":{"line":88,"column":5}},"line":78},"8":{"name":"(anonymous_8)","decl":{"start":{"line":90,"column":4},"end":{"line":90,"column":5}},"loc":{"start":{"line":90,"column":28},"end":{"line":96,"column":5}},"line":90},"9":{"name":"(anonymous_9)","decl":{"start":{"line":98,"column":4},"end":{"line":98,"column":5}},"loc":{"start":{"line":98,"column":30},"end":{"line":104,"column":5}},"line":98},"10":{"name":"(anonymous_10)","decl":{"start":{"line":106,"column":4},"end":{"line":106,"column":5}},"loc":{"start":{"line":107,"column":4},"end":{"line":113,"column":5}},"line":107}},"branchMap":{"0":{"loc":{"start":{"line":13,"column":8},"end":{"line":16,"column":70}},"type":"if","locations":[{"start":{"line":13,"column":8},"end":{"line":16,"column":70}},{"start":{"line":13,"column":8},"end":{"line":16,"column":70}}],"line":13},"1":{"loc":{"start":{"line":23,"column":8},"end":{"line":26,"column":65}},"type":"if","locations":[{"start":{"line":23,"column":8},"end":{"line":26,"column":65}},{"start":{"line":23,"column":8},"end":{"line":26,"column":65}}],"line":23},"2":{"loc":{"start":{"line":37,"column":8},"end":{"line":40,"column":63}},"type":"if","locations":[{"start":{"line":37,"column":8},"end":{"line":40,"column":63}},{"start":{"line":37,"column":8},"end":{"line":40,"column":63}}],"line":37},"3":{"loc":{"start":{"line":45,"column":8},"end":{"line":48,"column":65}},"type":"if","locations":[{"start":{"line":45,"column":8},"end":{"line":48,"column":65}},{"start":{"line":45,"column":8},"end":{"line":48,"column":65}}],"line":45},"4":{"loc":{"start":{"line":54,"column":8},"end":{"line":57,"column":80}},"type":"if","locations":[{"start":{"line":54,"column":8},"end":{"line":57,"column":80}},{"start":{"line":54,"column":8},"end":{"line":57,"column":80}}],"line":54},"5":{"loc":{"start":{"line":62,"column":8},"end":{"line":65,"column":76}},"type":"if","locations":[{"start":{"line":62,"column":8},"end":{"line":65,"column":76}},{"start":{"line":62,"column":8},"end":{"line":65,"column":76}}],"line":62},"6":{"loc":{"start":{"line":73,"column":8},"end":{"line":76,"column":78}},"type":"if","locations":[{"start":{"line":73,"column":8},"end":{"line":76,"column":78}},{"start":{"line":73,"column":8},"end":{"line":76,"column":78}}],"line":73},"7":{"loc":{"start":{"line":84,"column":8},"end":{"line":87,"column":78}},"type":"if","locations":[{"start":{"line":84,"column":8},"end":{"line":87,"column":78}},{"start":{"line":84,"column":8},"end":{"line":87,"column":78}}],"line":84},"8":{"loc":{"start":{"line":92,"column":8},"end":{"line":95,"column":82}},"type":"if","locations":[{"start":{"line":92,"column":8},"end":{"line":95,"column":82}},{"start":{"line":92,"column":8},"end":{"line":95,"column":82}}],"line":92},"9":{"loc":{"start":{"line":100,"column":8},"end":{"line":103,"column":84}},"type":"if","locations":[{"start":{"line":100,"column":8},"end":{"line":103,"column":84}},{"start":{"line":100,"column":8},"end":{"line":103,"column":84}}],"line":100},"10":{"loc":{"start":{"line":109,"column":8},"end":{"line":112,"column":89}},"type":"if","locations":[{"start":{"line":109,"column":8},"end":{"line":112,"column":89}},{"start":{"line":109,"column":8},"end":{"line":112,"column":89}}],"line":109}},"s":{"0":1,"1":1,"2":1,"3":1,"4":1,"5":2,"6":2,"7":2,"8":0,"9":5,"10":5,"11":5,"12":5,"13":5,"14":0,"15":1,"16":1,"17":1,"18":1,"19":1,"20":0,"21":3,"22":3,"23":3,"24":0,"25":1,"26":1,"27":1,"28":0,"29":0,"30":0,"31":0,"32":0,"33":1,"34":1,"35":1,"36":0,"37":1,"38":1,"39":1,"40":0,"41":5,"42":5,"43":5,"44":0,"45":1,"46":1,"47":1,"48":0,"49":1,"50":1,"51":1,"52":0},"f":{"0":2,"1":5,"2":1,"3":3,"4":1,"5":0,"6":1,"7":1,"8":5,"9":1,"10":1},"b":{"0":[2,0],"1":[5,0],"2":[1,0],"3":[3,0],"4":[1,0],"5":[0,0],"6":[1,0],"7":[1,0],"8":[5,0],"9":[1,0],"10":[1,0]},"_coverageSchema":"1a1c01bbd47fc00a2c39e90264f33305004495a9","hash":"8e10ef2a4a061741d4849c25374e83bb9f61bf5b","contentHash":"b331a89d9676ab5c2fdb7447a49213c39507bde9bc67a3c2afc985f8127ec167"},"C:\\Users\\abdal\\Graduation_Project_Backend\\src\\models\\schema\\Category.js":{"path":"C:\\Users\\abdal\\Graduation_Project_Backend\\src\\models\\schema\\Category.js","statementMap":{"0":{"start":{"line":1,"column":16},"end":{"line":1,"column":36}},"1":{"start":{"line":2,"column":17},"end":{"line":2,"column":36}},"2":{"start":{"line":4,"column":15},"end":{"line":4,"column":30}},"3":{"start":{"line":6,"column":17},"end":{"line":18,"column":2}},"4":{"start":{"line":20,"column":0},"end":{"line":20,"column":26}}},"fnMap":{},"branchMap":{},"s":{"0":1,"1":1,"2":1,"3":1,"4":1},"f":{},"b":{},"_coverageSchema":"1a1c01bbd47fc00a2c39e90264f33305004495a9","hash":"af906447186fe86d4abd0d3905e47bdf5951a014","contentHash":"1a14855aa54cf00f4ef6ed781d687be25f8cd9ffbd337f05edf6a3764014a986"},"C:\\Users\\abdal\\Graduation_Project_Backend\\src\\models\\schema\\Product.js":{"path":"C:\\Users\\abdal\\Graduation_Project_Backend\\src\\models\\schema\\Product.js","statementMap":{"0":{"start":{"line":1,"column":14},"end":{"line":1,"column":32}},"1":{"start":{"line":2,"column":17},"end":{"line":2,"column":36}},"2":{"start":{"line":4,"column":15},"end":{"line":4,"column":30}},"3":{"start":{"line":6,"column":16},"end":{"line":28,"column":2}},"4":{"start":{"line":30,"column":0},"end":{"line":30,"column":25}}},"fnMap":{},"branchMap":{},"s":{"0":1,"1":1,"2":1,"3":1,"4":1},"f":{},"b":{},"_coverageSchema":"1a1c01bbd47fc00a2c39e90264f33305004495a9","hash":"fed30fdb2c5627a1dddea6bbbb7f384420faa1d1","contentHash":"d3814d730b909ab965b6feaa2d1b498517a3774278434888252d000a36ee3620"},"C:\\Users\\abdal\\Graduation_Project_Backend\\src\\models\\schema\\Offer.js":{"path":"C:\\Users\\abdal\\Graduation_Project_Backend\\src\\models\\schema\\Offer.js","statementMap":{"0":{"start":{"line":1,"column":17},"end":{"line":1,"column":36}},"1":{"start":{"line":3,"column":15},"end":{"line":3,"column":30}},"2":{"start":{"line":5,"column":14},"end":{"line":10,"column":2}},"3":{"start":{"line":12,"column":0},"end":{"line":12,"column":23}}},"fnMap":{},"branchMap":{},"s":{"0":1,"1":1,"2":1,"3":1},"f":{},"b":{},"_coverageSchema":"1a1c01bbd47fc00a2c39e90264f33305004495a9","hash":"16d821fb313028dc8be6f6cc07bce867c444c97b","contentHash":"e04bd7165dc14cbf46fec16c72c8f2f9743d15b01dbff5f75a1f4764dab5651a"},"C:\\Users\\abdal\\Graduation_Project_Backend\\src\\models\\model\\Product.js":{"path":"C:\\Users\\abdal\\Graduation_Project_Backend\\src\\models\\model\\Product.js","statementMap":{"0":{"start":{"line":1,"column":17},"end":{"line":1,"column":36}},"1":{"start":{"line":2,"column":0},"end":{"line":2,"column":45}},"2":{"start":{"line":3,"column":15},"end":{"line":3,"column":32}},"3":{"start":{"line":6,"column":21},"end":{"line":6,"column":61}},"4":{"start":{"line":8,"column":0},"end":{"line":13,"column":6}},"5":{"start":{"line":10,"column":19},"end":{"line":10,"column":29}},"6":{"start":{"line":11,"column":8},"end":{"line":11,"column":44}},"7":{"start":{"line":12,"column":8},"end":{"line":12,"column":20}},"8":{"start":{"line":15,"column":0},"end":{"line":270,"column":1}},"9":{"start":{"line":19,"column":23},"end":{"line":19,"column":70}},"10":{"start":{"line":20,"column":8},"end":{"line":23,"column":73}},"11":{"start":{"line":21,"column":12},"end":{"line":21,"column":26}},"12":{"start":{"line":23,"column":12},"end":{"line":23,"column":73}},"13":{"start":{"line":29,"column":8},"end":{"line":29,"column":37}},"14":{"start":{"line":30,"column":8},"end":{"line":30,"column":37}},"15":{"start":{"line":31,"column":23},"end":{"line":31,"column":49}},"16":{"start":{"line":32,"column":8},"end":{"line":35,"column":61}},"17":{"start":{"line":33,"column":12},"end":{"line":33,"column":26}},"18":{"start":{"line":35,"column":12},"end":{"line":35,"column":61}},"19":{"start":{"line":40,"column":8},"end":{"line":40,"column":37}},"20":{"start":{"line":41,"column":8},"end":{"line":41,"column":37}},"21":{"start":{"line":42,"column":23},"end":{"line":46,"column":17}},"22":{"start":{"line":47,"column":8},"end":{"line":50,"column":59}},"23":{"start":{"line":48,"column":12},"end":{"line":48,"column":26}},"24":{"start":{"line":50,"column":12},"end":{"line":50,"column":59}},"25":{"start":{"line":55,"column":23},"end":{"line":55,"column":69}},"26":{"start":{"line":56,"column":8},"end":{"line":59,"column":61}},"27":{"start":{"line":57,"column":12},"end":{"line":57,"column":26}},"28":{"start":{"line":59,"column":12},"end":{"line":59,"column":61}},"29":{"start":{"line":64,"column":23},"end":{"line":64,"column":66}},"30":{"start":{"line":65,"column":8},"end":{"line":68,"column":62}},"31":{"start":{"line":66,"column":12},"end":{"line":66,"column":26}},"32":{"start":{"line":68,"column":12},"end":{"line":68,"column":62}},"33":{"start":{"line":73,"column":23},"end":{"line":73,"column":86}},"34":{"start":{"line":74,"column":8},"end":{"line":77,"column":82}},"35":{"start":{"line":75,"column":12},"end":{"line":75,"column":26}},"36":{"start":{"line":77,"column":12},"end":{"line":77,"column":82}},"37":{"start":{"line":82,"column":23},"end":{"line":82,"column":63}},"38":{"start":{"line":83,"column":8},"end":{"line":86,"column":73}},"39":{"start":{"line":84,"column":12},"end":{"line":84,"column":26}},"40":{"start":{"line":86,"column":12},"end":{"line":86,"column":73}},"41":{"start":{"line":90,"column":8},"end":{"line":90,"column":34}},"42":{"start":{"line":91,"column":8},"end":{"line":91,"column":36}},"43":{"start":{"line":92,"column":8},"end":{"line":92,"column":28}},"44":{"start":{"line":93,"column":8},"end":{"line":93,"column":26}},"45":{"start":{"line":96,"column":8},"end":{"line":114,"column":73}},"46":{"start":{"line":97,"column":12},"end":{"line":99,"column":73}},"47":{"start":{"line":100,"column":13},"end":{"line":114,"column":73}},"48":{"start":{"line":101,"column":12},"end":{"line":104,"column":73}},"49":{"start":{"line":105,"column":13},"end":{"line":114,"column":73}},"50":{"start":{"line":106,"column":12},"end":{"line":109,"column":73}},"51":{"start":{"line":110,"column":13},"end":{"line":114,"column":73}},"52":{"start":{"line":111,"column":12},"end":{"line":114,"column":73}},"53":{"start":{"line":116,"column":8},"end":{"line":119,"column":83}},"54":{"start":{"line":117,"column":12},"end":{"line":117,"column":26}},"55":{"start":{"line":119,"column":12},"end":{"line":119,"column":83}},"56":{"start":{"line":124,"column":23},"end":{"line":127,"column":53}},"57":{"start":{"line":129,"column":8},"end":{"line":132,"column":71}},"58":{"start":{"line":130,"column":12},"end":{"line":130,"column":26}},"59":{"start":{"line":132,"column":12},"end":{"line":132,"column":71}},"60":{"start":{"line":137,"column":23},"end":{"line":140,"column":53}},"61":{"start":{"line":142,"column":8},"end":{"line":145,"column":73}},"62":{"start":{"line":143,"column":12},"end":{"line":143,"column":26}},"63":{"start":{"line":145,"column":12},"end":{"line":145,"column":73}},"64":{"start":{"line":150,"column":23},"end":{"line":152,"column":53}},"65":{"start":{"line":154,"column":8},"end":{"line":157,"column":69}},"66":{"start":{"line":155,"column":12},"end":{"line":155,"column":26}},"67":{"start":{"line":157,"column":12},"end":{"line":157,"column":69}},"68":{"start":{"line":162,"column":8},"end":{"line":162,"column":27}},"69":{"start":{"line":163,"column":23},"end":{"line":163,"column":125}},"70":{"start":{"line":165,"column":8},"end":{"line":168,"column":63}},"71":{"start":{"line":166,"column":12},"end":{"line":166,"column":26}},"72":{"start":{"line":168,"column":12},"end":{"line":168,"column":63}},"73":{"start":{"line":173,"column":8},"end":{"line":173,"column":34}},"74":{"start":{"line":174,"column":8},"end":{"line":174,"column":36}},"75":{"start":{"line":175,"column":8},"end":{"line":175,"column":28}},"76":{"start":{"line":176,"column":8},"end":{"line":176,"column":26}},"77":{"start":{"line":179,"column":8},"end":{"line":201,"column":73}},"78":{"start":{"line":180,"column":12},"end":{"line":183,"column":73}},"79":{"start":{"line":184,"column":13},"end":{"line":201,"column":73}},"80":{"start":{"line":185,"column":12},"end":{"line":189,"column":73}},"81":{"start":{"line":190,"column":13},"end":{"line":201,"column":73}},"82":{"start":{"line":191,"column":12},"end":{"line":195,"column":73}},"83":{"start":{"line":196,"column":13},"end":{"line":201,"column":73}},"84":{"start":{"line":197,"column":12},"end":{"line":201,"column":73}},"85":{"start":{"line":203,"column":8},"end":{"line":206,"column":61}},"86":{"start":{"line":204,"column":12},"end":{"line":204,"column":26}},"87":{"start":{"line":206,"column":12},"end":{"line":206,"column":61}},"88":{"start":{"line":211,"column":8},"end":{"line":211,"column":34}},"89":{"start":{"line":212,"column":8},"end":{"line":212,"column":36}},"90":{"start":{"line":213,"column":8},"end":{"line":213,"column":28}},"91":{"start":{"line":214,"column":8},"end":{"line":214,"column":26}},"92":{"start":{"line":217,"column":8},"end":{"line":239,"column":73}},"93":{"start":{"line":218,"column":12},"end":{"line":221,"column":73}},"94":{"start":{"line":222,"column":13},"end":{"line":239,"column":73}},"95":{"start":{"line":223,"column":12},"end":{"line":227,"column":73}},"96":{"start":{"line":228,"column":13},"end":{"line":239,"column":73}},"97":{"start":{"line":229,"column":12},"end":{"line":233,"column":73}},"98":{"start":{"line":234,"column":13},"end":{"line":239,"column":73}},"99":{"start":{"line":235,"column":12},"end":{"line":239,"column":73}},"100":{"start":{"line":241,"column":8},"end":{"line":244,"column":70}},"101":{"start":{"line":242,"column":12},"end":{"line":242,"column":26}},"102":{"start":{"line":244,"column":12},"end":{"line":244,"column":70}},"103":{"start":{"line":249,"column":22},"end":{"line":249,"column":77}},"104":{"start":{"line":250,"column":8},"end":{"line":250,"column":21}},"105":{"start":{"line":255,"column":22},"end":{"line":255,"column":83}},"106":{"start":{"line":256,"column":8},"end":{"line":256,"column":21}},"107":{"start":{"line":261,"column":22},"end":{"line":261,"column":97}},"108":{"start":{"line":262,"column":8},"end":{"line":262,"column":21}},"109":{"start":{"line":267,"column":22},"end":{"line":267,"column":53}},"110":{"start":{"line":268,"column":8},"end":{"line":268,"column":21}}},"fnMap":{"0":{"name":"(anonymous_0)","decl":{"start":{"line":8,"column":10},"end":{"line":8,"column":11}},"loc":{"start":{"line":9,"column":5},"end":{"line":13,"column":5}},"line":9},"1":{"name":"(anonymous_1)","decl":{"start":{"line":17,"column":4},"end":{"line":17,"column":5}},"loc":{"start":{"line":18,"column":4},"end":{"line":24,"column":5}},"line":18},"2":{"name":"(anonymous_2)","decl":{"start":{"line":26,"column":4},"end":{"line":26,"column":5}},"loc":{"start":{"line":27,"column":4},"end":{"line":36,"column":5}},"line":27},"3":{"name":"(anonymous_3)","decl":{"start":{"line":38,"column":4},"end":{"line":38,"column":5}},"loc":{"start":{"line":39,"column":4},"end":{"line":51,"column":5}},"line":39},"4":{"name":"(anonymous_4)","decl":{"start":{"line":53,"column":4},"end":{"line":53,"column":5}},"loc":{"start":{"line":54,"column":4},"end":{"line":60,"column":5}},"line":54},"5":{"name":"(anonymous_5)","decl":{"start":{"line":62,"column":4},"end":{"line":62,"column":5}},"loc":{"start":{"line":63,"column":4},"end":{"line":69,"column":5}},"line":63},"6":{"name":"(anonymous_6)","decl":{"start":{"line":71,"column":4},"end":{"line":71,"column":5}},"loc":{"start":{"line":72,"column":4},"end":{"line":78,"column":5}},"line":72},"7":{"name":"(anonymous_7)","decl":{"start":{"line":80,"column":4},"end":{"line":80,"column":5}},"loc":{"start":{"line":81,"column":4},"end":{"line":87,"column":5}},"line":81},"8":{"name":"(anonymous_8)","decl":{"start":{"line":88,"column":4},"end":{"line":88,"column":5}},"loc":{"start":{"line":89,"column":4},"end":{"line":120,"column":5}},"line":89},"9":{"name":"(anonymous_9)","decl":{"start":{"line":122,"column":4},"end":{"line":122,"column":5}},"loc":{"start":{"line":123,"column":4},"end":{"line":133,"column":5}},"line":123},"10":{"name":"(anonymous_10)","decl":{"start":{"line":135,"column":4},"end":{"line":135,"column":5}},"loc":{"start":{"line":136,"column":4},"end":{"line":146,"column":5}},"line":136},"11":{"name":"(anonymous_11)","decl":{"start":{"line":148,"column":4},"end":{"line":148,"column":5}},"loc":{"start":{"line":149,"column":4},"end":{"line":158,"column":5}},"line":149},"12":{"name":"(anonymous_12)","decl":{"start":{"line":160,"column":4},"end":{"line":160,"column":5}},"loc":{"start":{"line":161,"column":4},"end":{"line":169,"column":5}},"line":161},"13":{"name":"(anonymous_13)","decl":{"start":{"line":171,"column":4},"end":{"line":171,"column":5}},"loc":{"start":{"line":172,"column":4},"end":{"line":207,"column":5}},"line":172},"14":{"name":"(anonymous_14)","decl":{"start":{"line":209,"column":4},"end":{"line":209,"column":5}},"loc":{"start":{"line":210,"column":4},"end":{"line":245,"column":5}},"line":210},"15":{"name":"(anonymous_15)","decl":{"start":{"line":247,"column":4},"end":{"line":247,"column":5}},"loc":{"start":{"line":248,"column":4},"end":{"line":251,"column":5}},"line":248},"16":{"name":"(anonymous_16)","decl":{"start":{"line":253,"column":4},"end":{"line":253,"column":5}},"loc":{"start":{"line":254,"column":4},"end":{"line":257,"column":5}},"line":254},"17":{"name":"(anonymous_17)","decl":{"start":{"line":259,"column":4},"end":{"line":259,"column":5}},"loc":{"start":{"line":260,"column":4},"end":{"line":263,"column":5}},"line":260},"18":{"name":"(anonymous_18)","decl":{"start":{"line":265,"column":4},"end":{"line":265,"column":5}},"loc":{"start":{"line":266,"column":4},"end":{"line":269,"column":5}},"line":266}},"branchMap":{"0":{"loc":{"start":{"line":20,"column":8},"end":{"line":23,"column":73}},"type":"if","locations":[{"start":{"line":20,"column":8},"end":{"line":23,"column":73}},{"start":{"line":20,"column":8},"end":{"line":23,"column":73}}],"line":20},"1":{"loc":{"start":{"line":32,"column":8},"end":{"line":35,"column":61}},"type":"if","locations":[{"start":{"line":32,"column":8},"end":{"line":35,"column":61}},{"start":{"line":32,"column":8},"end":{"line":35,"column":61}}],"line":32},"2":{"loc":{"start":{"line":47,"column":8},"end":{"line":50,"column":59}},"type":"if","locations":[{"start":{"line":47,"column":8},"end":{"line":50,"column":59}},{"start":{"line":47,"column":8},"end":{"line":50,"column":59}}],"line":47},"3":{"loc":{"start":{"line":56,"column":8},"end":{"line":59,"column":61}},"type":"if","locations":[{"start":{"line":56,"column":8},"end":{"line":59,"column":61}},{"start":{"line":56,"column":8},"end":{"line":59,"column":61}}],"line":56},"4":{"loc":{"start":{"line":65,"column":8},"end":{"line":68,"column":62}},"type":"if","locations":[{"start":{"line":65,"column":8},"end":{"line":68,"column":62}},{"start":{"line":65,"column":8},"end":{"line":68,"column":62}}],"line":65},"5":{"loc":{"start":{"line":74,"column":8},"end":{"line":77,"column":82}},"type":"if","locations":[{"start":{"line":74,"column":8},"end":{"line":77,"column":82}},{"start":{"line":74,"column":8},"end":{"line":77,"column":82}}],"line":74},"6":{"loc":{"start":{"line":83,"column":8},"end":{"line":86,"column":73}},"type":"if","locations":[{"start":{"line":83,"column":8},"end":{"line":86,"column":73}},{"start":{"line":83,"column":8},"end":{"line":86,"column":73}}],"line":83},"7":{"loc":{"start":{"line":96,"column":8},"end":{"line":114,"column":73}},"type":"if","locations":[{"start":{"line":96,"column":8},"end":{"line":114,"column":73}},{"start":{"line":96,"column":8},"end":{"line":114,"column":73}}],"line":96},"8":{"loc":{"start":{"line":96,"column":11},"end":{"line":96,"column":42}},"type":"binary-expr","locations":[{"start":{"line":96,"column":11},"end":{"line":96,"column":24}},{"start":{"line":96,"column":28},"end":{"line":96,"column":42}}],"line":96},"9":{"loc":{"start":{"line":100,"column":13},"end":{"line":114,"column":73}},"type":"if","locations":[{"start":{"line":100,"column":13},"end":{"line":114,"column":73}},{"start":{"line":100,"column":13},"end":{"line":114,"column":73}}],"line":100},"10":{"loc":{"start":{"line":100,"column":17},"end":{"line":100,"column":48}},"type":"binary-expr","locations":[{"start":{"line":100,"column":17},"end":{"line":100,"column":30}},{"start":{"line":100,"column":34},"end":{"line":100,"column":48}}],"line":100},"11":{"loc":{"start":{"line":105,"column":13},"end":{"line":114,"column":73}},"type":"if","locations":[{"start":{"line":105,"column":13},"end":{"line":114,"column":73}},{"start":{"line":105,"column":13},"end":{"line":114,"column":73}}],"line":105},"12":{"loc":{"start":{"line":105,"column":17},"end":{"line":105,"column":48}},"type":"binary-expr","locations":[{"start":{"line":105,"column":17},"end":{"line":105,"column":30}},{"start":{"line":105,"column":34},"end":{"line":105,"column":48}}],"line":105},"13":{"loc":{"start":{"line":110,"column":13},"end":{"line":114,"column":73}},"type":"if","locations":[{"start":{"line":110,"column":13},"end":{"line":114,"column":73}},{"start":{"line":110,"column":13},"end":{"line":114,"column":73}}],"line":110},"14":{"loc":{"start":{"line":110,"column":17},"end":{"line":110,"column":48}},"type":"binary-expr","locations":[{"start":{"line":110,"column":17},"end":{"line":110,"column":30}},{"start":{"line":110,"column":34},"end":{"line":110,"column":48}}],"line":110},"15":{"loc":{"start":{"line":116,"column":8},"end":{"line":119,"column":83}},"type":"if","locations":[{"start":{"line":116,"column":8},"end":{"line":119,"column":83}},{"start":{"line":116,"column":8},"end":{"line":119,"column":83}}],"line":116},"16":{"loc":{"start":{"line":129,"column":8},"end":{"line":132,"column":71}},"type":"if","locations":[{"start":{"line":129,"column":8},"end":{"line":132,"column":71}},{"start":{"line":129,"column":8},"end":{"line":132,"column":71}}],"line":129},"17":{"loc":{"start":{"line":142,"column":8},"end":{"line":145,"column":73}},"type":"if","locations":[{"start":{"line":142,"column":8},"end":{"line":145,"column":73}},{"start":{"line":142,"column":8},"end":{"line":145,"column":73}}],"line":142},"18":{"loc":{"start":{"line":154,"column":8},"end":{"line":157,"column":69}},"type":"if","locations":[{"start":{"line":154,"column":8},"end":{"line":157,"column":69}},{"start":{"line":154,"column":8},"end":{"line":157,"column":69}}],"line":154},"19":{"loc":{"start":{"line":165,"column":8},"end":{"line":168,"column":63}},"type":"if","locations":[{"start":{"line":165,"column":8},"end":{"line":168,"column":63}},{"start":{"line":165,"column":8},"end":{"line":168,"column":63}}],"line":165},"20":{"loc":{"start":{"line":179,"column":8},"end":{"line":201,"column":73}},"type":"if","locations":[{"start":{"line":179,"column":8},"end":{"line":201,"column":73}},{"start":{"line":179,"column":8},"end":{"line":201,"column":73}}],"line":179},"21":{"loc":{"start":{"line":179,"column":11},"end":{"line":179,"column":42}},"type":"binary-expr","locations":[{"start":{"line":179,"column":11},"end":{"line":179,"column":24}},{"start":{"line":179,"column":28},"end":{"line":179,"column":42}}],"line":179},"22":{"loc":{"start":{"line":184,"column":13},"end":{"line":201,"column":73}},"type":"if","locations":[{"start":{"line":184,"column":13},"end":{"line":201,"column":73}},{"start":{"line":184,"column":13},"end":{"line":201,"column":73}}],"line":184},"23":{"loc":{"start":{"line":184,"column":17},"end":{"line":184,"column":48}},"type":"binary-expr","locations":[{"start":{"line":184,"column":17},"end":{"line":184,"column":30}},{"start":{"line":184,"column":34},"end":{"line":184,"column":48}}],"line":184},"24":{"loc":{"start":{"line":190,"column":13},"end":{"line":201,"column":73}},"type":"if","locations":[{"start":{"line":190,"column":13},"end":{"line":201,"column":73}},{"start":{"line":190,"column":13},"end":{"line":201,"column":73}}],"line":190},"25":{"loc":{"start":{"line":190,"column":17},"end":{"line":190,"column":48}},"type":"binary-expr","locations":[{"start":{"line":190,"column":17},"end":{"line":190,"column":30}},{"start":{"line":190,"column":34},"end":{"line":190,"column":48}}],"line":190},"26":{"loc":{"start":{"line":196,"column":13},"end":{"line":201,"column":73}},"type":"if","locations":[{"start":{"line":196,"column":13},"end":{"line":201,"column":73}},{"start":{"line":196,"column":13},"end":{"line":201,"column":73}}],"line":196},"27":{"loc":{"start":{"line":196,"column":17},"end":{"line":196,"column":48}},"type":"binary-expr","locations":[{"start":{"line":196,"column":17},"end":{"line":196,"column":30}},{"start":{"line":196,"column":34},"end":{"line":196,"column":48}}],"line":196},"28":{"loc":{"start":{"line":203,"column":8},"end":{"line":206,"column":61}},"type":"if","locations":[{"start":{"line":203,"column":8},"end":{"line":206,"column":61}},{"start":{"line":203,"column":8},"end":{"line":206,"column":61}}],"line":203},"29":{"loc":{"start":{"line":217,"column":8},"end":{"line":239,"column":73}},"type":"if","locations":[{"start":{"line":217,"column":8},"end":{"line":239,"column":73}},{"start":{"line":217,"column":8},"end":{"line":239,"column":73}}],"line":217},"30":{"loc":{"start":{"line":217,"column":11},"end":{"line":217,"column":42}},"type":"binary-expr","locations":[{"start":{"line":217,"column":11},"end":{"line":217,"column":24}},{"start":{"line":217,"column":28},"end":{"line":217,"column":42}}],"line":217},"31":{"loc":{"start":{"line":222,"column":13},"end":{"line":239,"column":73}},"type":"if","locations":[{"start":{"line":222,"column":13},"end":{"line":239,"column":73}},{"start":{"line":222,"column":13},"end":{"line":239,"column":73}}],"line":222},"32":{"loc":{"start":{"line":222,"column":17},"end":{"line":222,"column":48}},"type":"binary-expr","locations":[{"start":{"line":222,"column":17},"end":{"line":222,"column":30}},{"start":{"line":222,"column":34},"end":{"line":222,"column":48}}],"line":222},"33":{"loc":{"start":{"line":228,"column":13},"end":{"line":239,"column":73}},"type":"if","locations":[{"start":{"line":228,"column":13},"end":{"line":239,"column":73}},{"start":{"line":228,"column":13},"end":{"line":239,"column":73}}],"line":228},"34":{"loc":{"start":{"line":228,"column":17},"end":{"line":228,"column":48}},"type":"binary-expr","locations":[{"start":{"line":228,"column":17},"end":{"line":228,"column":30}},{"start":{"line":228,"column":34},"end":{"line":228,"column":48}}],"line":228},"35":{"loc":{"start":{"line":234,"column":13},"end":{"line":239,"column":73}},"type":"if","locations":[{"start":{"line":234,"column":13},"end":{"line":239,"column":73}},{"start":{"line":234,"column":13},"end":{"line":239,"column":73}}],"line":234},"36":{"loc":{"start":{"line":234,"column":17},"end":{"line":234,"column":48}},"type":"binary-expr","locations":[{"start":{"line":234,"column":17},"end":{"line":234,"column":30}},{"start":{"line":234,"column":34},"end":{"line":234,"column":48}}],"line":234},"37":{"loc":{"start":{"line":241,"column":8},"end":{"line":244,"column":70}},"type":"if","locations":[{"start":{"line":241,"column":8},"end":{"line":244,"column":70}},{"start":{"line":241,"column":8},"end":{"line":244,"column":70}}],"line":241}},"s":{"0":1,"1":1,"2":1,"3":1,"4":1,"5":0,"6":0,"7":0,"8":1,"9":0,"10":0,"11":0,"12":0,"13":0,"14":0,"15":0,"16":0,"17":0,"18":0,"19":0,"20":0,"21":0,"22":0,"23":0,"24":0,"25":0,"26":0,"27":0,"28":0,"29":0,"30":0,"31":0,"32":0,"33":0,"34":0,"35":0,"36":0,"37":0,"38":0,"39":0,"40":0,"41":2,"42":2,"43":2,"44":2,"45":2,"46":0,"47":2,"48":0,"49":2,"50":0,"51":2,"52":2,"53":2,"54":2,"55":0,"56":0,"57":0,"58":0,"59":0,"60":0,"61":0,"62":0,"63":0,"64":0,"65":0,"66":0,"67":0,"68":0,"69":0,"70":0,"71":0,"72":0,"73":0,"74":0,"75":0,"76":0,"77":0,"78":0,"79":0,"80":0,"81":0,"82":0,"83":0,"84":0,"85":0,"86":0,"87":0,"88":0,"89":0,"90":0,"91":0,"92":0,"93":0,"94":0,"95":0,"96":0,"97":0,"98":0,"99":0,"100":0,"101":0,"102":0,"103":0,"104":0,"105":0,"106":0,"107":0,"108":0,"109":0,"110":0},"f":{"0":0,"1":0,"2":0,"3":0,"4":0,"5":0,"6":0,"7":0,"8":2,"9":0,"10":0,"11":0,"12":0,"13":0,"14":0,"15":0,"16":0,"17":0,"18":0},"b":{"0":[0,0],"1":[0,0],"2":[0,0],"3":[0,0],"4":[0,0],"5":[0,0],"6":[0,0],"7":[0,2],"8":[2,0],"9":[0,2],"10":[2,0],"11":[0,2],"12":[2,2],"13":[2,0],"14":[2,2],"15":[2,0],"16":[0,0],"17":[0,0],"18":[0,0],"19":[0,0],"20":[0,0],"21":[0,0],"22":[0,0],"23":[0,0],"24":[0,0],"25":[0,0],"26":[0,0],"27":[0,0],"28":[0,0],"29":[0,0],"30":[0,0],"31":[0,0],"32":[0,0],"33":[0,0],"34":[0,0],"35":[0,0],"36":[0,0],"37":[0,0]},"_coverageSchema":"1a1c01bbd47fc00a2c39e90264f33305004495a9","hash":"10b0a03add6b0a3b4242dc236c28053cbeaef709","contentHash":"e3a82ec96c5c15531b24aabef9bdf8e1977c8de859b7d30ceb6eab1f72a85653"},"C:\\Users\\abdal\\Graduation_Project_Backend\\src\\business\\Category\\validate.js":{"path":"C:\\Users\\abdal\\Graduation_Project_Backend\\src\\business\\Category\\validate.js","statementMap":{"0":{"start":{"line":1,"column":18},"end":{"line":1,"column":38}},"1":{"start":{"line":3,"column":0},"end":{"line":14,"column":1}},"2":{"start":{"line":7,"column":6},"end":{"line":8,"column":42}},"3":{"start":{"line":8,"column":9},"end":{"line":8,"column":42}},"4":{"start":{"line":9,"column":6},"end":{"line":10,"column":41}},"5":{"start":{"line":10,"column":9},"end":{"line":10,"column":41}},"6":{"start":{"line":12,"column":7},"end":{"line":12,"column":21}}},"fnMap":{"0":{"name":"(anonymous_0)","decl":{"start":{"line":5,"column":3},"end":{"line":5,"column":4}},"loc":{"start":{"line":6,"column":3},"end":{"line":13,"column":4}},"line":6}},"branchMap":{"0":{"loc":{"start":{"line":7,"column":6},"end":{"line":8,"column":42}},"type":"if","locations":[{"start":{"line":7,"column":6},"end":{"line":8,"column":42}},{"start":{"line":7,"column":6},"end":{"line":8,"column":42}}],"line":7},"1":{"loc":{"start":{"line":9,"column":6},"end":{"line":10,"column":41}},"type":"if","locations":[{"start":{"line":9,"column":6},"end":{"line":10,"column":41}},{"start":{"line":9,"column":6},"end":{"line":10,"column":41}}],"line":9}},"s":{"0":1,"1":1,"2":4,"3":3,"4":1,"5":0,"6":1},"f":{"0":4},"b":{"0":[3,1],"1":[0,1]},"_coverageSchema":"1a1c01bbd47fc00a2c39e90264f33305004495a9","hash":"a70d334226e39362a4d52ce3e3555daa6df28587","contentHash":"3a54aff0cf5cff08e4174c53018c936403ca85ce3bad0fc38f10ec69e3386844"},"C:\\Users\\abdal\\Graduation_Project_Backend\\src\\business\\Message\\Message.js":{"path":"C:\\Users\\abdal\\Graduation_Project_Backend\\src\\business\\Message\\Message.js","statementMap":{"0":{"start":{"line":1,"column":21},"end":{"line":1,"column":58}},"1":{"start":{"line":2,"column":26},"end":{"line":2,"column":47}},"2":{"start":{"line":3,"column":0},"end":{"line":25,"column":1}},"3":{"start":{"line":9,"column":33},"end":{"line":9,"column":79}},"4":{"start":{"line":10,"column":8},"end":{"line":11,"column":52}},"5":{"start":{"line":11,"column":12},"end":{"line":11,"column":52}},"6":{"start":{"line":16,"column":30},"end":{"line":16,"column":97}},"7":{"start":{"line":17,"column":8},"end":{"line":17,"column":29}},"8":{"start":{"line":22,"column":30},"end":{"line":22,"column":73}},"9":{"start":{"line":23,"column":8},"end":{"line":23,"column":29}}},"fnMap":{"0":{"name":"(anonymous_0)","decl":{"start":{"line":5,"column":4},"end":{"line":5,"column":5}},"loc":{"start":{"line":5,"column":19},"end":{"line":5,"column":21}},"line":5},"1":{"name":"(anonymous_1)","decl":{"start":{"line":7,"column":4},"end":{"line":7,"column":5}},"loc":{"start":{"line":8,"column":4},"end":{"line":12,"column":5}},"line":8},"2":{"name":"(anonymous_2)","decl":{"start":{"line":14,"column":4},"end":{"line":14,"column":5}},"loc":{"start":{"line":15,"column":4},"end":{"line":18,"column":5}},"line":15},"3":{"name":"(anonymous_3)","decl":{"start":{"line":20,"column":4},"end":{"line":20,"column":5}},"loc":{"start":{"line":21,"column":4},"end":{"line":24,"column":5}},"line":21}},"branchMap":{"0":{"loc":{"start":{"line":10,"column":8},"end":{"line":11,"column":52}},"type":"if","locations":[{"start":{"line":10,"column":8},"end":{"line":11,"column":52}},{"start":{"line":10,"column":8},"end":{"line":11,"column":52}}],"line":10}},"s":{"0":1,"1":1,"2":1,"3":2,"4":2,"5":1,"6":3,"7":3,"8":3,"9":3},"f":{"0":1,"1":2,"2":3,"3":3},"b":{"0":[1,1]},"_coverageSchema":"1a1c01bbd47fc00a2c39e90264f33305004495a9","hash":"d483448d11d53e3da7c71006991a98799a5b2251","contentHash":"858b65687a7aea37fb54fd4ae41c13e56f1e14323558e90e145f92d1b7b8d46e"},"C:\\Users\\abdal\\Graduation_Project_Backend\\src\\models\\model\\Message.js":{"path":"C:\\Users\\abdal\\Graduation_Project_Backend\\src\\models\\model\\Message.js","statementMap":{"0":{"start":{"line":1,"column":17},"end":{"line":1,"column":36}},"1":{"start":{"line":2,"column":22},"end":{"line":2,"column":50}},"2":{"start":{"line":4,"column":21},"end":{"line":4,"column":61}},"3":{"start":{"line":6,"column":0},"end":{"line":28,"column":1}},"4":{"start":{"line":11,"column":23},"end":{"line":11,"column":87}},"5":{"start":{"line":12,"column":8},"end":{"line":15,"column":61}},"6":{"start":{"line":13,"column":12},"end":{"line":13,"column":26}},"7":{"start":{"line":15,"column":12},"end":{"line":15,"column":61}},"8":{"start":{"line":21,"column":23},"end":{"line":21,"column":69}},"9":{"start":{"line":22,"column":8},"end":{"line":25,"column":61}},"10":{"start":{"line":23,"column":12},"end":{"line":23,"column":26}},"11":{"start":{"line":25,"column":12},"end":{"line":25,"column":61}}},"fnMap":{"0":{"name":"(anonymous_0)","decl":{"start":{"line":9,"column":4},"end":{"line":9,"column":5}},"loc":{"start":{"line":10,"column":4},"end":{"line":16,"column":5}},"line":10},"1":{"name":"(anonymous_1)","decl":{"start":{"line":19,"column":4},"end":{"line":19,"column":5}},"loc":{"start":{"line":20,"column":4},"end":{"line":26,"column":5}},"line":20}},"branchMap":{"0":{"loc":{"start":{"line":12,"column":8},"end":{"line":15,"column":61}},"type":"if","locations":[{"start":{"line":12,"column":8},"end":{"line":15,"column":61}},{"start":{"line":12,"column":8},"end":{"line":15,"column":61}}],"line":12},"1":{"loc":{"start":{"line":22,"column":8},"end":{"line":25,"column":61}},"type":"if","locations":[{"start":{"line":22,"column":8},"end":{"line":25,"column":61}},{"start":{"line":22,"column":8},"end":{"line":25,"column":61}}],"line":22}},"s":{"0":1,"1":1,"2":1,"3":1,"4":3,"5":3,"6":3,"7":0,"8":3,"9":3,"10":3,"11":0},"f":{"0":3,"1":3},"b":{"0":[3,0],"1":[3,0]},"_coverageSchema":"1a1c01bbd47fc00a2c39e90264f33305004495a9","hash":"9929f3049636410d3e33b487a5c369c046298f29","contentHash":"d1f99549f8d9b2ce17578184ff7b45f36471c3619e9baeffd2ec23641c6884ef"},"C:\\Users\\abdal\\Graduation_Project_Backend\\src\\models\\schema\\Message.js":{"path":"C:\\Users\\abdal\\Graduation_Project_Backend\\src\\models\\schema\\Message.js","statementMap":{"0":{"start":{"line":1,"column":17},"end":{"line":1,"column":36}},"1":{"start":{"line":3,"column":15},"end":{"line":3,"column":30}},"2":{"start":{"line":5,"column":16},"end":{"line":9,"column":2}},"3":{"start":{"line":11,"column":0},"end":{"line":11,"column":25}}},"fnMap":{},"branchMap":{},"s":{"0":1,"1":1,"2":1,"3":1},"f":{},"b":{},"_coverageSchema":"1a1c01bbd47fc00a2c39e90264f33305004495a9","hash":"09335d1822cd02b48c30f1337ac1804fd53344d1","contentHash":"24ee032398b86073ade32a12fe72a7ca96907c27bb62663d1cd9e71cf4b0e088"},"C:\\Users\\abdal\\Graduation_Project_Backend\\src\\business\\Message\\validate.js":{"path":"C:\\Users\\abdal\\Graduation_Project_Backend\\src\\business\\Message\\validate.js","statementMap":{"0":{"start":{"line":1,"column":18},"end":{"line":1,"column":38}},"1":{"start":{"line":3,"column":0},"end":{"line":12,"column":1}},"2":{"start":{"line":7,"column":8},"end":{"line":8,"column":44}},"3":{"start":{"line":8,"column":12},"end":{"line":8,"column":44}},"4":{"start":{"line":10,"column":8},"end":{"line":10,"column":22}}},"fnMap":{"0":{"name":"(anonymous_0)","decl":{"start":{"line":5,"column":3},"end":{"line":5,"column":4}},"loc":{"start":{"line":6,"column":4},"end":{"line":11,"column":5}},"line":6}},"branchMap":{"0":{"loc":{"start":{"line":7,"column":8},"end":{"line":8,"column":44}},"type":"if","locations":[{"start":{"line":7,"column":8},"end":{"line":8,"column":44}},{"start":{"line":7,"column":8},"end":{"line":8,"column":44}}],"line":7}},"s":{"0":1,"1":1,"2":2,"3":1,"4":1},"f":{"0":2},"b":{"0":[1,1]},"_coverageSchema":"1a1c01bbd47fc00a2c39e90264f33305004495a9","hash":"4fa0eb9b50d5f0208fd14eb3b30a4c8b96b4960d","contentHash":"42070e6d9f73f41d687f9d46d522b86fe34016b74dd69dff7c1bb00e58c4188d"},"C:\\Users\\abdal\\Graduation_Project_Backend\\src\\business\\ShoppingCart\\ShoppingCart.js":{"path":"C:\\Users\\abdal\\Graduation_Project_Backend\\src\\business\\ShoppingCart\\ShoppingCart.js","statementMap":{"0":{"start":{"line":1,"column":26},"end":{"line":1,"column":68}},"1":{"start":{"line":3,"column":0},"end":{"line":19,"column":1}},"2":{"start":{"line":9,"column":30},"end":{"line":9,"column":68}},"3":{"start":{"line":10,"column":8},"end":{"line":10,"column":29}},"4":{"start":{"line":15,"column":30},"end":{"line":15,"column":80}},"5":{"start":{"line":16,"column":8},"end":{"line":16,"column":29}}},"fnMap":{"0":{"name":"(anonymous_0)","decl":{"start":{"line":5,"column":4},"end":{"line":5,"column":5}},"loc":{"start":{"line":5,"column":18},"end":{"line":5,"column":20}},"line":5},"1":{"name":"(anonymous_1)","decl":{"start":{"line":7,"column":4},"end":{"line":7,"column":5}},"loc":{"start":{"line":8,"column":4},"end":{"line":11,"column":5}},"line":8},"2":{"name":"(anonymous_2)","decl":{"start":{"line":13,"column":4},"end":{"line":13,"column":5}},"loc":{"start":{"line":14,"column":4},"end":{"line":17,"column":5}},"line":14}},"branchMap":{},"s":{"0":1,"1":1,"2":2,"3":2,"4":2,"5":2},"f":{"0":1,"1":2,"2":2},"b":{},"_coverageSchema":"1a1c01bbd47fc00a2c39e90264f33305004495a9","hash":"b076504297ee1f45873b9a515ecb6769d4b0b57c","contentHash":"2a2718c2c3719433c6d695d8ff74654757b45a485a92357db7c5940a9fe66c02"},"C:\\Users\\abdal\\Graduation_Project_Backend\\src\\models\\model\\ShoppingCart.js":{"path":"C:\\Users\\abdal\\Graduation_Project_Backend\\src\\models\\model\\ShoppingCart.js","statementMap":{"0":{"start":{"line":1,"column":17},"end":{"line":1,"column":36}},"1":{"start":{"line":2,"column":27},"end":{"line":2,"column":60}},"2":{"start":{"line":3,"column":25},"end":{"line":3,"column":75}},"3":{"start":{"line":5,"column":0},"end":{"line":68,"column":2}},"4":{"start":{"line":7,"column":23},"end":{"line":7,"column":51}},"5":{"start":{"line":9,"column":8},"end":{"line":15,"column":9}},"6":{"start":{"line":10,"column":12},"end":{"line":10,"column":26}},"7":{"start":{"line":12,"column":12},"end":{"line":14,"column":14}},"8":{"start":{"line":19,"column":23},"end":{"line":21,"column":24}},"9":{"start":{"line":23,"column":8},"end":{"line":29,"column":9}},"10":{"start":{"line":24,"column":12},"end":{"line":24,"column":26}},"11":{"start":{"line":26,"column":12},"end":{"line":28,"column":14}},"12":{"start":{"line":33,"column":23},"end":{"line":35,"column":25}},"13":{"start":{"line":37,"column":8},"end":{"line":43,"column":9}},"14":{"start":{"line":38,"column":12},"end":{"line":38,"column":26}},"15":{"st
[...]
line":49},"4":{"loc":{"start":{"line":58,"column":8},"end":{"line":61,"column":70}},"type":"if","locations":[{"start":{"line":58,"column":8},"end":{"line":61,"column":70}},{"start":{"line":58,"column":8},"end":{"line":61,"column":70}}],"line":58},"5":{"loc":{"start":{"line":70,"column":8},"end":{"line":73,"column":58}},"type":"if","locations":[{"start":{"line":70,"column":8},"end":{"line":73,"column":58}},{"start":{"line":70,"column":8},"end":{"line":73,"column":58}}],"line":70},"6":{"loc":{"start":{"line":79,"column":8},"end":{"line":82,"column":71}},"type":"if","locations":[{"start":{"line":79,"column":8},"end":{"line":82,"column":71}},{"start":{"line":79,"column":8},"end":{"line":82,"column":71}}],"line":79}},"s":{"0":1,"1":1,"2":1,"3":1,"4":0,"5":0,"6":0,"7":0,"8":0,"9":0,"10":0,"11":0,"12":0,"13":0,"14":0,"15":0,"16":0,"17":0,"18":0,"19":0,"20":0,"21":0,"22":0,"23":0,"24":0,"25":0,"26":0,"27":0,"28":0,"29":0,"30":0,"31":0},"f":{"0":0,"1":0,"2":0,"3":0,"4":0,"5":0,"6":0},"b":{"0":[0,0],"1":[0,0],"2":[0,0],"3":[0,0],"4":[0,0],"5":[0,0],"6":[0,0]},"_coverageSchema":"1a1c01bbd47fc00a2c39e90264f33305004495a9","hash":"6161196b3d5de6cbd847eae89ebe3ab3be6cb4c4","contentHash":"dacb227c82a8c3774d00c5fedac1fe51d02f141a48d76a804677a42893c0bc3c"},"C:\\Users\\abdal\\Graduation_Project_Backend\\src\\models\\model\\Offer.js":{"path":"C:\\Users\\abdal\\Graduation_Project_Backend\\src\\models\\model\\Offer.js","statementMap":{"0":{"start":{"line":1,"column":17},"end":{"line":1,"column":36}},"1":{"start":{"line":2,"column":20},"end":{"line":2,"column":46}},"2":{"start":{"line":3,"column":15},"end":{"line":3,"column":32}},"3":{"start":{"line":6,"column":19},"end":{"line":6,"column":55}},"4":{"start":{"line":8,"column":0},"end":{"line":13,"column":2}},"5":{"start":{"line":10,"column":19},"end":{"line":10,"column":29}},"6":{"start":{"line":11,"column":8},"end":{"line":11,"column":44}},"7":{"start":{"line":12,"column":8},"end":{"line":12,"column":20}},"8":{"start":{"line":16,"column":0},"end":{"line":48,"column":1}},"9":{"start":{"line":20,"column":23},"end":{"line":20,"column":71}},"10":{"start":{"line":21,"column":8},"end":{"line":24,"column":59}},"11":{"start":{"line":22,"column":12},"end":{"line":22,"column":26}},"12":{"start":{"line":24,"column":12},"end":{"line":24,"column":59}},"13":{"start":{"line":31,"column":8},"end":{"line":31,"column":49}},"14":{"start":{"line":32,"column":23},"end":{"line":32,"column":153}},"15":{"start":{"line":33,"column":8},"end":{"line":36,"column":55}},"16":{"start":{"line":34,"column":8},"end":{"line":34,"column":22}},"17":{"start":{"line":36,"column":8},"end":{"line":36,"column":55}},"18":{"start":{"line":41,"column":23},"end":{"line":41,"column":67}},"19":{"start":{"line":42,"column":8},"end":{"line":45,"column":55}},"20":{"start":{"line":43,"column":8},"end":{"line":43,"column":22}},"21":{"start":{"line":45,"column":8},"end":{"line":45,"column":55}}},"fnMap":{"0":{"name":"(anonymous_0)","decl":{"start":{"line":8,"column":10},"end":{"line":8,"column":11}},"loc":{"start":{"line":9,"column":0},"end":{"line":13,"column":1}},"line":9},"1":{"name":"(anonymous_1)","decl":{"start":{"line":18,"column":4},"end":{"line":18,"column":5}},"loc":{"start":{"line":19,"column":4},"end":{"line":25,"column":5}},"line":19},"2":{"name":"(anonymous_2)","decl":{"start":{"line":27,"column":4},"end":{"line":27,"column":5}},"loc":{"start":{"line":28,"column":4},"end":{"line":37,"column":5}},"line":28},"3":{"name":"(anonymous_3)","decl":{"start":{"line":39,"column":4},"end":{"line":39,"column":5}},"loc":{"start":{"line":40,"column":4},"end":{"line":46,"column":5}},"line":40}},"branchMap":{"0":{"loc":{"start":{"line":21,"column":8},"end":{"line":24,"column":59}},"type":"if","locations":[{"start":{"line":21,"column":8},"end":{"line":24,"column":59}},{"start":{"line":21,"column":8},"end":{"line":24,"column":59}}],"line":21},"1":{"loc":{"start":{"line":33,"column":8},"end":{"line":36,"column":55}},"type":"if","locations":[{"start":{"line":33,"column":8},"end":{"line":36,"column":55}},{"start":{"line":33,"column":8},"end":{"line":36,"column":55}}],"line":33},"2":{"loc":{"start":{"line":42,"column":8},"end":{"line":45,"column":55}},"type":"if","locations":[{"start":{"line":42,"column":8},"end":{"line":45,"column":55}},{"start":{"line":42,"column":8},"end":{"line":45,"column":55}}],"line":42}},"s":{"0":1,"1":1,"2":1,"3":1,"4":1,"5":0,"6":0,"7":0,"8":1,"9":0,"10":0,"11":0,"12":0,"13":0,"14":0,"15":0,"16":0,"17":0,"18":0,"19":0,"20":0,"21":0},"f":{"0":0,"1":0,"2":0,"3":0},"b":{"0":[0,0],"1":[0,0],"2":[0,0]},"_coverageSchema":"1a1c01bbd47fc00a2c39e90264f33305004495a9","hash":"f0d3c92fa7f2bbfb7c86683283ae0a33cfd33980","contentHash":"1c3a9423c95e80fc191b9bf2a9835739a358f8b8a50f6c8ff124efe2e058297c"},"C:\\Users\\abdal\\Graduation_Project_Backend\\src\\models\\model\\Order.js":{"path":"C:\\Users\\abdal\\Graduation_Project_Backend\\src\\models\\model\\Order.js","statementMap":{"0":{"start":{"line":1,"column":17},"end":{"line":1,"column":36}},"1":{"start":{"line":2,"column":20},"end":{"line":2,"column":46}},"2":{"start":{"line":3,"column":18},"end":{"line":3,"column":54}},"3":{"start":{"line":5,"column":0},"end":{"line":68,"column":2}},"4":{"start":{"line":7,"column":23},"end":{"line":7,"column":47}},"5":{"start":{"line":9,"column":8},"end":{"line":15,"column":9}},"6":{"start":{"line":10,"column":12},"end":{"line":10,"column":26}},"7":{"start":{"line":12,"column":12},"end":{"line":14,"column":14}},"8":{"start":{"line":19,"column":23},"end":{"line":21,"column":17}},"9":{"start":{"line":23,"column":8},"end":{"line":29,"column":9}},"10":{"start":{"line":24,"column":12},"end":{"line":24,"column":26}},"11":{"start":{"line":26,"column":12},"end":{"line":28,"column":14}},"12":{"start":{"line":33,"column":23},"end":{"line":35,"column":10}},"13":{"start":{"line":37,"column":8},"end":{"line":43,"column":9}},"14":{"start":{"line":38,"column":12},"end":{"line":38,"column":26}},"15":{"start":{"line":40,"column":12},"end":{"line":42,"column":14}},"16":{"start":{"line":47,"column":23},"end":{"line":49,"column":10}},"17":{"start":{"line":50,"column":8},"end":{"line":55,"column":14}},"18":{"start":{"line":51,"column":12},"end":{"line":51,"column":26}},"19":{"start":{"line":53,"column":12},"end":{"line":55,"column":14}},"20":{"start":{"line":59,"column":23},"end":{"line":59,"column":48}},"21":{"start":{"line":61,"column":8},"end":{"line":66,"column":14}},"22":{"start":{"line":62,"column":12},"end":{"line":62,"column":26}},"23":{"start":{"line":64,"column":12},"end":{"line":66,"column":14}}},"fnMap":{"0":{"name":"(anonymous_0)","decl":{"start":{"line":6,"column":4},"end":{"line":6,"column":5}},"loc":{"start":{"line":6,"column":23},"end":{"line":16,"column":5}},"line":6},"1":{"name":"(anonymous_1)","decl":{"start":{"line":18,"column":4},"end":{"line":18,"column":5}},"loc":{"start":{"line":18,"column":23},"end":{"line":30,"column":5}},"line":18},"2":{"name":"(anonymous_2)","decl":{"start":{"line":32,"column":4},"end":{"line":32,"column":5}},"loc":{"start":{"line":32,"column":23},"end":{"line":44,"column":5}},"line":32},"3":{"name":"(anonymous_3)","decl":{"start":{"line":46,"column":4},"end":{"line":46,"column":5}},"loc":{"start":{"line":46,"column":20},"end":{"line":56,"column":5}},"line":46},"4":{"name":"(anonymous_4)","decl":{"start":{"line":58,"column":4},"end":{"line":58,"column":5}},"loc":{"start":{"line":58,"column":21},"end":{"line":67,"column":5}},"line":58}},"branchMap":{"0":{"loc":{"start":{"line":9,"column":8},"end":{"line":15,"column":9}},"type":"if","locations":[{"start":{"line":9,"column":8},"end":{"line":15,"column":9}},{"start":{"line":9,"column":8},"end":{"line":15,"column":9}}],"line":9},"1":{"loc":{"start":{"line":23,"column":8},"end":{"line":29,"column":9}},"type":"if","locations":[{"start":{"line":23,"column":8},"end":{"line":29,"column":9}},{"start":{"line":23,"column":8},"end":{"line":29,"column":9}}],"line":23},"2":{"loc":{"start":{"line":37,"column":8},"end":{"line":43,"column":9}},"type":"if","locations":[{"start":{"line":37,"column":8},"end":{"line":43,"column":9}},{"start":{"line":37,"column":8},"end":{"line":43,"column":9}}],"line":37},"3":{"loc":{"start":{"line":50,"column":8},"end":{"line":55,"column":14}},"type":"if","locations":[{"start":{"line":50,"column":8},"end":{"line":55,"column":14}},{"start":{"line":50,"column":8},"end":{"line":55,"column":14}}],"line":50},"4":{"loc":{"start":{"line":61,"column":8},"end":{"line":66,"column":14}},"type":"if","locations":[{"start":{"line":61,"column":8},"end":{"line":66,"column":14}},{"start":{"line":61,"column":8},"end":{"line":66,"column":14}}],"line":61}},"s":{"0":1,"1":1,"2":1,"3":1,"4":0,"5":0,"6":0,"7":0,"8":0,"9":0,"10":0,"11":0,"12":0,"13":0,"14":0,"15":0,"16":0,"17":0,"18":0,"19":0,"20":0,"21":0,"22":0,"23":0},"f":{"0":0,"1":0,"2":0,"3":0,"4":0},"b":{"0":[0,0],"1":[0,0],"2":[0,0],"3":[0,0],"4":[0,0]},"_coverageSchema":"1a1c01bbd47fc00a2c39e90264f33305004495a9","hash":"bcf4e76a1fabda0737cc4169a19f76e413992c24","contentHash":"7c330091338e5b993756c9e1e4748db603a698211a53bac20d659810098a07f7"},"C:\\Users\\abdal\\Graduation_Project_Backend\\src\\models\\model\\Store.js":{"path":"C:\\Users\\abdal\\Graduation_Project_Backend\\src\\models\\model\\Store.js","statementMap":{"0":{"start":{"line":1,"column":17},"end":{"line":1,"column":36}},"1":{"start":{"line":2,"column":20},"end":{"line":2,"column":46}},"2":{"start":{"line":3,"column":18},"end":{"line":3,"column":54}},"3":{"start":{"line":5,"column":0},"end":{"line":160,"column":2}},"4":{"start":{"line":9,"column":23},"end":{"line":9,"column":80}},"5":{"start":{"line":10,"column":8},"end":{"line":13,"column":59}},"6":{"start":{"line":11,"column":12},"end":{"line":11,"column":26}},"7":{"start":{"line":13,"column":12},"end":{"line":13,"column":59}},"8":{"start":{"line":18,"column":22},"end":{"line":18,"column":51}},"9":{"start":{"line":19,"column":8},"end":{"line":19,"column":21}},"10":{"start":{"line":24,"column":22},"end":{"line":24,"column":73}},"11":{"start":{"line":25,"column":8},"end":{"line":25,"column":21}},"12":{"start":{"line":30,"column":22},"end":{"line":30,"column":75}},"13":{"start":{"line":31,"column":8},"end":{"line":31,"column":21}},"14":{"start":{"line":35,"column":8},"end":{"line":35,"column":37}},"15":{"start":{"line":36,"column":8},"end":{"line":36,"column":37}},"16":{"start":{"line":37,"column":23},"end":{"line":37,"column":47}},"17":{"start":{"line":39,"column":8},"end":{"line":45,"column":9}},"18":{"start":{"line":40,"column":12},"end":{"line":40,"column":26}},"19":{"start":{"line":42,"column":12},"end":{"line":44,"column":14}},"20":{"start":{"line":50,"column":23},"end":{"line":50,"column":128}},"21":{"start":{"line":52,"column":8},"end":{"line":58,"column":9}},"22":{"start":{"line":53,"column":12},"end":{"line":53,"column":26}},"23":{"start":{"line":55,"column":12},"end":{"line":57,"column":14}},"24":{"start":{"line":62,"column":8},"end":{"line":62,"column":37}},"25":{"start":{"line":63,"column":8},"end":{"line":63,"column":37}},"26":{"start":{"line":64,"column":23},"end":{"line":68,"column":13}},"27":{"start":{"line":70,"column":8},"end":{"line":76,"column":9}},"28":{"start":{"line":71,"column":12},"end":{"line":71,"column":26}},"29":{"start":{"line":73,"column":12},"end":{"line":75,"column":14}},"30":{"start":{"line":80,"column":23},"end":{"line":82,"column":25}},"31":{"start":{"line":84,"column":8},"end":{"line":90,"column":9}},"32":{"start":{"line":85,"column":12},"end":{"line":85,"column":26}},"33":{"start":{"line":87,"column":12},"end":{"line":89,"column":14}},"34":{"start":{"line":95,"column":23},"end":{"line":95,"column":69}},"35":{"start":{"line":96,"column":8},"end":{"line":99,"column":69}},"36":{"start":{"line":97,"column":12},"end":{"line":97,"column":26}},"37":{"start":{"line":99,"column":12},"end":{"line":99,"column":69}},"38":{"start":{"line":104,"column":23},"end":{"line":104,"column":122}},"39":{"start":{"line":105,"column":8},"end":{"line":108,"column":64}},"40":{"start":{"line":106,"column":12},"end":{"line":106,"column":26}},"41":{"start":{"line":108,"column":12},"end":{"line":108,"column":64}},"42":{"start":{"line":113,"column":23},"end":{"line":113,"column":143}},"43":{"start":{"line":114,"column":8},"end":{"line":117,"column":73}},"44":{"start":{"line":115,"column":12},"end":{"line":115,"column":26}},"45":{"start":{"line":117,"column":12},"end":{"line":117,"column":73}},"46":{"start":{"line":122,"column":23},"end":{"line":122,"column":68}},"47":{"start":{"line":124,"column":8},"end":{"line":127,"column":69}},"48":{"start":{"line":125,"column":12},"end":{"line":125,"column":26}},"49":{"start":{"line":127,"column":12},"end":{"line":127,"column":69}},"50":{"start":{"line":132,"column":23},"end":{"line":132,"column":64}},"51":{"start":{"line":133,"column":8},"end":{"line":136,"column":59}},"52":{"start":{"line":134,"column":12},"end":{"line":134,"column":26}},"53":{"start":{"line":136,"column":12},"end":{"line":136,"column":59}},"54":{"start":{"line":141,"column":23},"end":{"line":141,"column":98}},"55":{"start":{"line":142,"column":8},"end":{"line":147,"column":14}},"56":{"start":{"line":143,"column":12},"end":{"line":143,"column":26}},"57":{"start":{"line":145,"column":12},"end":{"line":147,"column":14}},"58":{"start":{"line":151,"column":23},"end":{"line":151,"column":48}},"59":{"start":{"line":153,"column":8},"end":{"line":158,"column":14}},"60":{"start":{"line":154,"column":12},"end":{"line":154,"column":26}},"61":{"start":{"line":156,"column":12},"end":{"line":158,"column":14}}},"fnMap":{"0":{"name":"(anonymous_0)","decl":{"start":{"line":7,"column":4},"end":{"line":7,"column":5}},"loc":{"start":{"line":8,"column":4},"end":{"line":14,"column":5}},"line":8},"1":{"name":"(anonymous_1)","decl":{"start":{"line":16,"column":4},"end":{"line":16,"column":5}},"loc":{"start":{"line":17,"column":4},"end":{"line":20,"column":5}},"line":17},"2":{"name":"(anonymous_2)","decl":{"start":{"line":22,"column":4},"end":{"line":22,"column":5}},"loc":{"start":{"line":23,"column":4},"end":{"line":26,"column":5}},"line":23},"3":{"name":"(anonymous_3)","decl":{"start":{"line":28,"column":4},"end":{"line":28,"column":5}},"loc":{"start":{"line":29,"column":4},"end":{"line":32,"column":5}},"line":29},"4":{"name":"(anonymous_4)","decl":{"start":{"line":34,"column":4},"end":{"line":34,"column":5}},"loc":{"start":{"line":34,"column":23},"end":{"line":46,"column":5}},"line":34},"5":{"name":"(anonymous_5)","decl":{"start":{"line":48,"column":4},"end":{"line":48,"column":5}},"loc":{"start":{"line":49,"column":4},"end":{"line":59,"column":5}},"line":49},"6":{"name":"(anonymous_6)","decl":{"start":{"line":61,"column":4},"end":{"line":61,"column":5}},"loc":{"start":{"line":61,"column":23},"end":{"line":77,"column":5}},"line":61},"7":{"name":"(anonymous_7)","decl":{"start":{"line":79,"column":4},"end":{"line":79,"column":5}},"loc":{"start":{"line":79,"column":23},"end":{"line":91,"column":5}},"line":79},"8":{"name":"(anonymous_8)","decl":{"start":{"line":93,"column":4},"end":{"line":93,"column":5}},"loc":{"start":{"line":94,"column":4},"end":{"line":100,"column":5}},"line":94},"9":{"name":"(anonymous_9)","decl":{"start":{"line":102,"column":4},"end":{"line":102,"column":5}},"loc":{"start":{"line":103,"column":4},"end":{"line":109,"column":5}},"line":103},"10":{"name":"(anonymous_10)","decl":{"start":{"line":111,"column":4},"end":{"line":111,"column":5}},"loc":{"start":{"line":112,"column":4},"end":{"line":118,"column":5}},"line":112},"11":{"name":"(anonymous_11)","decl":{"start":{"line":120,"column":4},"end":{"line":120,"column":5}},"loc":{"start":{"line":121,"column":4},"end":{"line":129,"column":5}},"line":121},"12":{"name":"(anonymous_12)","decl":{"start":{"line":131,"column":4},"end":{"line":131,"column":5}},"loc":{"start":{"line":131,"column":25},"end":{"line":137,"column":5}},"line":131},"13":{"name":"(anonymous_13)","decl":{"start":{"line":139,"column":4},"end":{"line":139,"column":5}},"loc":{"start":{"line":140,"column":4},"end":{"line":148,"column":5}},"line":140},"14":{"name":"(anonymous_14)","decl":{"start":{"line":150,"column":4},"end":{"line":150,"column":5}},"loc":{"start":{"line":150,"column":21},"end":{"line":159,"column":5}},"line":150}},"branchMap":{"0":{"loc":{"start":{"line":10,"column":8},"end":{"line":13,"column":59}},"type":"if","locations":[{"start":{"line":10,"column":8},"end":{"line":13,"column":59}},{"start":{"line":10,"column":8},"end":{"line":13,"column":59}}],"line":10},"1":{"loc":{"start":{"line":39,"column":8},"end":{"line":45,"column":9}},"type":"if","locations":[{"start":{"line":39,"column":8},"end":{"line":45,"column":9}},{"start":{"line":39,"column":8},"end":{"line":45,"column":9}}],"line":39},"2":{"loc":{"start":{"line":52,"column":8},"end":{"line":58,"column":9}},"type":"if","locations":[{"start":{"line":52,"column":8},"end":{"line":58,"column":9}},{"start":{"line":52,"column":8},"end":{"line":58,"column":9}}],"line":52},"3":{"loc":{"start":{"line":70,"column":8},"end":{"line":76,"column":9}},"type":"if","locations":[{"start":{"line":70,"column":8},"end":{"line":76,"column":9}},{"start":{"line":70,"column":8},"end":{"line":76,"column":9}}],"line":70},"4":{"loc":{"start":{"line":84,"column":8},"end":{"line":90,"column":9}},"type":"if","locations":[{"start":{"line":84,"column":8},"end":{"line":90,"column":9}},{"start":{"line":84,"column":8},"end":{"line":90,"column":9}}],"line":84},"5":{"loc":{"start":{"line":96,"column":8},"end":{"line":99,"column":69}},"type":"if","locations":[{"start":{"line":96,"column":8},"end":{"line":99,"column":69}},{"start":{"line":96,"column":8},"end":{"line":99,"column":69}}],"line":96},"6":{"loc":{"start":{"line":105,"column":8},"end":{"line":108,"column":64}},"type":"if","locations":[{"start":{"line":105,"column":8},"end":{"line":108,"column":64}},{"start":{"line":105,"column":8},"end":{"line":108,"column":64}}],"line":105},"7":{"loc":{"start":{"line":114,"column":8},"end":{"line":117,"column":73}},"type":"if","locations":[{"start":{"line":114,"column":8},"end":{"line":117,"column":73}},{"start":{"line":114,"column":8},"end":{"line":117,"column":73}}],"line":114},"8":{"loc":{"start":{"line":124,"column":8},"end":{"line":127,"column":69}},"type":"if","locations":[{"start":{"line":124,"column":8},"end":{"line":127,"column":69}},{"start":{"line":124,"column":8},"end":{"line":127,"column":69}}],"line":124},"9":{"loc":{"start":{"line":133,"column":8},"end":{"line":136,"column":59}},"type":"if","locations":[{"start":{"line":133,"column":8},"end":{"line":136,"column":59}},{"start":{"line":133,"column":8},"end":{"line":136,"column":59}}],"line":133},"10":{"loc":{"start":{"line":142,"column":8},"end":{"line":147,"column":14}},"type":"if","locations":[{"start":{"line":142,"column":8},"end":{"line":147,"column":14}},{"start":{"line":142,"column":8},"end":{"line":147,"column":14}}],"line":142},"11":{"loc":{"start":{"line":153,"column":8},"end":{"line":158,"column":14}},"type":"if","locations":[{"start":{"line":153,"column":8},"end":{"line":158,"column":14}},{"start":{"line":153,"column":8},"end":{"line":158,"column":14}}],"line":153}},"s":{"0":1,"1":1,"2":1,"3":1,"4":0,"5":0,"6":0,"7":0,"8":0,"9":0,"10":0,"11":0,"12":0,"13":0,"14":0,"15":0,"16":0,"17":0,"18":0,"19":0,"20":0,"21":0,"22":0,"23":0,"24":0,"25":0,"26":0,"27":0,"28":0,"29":0,"30":0,"31":0,"32":0,"33":0,"34":0,"35":0,"36":0,"37":0,"38":0,"39":0,"40":0,"41":0,"42":0,"43":0,"44":0,"45":0,"46":0,"47":0,"48":0,"49":0,"50":0,"51":0,"52":0,"53":0,"54":0,"55":0,"56":0,"57":0,"58":0,"59":0,"60":0,"61":0},"f":{"0":0,"1":0,"2":0,"3":0,"4":0,"5":0,"6":0,"7":0,"8":0,"9":0,"10":0,"11":0,"12":0,"13":0,"14":0},"b":{"0":[0,0],"1":[0,0],"2":[0,0],"3":[0,0],"4":[0,0],"5":[0,0],"6":[0,0],"7":[0,0],"8":[0,0],"9":[0,0],"10":[0,0],"11":[0,0]},"_coverageSchema":"1a1c01bbd47fc00a2c39e90264f33305004495a9","hash":"2a7d7eab2a0b814b0f511d3f2aae98b453da2b4b","contentHash":"d081893f10352929b8fef5d4099918dd9353d11dd0b5ba1d9768c40d99475e2a"}}